Using pre-set license
Built from '2021.3/staging' branch; Version is '2021.3.25f1 (68ef2c4f8861) revision 6876972'; Using compiler version '192829333'; Build Type 'Release'
OS: 'Windows 10  (10.0.19045) 64bit Professional' Language: 'ko' Physical Memory: 32688 MB
BatchMode: 1, IsHumanControllingUs: 0, StartBugReporterOnCrash: 0, Is64bit: 1, IsPro: 1

COMMAND LINE ARGUMENTS:
D:\unity game\2021.3.25f1\Editor\Unity.exe
-adb2
-batchMode
-noUpm
-name
AssetImportWorker1
-projectPath
D:/GWAN/GWAN
-logFile
Logs/AssetImportWorker1.log
-srvPort
50837
Successfully changed project path to: D:/GWAN/GWAN
D:/GWAN/GWAN
[UnityMemory] Configuration Parameters - Can be set up in boot.config
    "memorysetup-bucket-allocator-granularity=16"
    "memorysetup-bucket-allocator-bucket-count=8"
    "memorysetup-bucket-allocator-block-size=33554432"
    "memorysetup-bucket-allocator-block-count=8"
    "memorysetup-main-allocator-block-size=16777216"
    "memorysetup-thread-allocator-block-size=16777216"
    "memorysetup-gfx-main-allocator-block-size=16777216"
    "memorysetup-gfx-thread-allocator-block-size=16777216"
    "memorysetup-cache-allocator-block-size=4194304"
    "memorysetup-typetree-allocator-block-size=2097152"
    "memorysetup-profiler-bucket-allocator-granularity=16"
    "memorysetup-profiler-bucket-allocator-bucket-count=8"
    "memorysetup-profiler-bucket-allocator-block-size=33554432"
    "memorysetup-profiler-bucket-allocator-block-count=8"
    "memorysetup-profiler-allocator-block-size=16777216"
    "memorysetup-profiler-editor-allocator-block-size=1048576"
    "memorysetup-temp-allocator-size-main=16777216"
    "memorysetup-job-temp-allocator-block-size=2097152"
    "memorysetup-job-temp-allocator-block-size-background=1048576"
    "memorysetup-job-temp-allocator-reduction-small-platforms=262144"
    "memorysetup-temp-allocator-size-background-worker=32768"
    "memorysetup-temp-allocator-size-job-worker=262144"
    "memorysetup-temp-allocator-size-preload-manager=33554432"
    "memorysetup-temp-allocator-size-nav-mesh-worker=65536"
    "memorysetup-temp-allocator-size-audio-worker=65536"
    "memorysetup-temp-allocator-size-cloud-worker=32768"
    "memorysetup-temp-allocator-size-gi-baking-worker=262144"
    "memorysetup-temp-allocator-size-gfx=262144"
Player connection [32632] Host "[IP] 210.204.200.250 [Port] 0 [Flags] 2 [Guid] 2485817386 [EditorId] 2485817386 [Version] 1048832 [Id] WindowsEditor(7,PC) [Debug] 1 [PackageName] WindowsEditor [ProjectName] Editor" joined multi-casting on [225.0.0.222:54997]...

Player connection [32632] Host "[IP] 210.204.200.250 [Port] 0 [Flags] 2 [Guid] 2485817386 [EditorId] 2485817386 [Version] 1048832 [Id] WindowsEditor(7,PC) [Debug] 1 [PackageName] WindowsEditor [ProjectName] Editor" joined alternative multi-casting on [225.0.0.222:34997]...

Refreshing native plugins compatible for Editor in 62.19 ms, found 3 plugins.
Preloading 0 native plugins for Editor in 0.00 ms.
Initialize engine version: 2021.3.25f1 (68ef2c4f8861)
[Subsystems] Discovering subsystems at path D:/unity game/2021.3.25f1/Editor/Data/Resources/UnitySubsystems
[Subsystems] Discovering subsystems at path D:/GWAN/GWAN/Assets
GfxDevice: creating device client; threaded=0; jobified=0
Direct3D:
    Version:  Direct3D 11.0 [level 11.1]
    Renderer: NVIDIA GeForce GTX 1080 Ti (ID=0x1b06)
    Vendor:   NVIDIA
    VRAM:     11120 MB
    Driver:   31.0.15.3667
Initialize mono
Mono path[0] = 'D:/unity game/2021.3.25f1/Editor/Data/Managed'
Mono path[1] = 'D:/unity game/2021.3.25f1/Editor/Data/MonoBleedingEdge/lib/mono/unityjit-win32'
Mono config path = 'D:/unity game/2021.3.25f1/Editor/Data/MonoBleedingEdge/etc'
Using monoOptions --debugger-agent=transport=dt_socket,embedding=1,server=y,suspend=n,address=127.0.0.1:56208
Begin MonoManager ReloadAssembly
Registering precompiled unity dll's ...
Register platform support module: D:/unity game/2021.3.25f1/Editor/Data/PlaybackEngines/WindowsStandaloneSupport/UnityEditor.WindowsStandalone.Extensions.dll
Registered in 0.003111 seconds.
Native extension for WindowsStandalone target not found
Refreshing native plugins compatible for Editor in 58.39 ms, found 3 plugins.
Preloading 0 native plugins for Editor in 0.00 ms.
Mono: successfully reloaded assembly
- Completed reload, in  0.501 seconds
Domain Reload Profiling:
	ReloadAssembly (502ms)
		BeginReloadAssembly (89ms)
			ExecutionOrderSort (0ms)
			DisableScriptedObjects (0ms)
			BackupInstance (0ms)
			ReleaseScriptingObjects (0ms)
			CreateAndSetChildDomain (1ms)
		EndReloadAssembly (337ms)
			LoadAssemblies (88ms)
			RebuildTransferFunctionScriptingTraits (0ms)
			SetupTypeCache (76ms)
			ReleaseScriptCaches (0ms)
			RebuildScriptCaches (20ms)
			SetupLoadedEditorAssemblies (204ms)
				LogAssemblyErrors (0ms)
				InitializePlatformSupportModulesInManaged (6ms)
				SetLoadedEditorAssemblies (0ms)
				RefreshPlugins (58ms)
				BeforeProcessingInitializeOnLoad (1ms)
				ProcessInitializeOnLoadAttributes (96ms)
				ProcessInitializeOnLoadMethodAttributes (42ms)
				AfterProcessingInitializeOnLoad (0ms)
				EditorAssembliesLoaded (0ms)
			ExecutionOrderSort2 (0ms)
			AwakeInstancesAfterBackupRestoration (0ms)
Platform modules already initialized, skipping
Registering precompiled user dll's ...
Registered in 0.006335 seconds.
Begin MonoManager ReloadAssembly
Symbol file LoadedFromMemory doesn't match image D:\GWAN\GWAN\Library\PackageCache\com.unity.visualscripting@1.8.0\Editor\VisualScripting.Core\Dependencies\YamlDotNet\Unity.VisualScripting.YamlDotNet.dll
Symbol file LoadedFromMemory doesn't match image D:\GWAN\GWAN\Library\PackageCache\com.unity.visualscripting@1.8.0\Editor\VisualScripting.Core\Dependencies\DotNetZip\Unity.VisualScripting.IonicZip.dll
Native extension for WindowsStandalone target not found
Refreshing native plugins compatible for Editor in 0.63 ms, found 3 plugins.
Preloading 0 native plugins for Editor in 0.00 ms.
Mono: successfully reloaded assembly
- Completed reload, in  0.787 seconds
Domain Reload Profiling:
	ReloadAssembly (788ms)
		BeginReloadAssembly (113ms)
			ExecutionOrderSort (0ms)
			DisableScriptedObjects (5ms)
			BackupInstance (0ms)
			ReleaseScriptingObjects (0ms)
			CreateAndSetChildDomain (19ms)
		EndReloadAssembly (593ms)
			LoadAssemblies (90ms)
			RebuildTransferFunctionScriptingTraits (0ms)
			SetupTypeCache (183ms)
			ReleaseScriptCaches (1ms)
			RebuildScriptCaches (36ms)
			SetupLoadedEditorAssemblies (272ms)
				LogAssemblyErrors (0ms)
				InitializePlatformSupportModulesInManaged (4ms)
				SetLoadedEditorAssemblies (0ms)
				RefreshPlugins (1ms)
				BeforeProcessingInitializeOnLoad (59ms)
				ProcessInitializeOnLoadAttributes (189ms)
				ProcessInitializeOnLoadMethodAttributes (15ms)
				AfterProcessingInitializeOnLoad (4ms)
				EditorAssembliesLoaded (0ms)
			ExecutionOrderSort2 (0ms)
			AwakeInstancesAfterBackupRestoration (13ms)
Platform modules already initialized, skipping
========================================================================
Worker process is ready to serve import requests
Launched and connected shader compiler UnityShaderCompiler.exe after 0.06 seconds
Refreshing native plugins compatible for Editor in 0.62 ms, found 3 plugins.
Preloading 0 native plugins for Editor in 0.00 ms.
Unloading 3077 Unused Serialized files (Serialized files now loaded: 0)
Unloading 24 unused Assets / (113.5 KB). Loaded Objects now: 3538.
Memory consumption went from 114.7 MB to 114.6 MB.
Total: 2.573700 ms (FindLiveObjects: 0.284200 ms CreateObjectMapping: 0.070200 ms MarkObjects: 2.118500 ms  DeleteObjects: 0.100200 ms)

AssetImportParameters requested are different than current active one (requested -> active):
  custom:video-decoder-ogg-theora: a1e56fd34408186e4bbccfd4996cb3dc -> 
  custom:container-muxer-webm: aa71ff27fc2769a1b78a27578f13a17b -> 
  custom:container-demuxer-webm: 4f35f7cbe854078d1ac9338744f61a02 -> 
  custom:video-encoder-webm-vp8: eb34c28f22e8b96e1ab97ce403110664 -> 
  custom:audio-encoder-webm-vorbis: bf7c407c2cedff20999df2af8eb42d56 -> 
  custom:framework-win-MediaFoundation: 216162199b28c13a410421893ffa2e32 -> 
  custom:container-demuxer-ogg: 62fdf1f143b41e24485cea50d1cbac27 -> 
  custom:video-decoder-webm-vp8: 9c59270c3fd7afecdb556c50c9e8de78 -> 
  custom:audio-decoder-ogg-vorbis: bf7c407c2cedff20999df2af8eb42d56 -> 
========================================================================
Received Import Request.
  Time since last request: 35423.052368 seconds.
  path: Assets/Script/Card/Card/button_icon_card_front(반전_1_6성).png
  artifactKey: Guid(ea7ebb5faf84993408d5e1bcd0541b84) Importer(815301076,1909f56bfc062723c751e8b465ee728b)
Start importing Assets/Script/Card/Card/button_icon_card_front(반전_1_6성).png using Guid(ea7ebb5faf84993408d5e1bcd0541b84) Importer(815301076,1909f56bfc062723c751e8b465ee728b)  -> (artifact id: '6edffd451dfd0041c64dda8342162d4d') in 0.134138 seconds 
========================================================================
Received Import Request.
  Time since last request: 0.000023 seconds.
  path: Assets/Script/Card/Card/card_elements_star.png
  artifactKey: Guid(0de8049132b94714ca4035814f0d3d1c) Importer(815301076,1909f56bfc062723c751e8b465ee728b)
Start importing Assets/Script/Card/Card/card_elements_star.png using Guid(0de8049132b94714ca4035814f0d3d1c) Importer(815301076,1909f56bfc062723c751e8b465ee728b)  -> (artifact id: 'aea99015e353afe02f85a26bf57405f0') in 0.030104 seconds 
========================================================================
Received Import Request.
  Time since last request: 0.000028 seconds.
  path: Assets/Script/Card/Card/button_icon_card_front(반전_4성).png
  artifactKey: Guid(d2a08c2165415e1478e8a16754cbcfd0) Importer(815301076,1909f56bfc062723c751e8b465ee728b)
Start importing Assets/Script/Card/Card/button_icon_card_front(반전_4성).png using Guid(d2a08c2165415e1478e8a16754cbcfd0) Importer(815301076,1909f56bfc062723c751e8b465ee728b)  -> (artifact id: '3cd2679c3c232a0c821a74f97145a9a1') in 0.013400 seconds 
========================================================================
Received Import Request.
  Time since last request: 0.000025 seconds.
  path: Assets/Script/Card/Card/card_elements_role_quest.png
  artifactKey: Guid(7e7fc64dd0bc3714a84f44ceeb012ae3) Importer(815301076,1909f56bfc062723c751e8b465ee728b)
Start importing Assets/Script/Card/Card/card_elements_role_quest.png using Guid(7e7fc64dd0bc3714a84f44ceeb012ae3) Importer(815301076,1909f56bfc062723c751e8b465ee728b)  -> (artifact id: '546b43c1e2ce6f4c2b9dd9fc1c2718b0') in 0.012104 seconds 
========================================================================
Received Import Request.
  Time since last request: 0.000019 seconds.
  path: Assets/Script/Card/Card/button_icon_card_front(반전_5성).png
  artifactKey: Guid(17f81ee5ddc7a304a934846c83296136) Importer(815301076,1909f56bfc062723c751e8b465ee728b)
Start importing Assets/Script/Card/Card/button_icon_card_front(반전_5성).png using Guid(17f81ee5ddc7a304a934846c83296136) Importer(815301076,1909f56bfc062723c751e8b465ee728b)  -> (artifact id: '5c08e9e954aa8a4eeb3e25ad60be0f44') in 0.013315 seconds 
========================================================================
Received Import Request.
  Time since last request: 0.000021 seconds.
  path: Assets/Script/Card/Card/button_icon_card_front(반전_2_3성).png
  artifactKey: Guid(74df1204f0d58c24c9321f4f8ece3a31) Importer(815301076,1909f56bfc062723c751e8b465ee728b)
Start importing Assets/Script/Card/Card/button_icon_card_front(반전_2_3성).png using Guid(74df1204f0d58c24c9321f4f8ece3a31) Importer(815301076,1909f56bfc062723c751e8b465ee728b)  -> (artifact id: '2193b1a2643778d26eebf3b907137b13') in 0.012258 seconds 
========================================================================
Received Import Request.
  Time since last request: 23.566581 seconds.
  path: Assets/Script/Card/Card/button_icon_card_back.png
  artifactKey: Guid(306525040a1341f408770764eb6785d6) Importer(815301076,1909f56bfc062723c751e8b465ee728b)
Start importing Assets/Script/Card/Card/button_icon_card_back.png using Guid(306525040a1341f408770764eb6785d6) Importer(815301076,1909f56bfc062723c751e8b465ee728b)  -> (artifact id: '85c2bccf2e3a607c7a42f9149831d093') in 0.067630 seconds 
========================================================================
Received Import Request.
  Time since last request: 0.000020 seconds.
  path: Assets/Script/Card/Card/card_elements_number_area.png
  artifactKey: Guid(6b08ed1344f985b4c90bf6a997389625) Importer(815301076,1909f56bfc062723c751e8b465ee728b)
Start importing Assets/Script/Card/Card/card_elements_number_area.png using Guid(6b08ed1344f985b4c90bf6a997389625) Importer(815301076,1909f56bfc062723c751e8b465ee728b)  -> (artifact id: 'a1147dfa80513c6dd738fd0c817d5d4d') in 0.022480 seconds 
========================================================================
Received Import Request.
  Time since last request: 0.000025 seconds.
  path: Assets/Script/Card/Card/button_icon_card_front(반전_4성).png
  artifactKey: Guid(d2a08c2165415e1478e8a16754cbcfd0) Importer(815301076,1909f56bfc062723c751e8b465ee728b)
Start importing Assets/Script/Card/Card/button_icon_card_front(반전_4성).png using Guid(d2a08c2165415e1478e8a16754cbcfd0) Importer(815301076,1909f56bfc062723c751e8b465ee728b)  -> (artifact id: 'd42b771b9fe30ce5c85727677266c064') in 0.018389 seconds 
========================================================================
Received Import Request.
  Time since last request: 0.000023 seconds.
  path: Assets/Script/Card/Card/button_icon_card_front(순전_5성).png
  artifactKey: Guid(00beaa385b6db7e43a77e8541929bca3) Importer(815301076,1909f56bfc062723c751e8b465ee728b)
Start importing Assets/Script/Card/Card/button_icon_card_front(순전_5성).png using Guid(00beaa385b6db7e43a77e8541929bca3) Importer(815301076,1909f56bfc062723c751e8b465ee728b)  -> (artifact id: '12e304d33a62848f26f2916c71bd7037') in 0.023312 seconds 
========================================================================
Received Import Request.
  Time since last request: 0.000025 seconds.
  path: Assets/Script/Card/Card/card_elements_role_weapon.png
  artifactKey: Guid(5b1a0897a3a551a4899791340cc9b5d0) Importer(815301076,1909f56bfc062723c751e8b465ee728b)
Start importing Assets/Script/Card/Card/card_elements_role_weapon.png using Guid(5b1a0897a3a551a4899791340cc9b5d0) Importer(815301076,1909f56bfc062723c751e8b465ee728b)  -> (artifact id: '130dd8b7a5bc314f9e59a08f662243f3') in 0.024251 seconds 
========================================================================
Received Import Request.
  Time since last request: 0.000019 seconds.
  path: Assets/Script/Card/Card/button_icon_card_front(반전_2_3성).png
  artifactKey: Guid(74df1204f0d58c24c9321f4f8ece3a31) Importer(815301076,1909f56bfc062723c751e8b465ee728b)
Start importing Assets/Script/Card/Card/button_icon_card_front(반전_2_3성).png using Guid(74df1204f0d58c24c9321f4f8ece3a31) Importer(815301076,1909f56bfc062723c751e8b465ee728b)  -> (artifact id: 'a55f877bd001145b22a63c36cc867c84') in 0.036306 seconds 
========================================================================
Received Import Request.
  Time since last request: 0.000019 seconds.
  path: Assets/Script/Card/Card/card_elements_role_spell.png
  artifactKey: Guid(c3aa9f9ac092a1143a7f137cecd1edba) Importer(815301076,1909f56bfc062723c751e8b465ee728b)
Start importing Assets/Script/Card/Card/card_elements_role_spell.png using Guid(c3aa9f9ac092a1143a7f137cecd1edba) Importer(815301076,1909f56bfc062723c751e8b465ee728b)  -> (artifact id: '734cd9f054964abbda02c7fb736ef526') in 0.021398 seconds 
========================================================================
Received Prepare
Registering precompiled user dll's ...
Registered in 0.006223 seconds.
Begin MonoManager ReloadAssembly
Symbol file LoadedFromMemory doesn't match image D:\GWAN\GWAN\Library\PackageCache\com.unity.visualscripting@1.8.0\Editor\VisualScripting.Core\Dependencies\YamlDotNet\Unity.VisualScripting.YamlDotNet.dll
Symbol file LoadedFromMemory doesn't match image D:\GWAN\GWAN\Library\PackageCache\com.unity.visualscripting@1.8.0\Editor\VisualScripting.Core\Dependencies\DotNetZip\Unity.VisualScripting.IonicZip.dll
Native extension for WindowsStandalone target not found
Refreshing native plugins compatible for Editor in 0.61 ms, found 3 plugins.
Preloading 0 native plugins for Editor in 0.00 ms.
Mono: successfully reloaded assembly
- Completed reload, in  0.737 seconds
Domain Reload Profiling:
	ReloadAssembly (738ms)
		BeginReloadAssembly (143ms)
			ExecutionOrderSort (0ms)
			DisableScriptedObjects (4ms)
			BackupInstance (0ms)
			ReleaseScriptingObjects (0ms)
			CreateAndSetChildDomain (34ms)
		EndReloadAssembly (519ms)
			LoadAssemblies (100ms)
			RebuildTransferFunctionScriptingTraits (0ms)
			SetupTypeCache (182ms)
			ReleaseScriptCaches (1ms)
			RebuildScriptCaches (27ms)
			SetupLoadedEditorAssemblies (210ms)
				LogAssemblyErrors (0ms)
				InitializePlatformSupportModulesInManaged (3ms)
				SetLoadedEditorAssemblies (0ms)
				RefreshPlugins (1ms)
				BeforeProcessingInitializeOnLoad (43ms)
				ProcessInitializeOnLoadAttributes (144ms)
				ProcessInitializeOnLoadMethodAttributes (15ms)
				AfterProcessingInitializeOnLoad (4ms)
				EditorAssembliesLoaded (0ms)
			ExecutionOrderSort2 (0ms)
			AwakeInstancesAfterBackupRestoration (11ms)
Platform modules already initialized, skipping
Refreshing native plugins compatible for Editor in 1.63 ms, found 3 plugins.
Preloading 0 native plugins for Editor in 0.00 ms.
Unloading 3059 Unused Serialized files (Serialized files now loaded: 0)
Unloading 17 unused Assets / (80.0 KB). Loaded Objects now: 3548.
Memory consumption went from 117.6 MB to 117.5 MB.
Total: 2.250400 ms (FindLiveObjects: 0.207000 ms CreateObjectMapping: 0.065100 ms MarkObjects: 1.909700 ms  DeleteObjects: 0.067600 ms)

AssetImportParameters requested are different than current active one (requested -> active):
  custom:video-decoder-ogg-theora: a1e56fd34408186e4bbccfd4996cb3dc -> 
  custom:container-muxer-webm: aa71ff27fc2769a1b78a27578f13a17b -> 
  custom:container-demuxer-webm: 4f35f7cbe854078d1ac9338744f61a02 -> 
  custom:video-encoder-webm-vp8: eb34c28f22e8b96e1ab97ce403110664 -> 
  custom:audio-encoder-webm-vorbis: bf7c407c2cedff20999df2af8eb42d56 -> 
  custom:framework-win-MediaFoundation: 216162199b28c13a410421893ffa2e32 -> 
  custom:container-demuxer-ogg: 62fdf1f143b41e24485cea50d1cbac27 -> 
  custom:video-decoder-webm-vp8: 9c59270c3fd7afecdb556c50c9e8de78 -> 
  custom:audio-decoder-ogg-vorbis: bf7c407c2cedff20999df2af8eb42d56 -> 
========================================================================
Received Import Request.
  Time since last request: 1163.668727 seconds.
  path: Assets/Font/Nobile-BoldItalic.ttf
  artifactKey: Guid(8e8569c9f776e8848a92d499986b5dd6) Importer(815301076,1909f56bfc062723c751e8b465ee728b)
Start importing Assets/Font/Nobile-BoldItalic.ttf using Guid(8e8569c9f776e8848a92d499986b5dd6) Importer(815301076,1909f56bfc062723c751e8b465ee728b)  -> (artifact id: 'a567c5751ed988ac13e8b7db83a7c567') in 0.114078 seconds 
========================================================================
Received Import Request.
  Time since last request: 0.000026 seconds.
  path: Assets/Font/Nobile-Regular.ttf
  artifactKey: Guid(1d4ff7e3c2e35f94b99332471a4ce25d) Importer(815301076,1909f56bfc062723c751e8b465ee728b)
Start importing Assets/Font/Nobile-Regular.ttf using Guid(1d4ff7e3c2e35f94b99332471a4ce25d) Importer(815301076,1909f56bfc062723c751e8b465ee728b)  -> (artifact id: 'a58e3b0d882e5f8a87980c530efa73ac') in 0.013802 seconds 
========================================================================
Received Import Request.
  Time since last request: 0.000030 seconds.
  path: Assets/Font/Nobile-Italic.ttf
  artifactKey: Guid(91a7841e72d0e68459251270ee33b275) Importer(815301076,1909f56bfc062723c751e8b465ee728b)
Start importing Assets/Font/Nobile-Italic.ttf using Guid(91a7841e72d0e68459251270ee33b275) Importer(815301076,1909f56bfc062723c751e8b465ee728b)  -> (artifact id: '3bd347f42cdd5180f3d5f0692882b058') in 0.027418 seconds 
========================================================================
Received Import Request.
  Time since last request: 53.987887 seconds.
  path: Assets/Font/Japan/HanaMinB.ttf
  artifactKey: Guid(6f45bd0c3adb53e4b85bdf3d76880400) Importer(815301076,1909f56bfc062723c751e8b465ee728b)
Start importing Assets/Font/Japan/HanaMinB.ttf using Guid(6f45bd0c3adb53e4b85bdf3d76880400) Importer(815301076,1909f56bfc062723c751e8b465ee728b)  -> (artifact id: '5c5fa100ae35edf67a2b9ea3f199f2bb') in 0.073206 seconds 
========================================================================
Received Import Request.
  Time since last request: 473.958478 seconds.
  path: Assets/Font/KR/TextFont/HanaMinB.ttf
  artifactKey: Guid(8baa72c07ae53f340925c121387fc060) Importer(815301076,1909f56bfc062723c751e8b465ee728b)
Start importing Assets/Font/KR/TextFont/HanaMinB.ttf using Guid(8baa72c07ae53f340925c121387fc060) Importer(815301076,1909f56bfc062723c751e8b465ee728b)  -> (artifact id: 'f40b936dc3a269175d52e20e01ab837a') in 0.032058 seconds 
========================================================================
Received Import Request.
  Time since last request: 4601.563382 seconds.
  path: Assets/Font/Japan/Text & Materials/HanaMinB SDF.asset
  artifactKey: Guid(678d7679017983543a3f8bfaa4ac0e75) Importer(815301076,1909f56bfc062723c751e8b465ee728b)
Start importing Assets/Font/Japan/Text & Materials/HanaMinB SDF.asset using Guid(678d7679017983543a3f8bfaa4ac0e75) Importer(815301076,1909f56bfc062723c751e8b465ee728b)  -> (artifact id: '8237303d24a9cb5af6a7d4b069a8a68d') in 0.223941 seconds 
========================================================================
Received Prepare
Registering precompiled user dll's ...
Registered in 0.005618 seconds.
Begin MonoManager ReloadAssembly
Symbol file LoadedFromMemory doesn't match image D:\GWAN\GWAN\Library\PackageCache\com.unity.visualscripting@1.8.0\Editor\VisualScripting.Core\Dependencies\YamlDotNet\Unity.VisualScripting.YamlDotNet.dll
Symbol file LoadedFromMemory doesn't match image D:\GWAN\GWAN\Library\PackageCache\com.unity.visualscripting@1.8.0\Editor\VisualScripting.Core\Dependencies\DotNetZip\Unity.VisualScripting.IonicZip.dll
Native extension for WindowsStandalone target not found
Refreshing native plugins compatible for Editor in 0.62 ms, found 3 plugins.
Preloading 0 native plugins for Editor in 0.00 ms.
Mono: successfully reloaded assembly
- Completed reload, in  0.724 seconds
Domain Reload Profiling:
	ReloadAssembly (724ms)
		BeginReloadAssembly (145ms)
			ExecutionOrderSort (0ms)
			DisableScriptedObjects (4ms)
			BackupInstance (0ms)
			ReleaseScriptingObjects (0ms)
			CreateAndSetChildDomain (33ms)
		EndReloadAssembly (509ms)
			LoadAssemblies (104ms)
			RebuildTransferFunctionScriptingTraits (0ms)
			SetupTypeCache (177ms)
			ReleaseScriptCaches (1ms)
			RebuildScriptCaches (26ms)
			SetupLoadedEditorAssemblies (207ms)
				LogAssemblyErrors (0ms)
				InitializePlatformSupportModulesInManaged (4ms)
				SetLoadedEditorAssemblies (0ms)
				RefreshPlugins (1ms)
				BeforeProcessingInitializeOnLoad (43ms)
				ProcessInitializeOnLoadAttributes (140ms)
				ProcessInitializeOnLoadMethodAttributes (16ms)
				AfterProcessingInitializeOnLoad (3ms)
				EditorAssembliesLoaded (0ms)
			ExecutionOrderSort2 (0ms)
			AwakeInstancesAfterBackupRestoration (10ms)
Platform modules already initialized, skipping
Refreshing native plugins compatible for Editor in 1.56 ms, found 3 plugins.
Preloading 0 native plugins for Editor in 0.00 ms.
Unloading 3056 Unused Serialized files (Serialized files now loaded: 0)
Unloading 20 unused Assets / (80.1 KB). Loaded Objects now: 3590.
Memory consumption went from 117.9 MB to 117.8 MB.
Total: 2.346800 ms (FindLiveObjects: 0.194300 ms CreateObjectMapping: 0.059000 ms MarkObjects: 2.014300 ms  DeleteObjects: 0.078600 ms)

AssetImportParameters requested are different than current active one (requested -> active):
  custom:video-decoder-ogg-theora: a1e56fd34408186e4bbccfd4996cb3dc -> 
  custom:container-muxer-webm: aa71ff27fc2769a1b78a27578f13a17b -> 
  custom:container-demuxer-webm: 4f35f7cbe854078d1ac9338744f61a02 -> 
  custom:video-encoder-webm-vp8: eb34c28f22e8b96e1ab97ce403110664 -> 
  custom:audio-encoder-webm-vorbis: bf7c407c2cedff20999df2af8eb42d56 -> 
  custom:framework-win-MediaFoundation: 216162199b28c13a410421893ffa2e32 -> 
  custom:container-demuxer-ogg: 62fdf1f143b41e24485cea50d1cbac27 -> 
  custom:video-decoder-webm-vp8: 9c59270c3fd7afecdb556c50c9e8de78 -> 
  custom:audio-decoder-ogg-vorbis: bf7c407c2cedff20999df2af8eb42d56 -> 
========================================================================
Received Prepare
Registering precompiled user dll's ...
Registered in 0.009016 seconds.
Begin MonoManager ReloadAssembly
Symbol file LoadedFromMemory doesn't match image D:\GWAN\GWAN\Library\PackageCache\com.unity.visualscripting@1.8.0\Editor\VisualScripting.Core\Dependencies\YamlDotNet\Unity.VisualScripting.YamlDotNet.dll
Symbol file LoadedFromMemory doesn't match image D:\GWAN\GWAN\Library\PackageCache\com.unity.visualscripting@1.8.0\Editor\VisualScripting.Core\Dependencies\DotNetZip\Unity.VisualScripting.IonicZip.dll
Native extension for WindowsStandalone target not found
Refreshing native plugins compatible for Editor in 0.67 ms, found 3 plugins.
Preloading 0 native plugins for Editor in 0.00 ms.
Mono: successfully reloaded assembly
- Completed reload, in  0.899 seconds
Domain Reload Profiling:
	ReloadAssembly (899ms)
		BeginReloadAssembly (195ms)
			ExecutionOrderSort (0ms)
			DisableScriptedObjects (6ms)
			BackupInstance (0ms)
			ReleaseScriptingObjects (0ms)
			CreateAndSetChildDomain (42ms)
		EndReloadAssembly (591ms)
			LoadAssemblies (144ms)
			RebuildTransferFunctionScriptingTraits (0ms)
			SetupTypeCache (201ms)
			ReleaseScriptCaches (2ms)
			RebuildScriptCaches (29ms)
			SetupLoadedEditorAssemblies (246ms)
				LogAssemblyErrors (0ms)
				InitializePlatformSupportModulesInManaged (4ms)
				SetLoadedEditorAssemblies (0ms)
				RefreshPlugins (1ms)
				BeforeProcessingInitializeOnLoad (48ms)
				ProcessInitializeOnLoadAttributes (174ms)
				ProcessInitializeOnLoadMethodAttributes (15ms)
				AfterProcessingInitializeOnLoad (4ms)
				EditorAssembliesLoaded (0ms)
			ExecutionOrderSort2 (0ms)
			AwakeInstancesAfterBackupRestoration (11ms)
Platform modules already initialized, skipping
Refreshing native plugins compatible for Editor in 1.81 ms, found 3 plugins.
Preloading 0 native plugins for Editor in 0.00 ms.
Unloading 3067 Unused Serialized files (Serialized files now loaded: 0)
Unloading 23 unused Assets / (6.2 MB). Loaded Objects now: 3598.
Memory consumption went from 125.2 MB to 119.0 MB.
Total: 3.417900 ms (FindLiveObjects: 0.214400 ms CreateObjectMapping: 0.100100 ms MarkObjects: 2.251300 ms  DeleteObjects: 0.851600 ms)

AssetImportParameters requested are different than current active one (requested -> active):
  custom:video-decoder-ogg-theora: a1e56fd34408186e4bbccfd4996cb3dc -> 
  custom:container-muxer-webm: aa71ff27fc2769a1b78a27578f13a17b -> 
  custom:container-demuxer-webm: 4f35f7cbe854078d1ac9338744f61a02 -> 
  custom:video-encoder-webm-vp8: eb34c28f22e8b96e1ab97ce403110664 -> 
  custom:audio-encoder-webm-vorbis: bf7c407c2cedff20999df2af8eb42d56 -> 
  custom:framework-win-MediaFoundation: 216162199b28c13a410421893ffa2e32 -> 
  custom:container-demuxer-ogg: 62fdf1f143b41e24485cea50d1cbac27 -> 
  custom:video-decoder-webm-vp8: 9c59270c3fd7afecdb556c50c9e8de78 -> 
  custom:audio-decoder-ogg-vorbis: bf7c407c2cedff20999df2af8eb42d56 -> 
========================================================================
Received Import Request.
  Time since last request: 1429.187555 seconds.
  path: Assets/Ciconia Studio/_Shared Files/Demo Environment/Materials/Ground_GridBox_CSDemo.mat
  artifactKey: Guid(11b04609bfca74246a5748050b5966f6) Importer(815301076,1909f56bfc062723c751e8b465ee728b)
Start importing Assets/Ciconia Studio/_Shared Files/Demo Environment/Materials/Ground_GridBox_CSDemo.mat using Guid(11b04609bfca74246a5748050b5966f6) Importer(815301076,1909f56bfc062723c751e8b465ee728b)  -> (artifact id: 'c1b238f790167909357a0759af33d56c') in 0.072818 seconds 
========================================================================
Received Import Request.
  Time since last request: 0.000021 seconds.
  path: Assets/Ciconia Studio/_Shared Files/Demo Environment/Materials/Walls_GridBox_CSDemo 2.mat
  artifactKey: Guid(2b750155b60c7de4b84a5140564238ad) Importer(815301076,1909f56bfc062723c751e8b465ee728b)
Start importing Assets/Ciconia Studio/_Shared Files/Demo Environment/Materials/Walls_GridBox_CSDemo 2.mat using Guid(2b750155b60c7de4b84a5140564238ad) Importer(815301076,1909f56bfc062723c751e8b465ee728b)  -> (artifact id: '07c227c59a0d794df106acc3f1e9fe1a') in 0.013185 seconds 
========================================================================
Received Import Request.
  Time since last request: 3.774077 seconds.
  path: Assets/Ciconia Studio/_Shared Files/Demo Environment/Textures/Miscellaneous/GridBox_CSDemo.png
  artifactKey: Guid(e40bd6e749701504aa060b8ca7656c84) Importer(815301076,1909f56bfc062723c751e8b465ee728b)
Start importing Assets/Ciconia Studio/_Shared Files/Demo Environment/Textures/Miscellaneous/GridBox_CSDemo.png using Guid(e40bd6e749701504aa060b8ca7656c84) Importer(815301076,1909f56bfc062723c751e8b465ee728b)  -> (artifact id: '84b7d568fb839765cff2e66bc016845c') in 0.016079 seconds 
========================================================================
Received Import Request.
  Time since last request: 0.000019 seconds.
  path: Assets/Ciconia Studio/_Shared Files/Demo Environment/Textures/Miscellaneous/GridBox_NoText.png
  artifactKey: Guid(dc54d8469a93d364aa9d88e0cca86e20) Importer(815301076,1909f56bfc062723c751e8b465ee728b)
Start importing Assets/Ciconia Studio/_Shared Files/Demo Environment/Textures/Miscellaneous/GridBox_NoText.png using Guid(dc54d8469a93d364aa9d88e0cca86e20) Importer(815301076,1909f56bfc062723c751e8b465ee728b)  -> (artifact id: '47108890b6ac7cd7c8500dd6d180296a') in 0.012720 seconds 
========================================================================
Received Import Request.
  Time since last request: 0.000017 seconds.
  path: Assets/Ciconia Studio/_Shared Files/Demo Environment/Textures/Miscellaneous/GridBox_CSDemo_Cracks.png
  artifactKey: Guid(c1aa756b854bc0c46ab398b336ef95fc) Importer(815301076,1909f56bfc062723c751e8b465ee728b)
Start importing Assets/Ciconia Studio/_Shared Files/Demo Environment/Textures/Miscellaneous/GridBox_CSDemo_Cracks.png using Guid(c1aa756b854bc0c46ab398b336ef95fc) Importer(815301076,1909f56bfc062723c751e8b465ee728b)  -> (artifact id: 'f9e005532f843641f22acdda90afccc6') in 0.013216 seconds 
========================================================================
Received Import Request.
  Time since last request: 1.080636 seconds.
  path: Assets/Ciconia Studio/_Shared Files/Demo Environment/Textures/Asphalt/Ground_Asphalt_AmbientOcclusion.png
  artifactKey: Guid(80c5d1eb86705d4469b33bbd66c2ac5a) Importer(815301076,1909f56bfc062723c751e8b465ee728b)
Start importing Assets/Ciconia Studio/_Shared Files/Demo Environment/Textures/Asphalt/Ground_Asphalt_AmbientOcclusion.png using Guid(80c5d1eb86705d4469b33bbd66c2ac5a) Importer(815301076,1909f56bfc062723c751e8b465ee728b)  -> (artifact id: '2b9aefd585e742503ea08d660222f00f') in 0.018210 seconds 
========================================================================
Received Import Request.
  Time since last request: 0.000026 seconds.
  path: Assets/Ciconia Studio/_Shared Files/Demo Environment/Textures/Asphalt/Ground_Asphalt_Normal.png
  artifactKey: Guid(3a6b9bdffc17dcb44aea3f413e81ee84) Importer(815301076,1909f56bfc062723c751e8b465ee728b)
Start importing Assets/Ciconia Studio/_Shared Files/Demo Environment/Textures/Asphalt/Ground_Asphalt_Normal.png using Guid(3a6b9bdffc17dcb44aea3f413e81ee84) Importer(815301076,1909f56bfc062723c751e8b465ee728b)  -> (artifact id: '4fe6fa102f709392118db2293eb9dc49') in 0.020082 seconds 
========================================================================
Received Import Request.
  Time since last request: 0.000027 seconds.
  path: Assets/Ciconia Studio/_Shared Files/Demo Environment/Textures/Asphalt/Ground_Asphalt_BaseColor.png
  artifactKey: Guid(5da468cccf8ead54992c6231788b60f7) Importer(815301076,1909f56bfc062723c751e8b465ee728b)
Start importing Assets/Ciconia Studio/_Shared Files/Demo Environment/Textures/Asphalt/Ground_Asphalt_BaseColor.png using Guid(5da468cccf8ead54992c6231788b60f7) Importer(815301076,1909f56bfc062723c751e8b465ee728b)  -> (artifact id: 'fbbf6df2d29b1dc58923cf10c524436b') in 0.015397 seconds 
========================================================================
Received Import Request.
  Time since last request: 0.000015 seconds.
  path: Assets/Ciconia Studio/_Shared Files/Demo Environment/Textures/Asphalt/Ground_Asphalt_Height.png
  artifactKey: Guid(5e67b2afc6a8d9d4d9f8fd1aa08df6b6) Importer(815301076,1909f56bfc062723c751e8b465ee728b)
Start importing Assets/Ciconia Studio/_Shared Files/Demo Environment/Textures/Asphalt/Ground_Asphalt_Height.png using Guid(5e67b2afc6a8d9d4d9f8fd1aa08df6b6) Importer(815301076,1909f56bfc062723c751e8b465ee728b)  -> (artifact id: '4003fa78facde8507a95f595bc25821d') in 0.014219 seconds 
========================================================================
Received Import Request.
  Time since last request: 0.000016 seconds.
  path: Assets/Ciconia Studio/_Shared Files/Demo Environment/Textures/Asphalt/Ground_Asphalt_MetallicSmoothness.png
  artifactKey: Guid(a6d34ab870446f046a8e2ce046296e11) Importer(815301076,1909f56bfc062723c751e8b465ee728b)
Start importing Assets/Ciconia Studio/_Shared Files/Demo Environment/Textures/Asphalt/Ground_Asphalt_MetallicSmoothness.png using Guid(a6d34ab870446f046a8e2ce046296e11) Importer(815301076,1909f56bfc062723c751e8b465ee728b)  -> (artifact id: '2a4801e05e02cd920a6a95e37d4d5650') in 0.014885 seconds 
========================================================================
Received Import Request.
  Time since last request: 21.359965 seconds.
  path: Assets/Ciconia Studio/_Shared Files/Materials/HDRI/kloofendal_48d_partly_cloudy_2k.hdr
  artifactKey: Guid(24221340d09832b43a4bf61292fff36d) Importer(815301076,1909f56bfc062723c751e8b465ee728b)
Start importing Assets/Ciconia Studio/_Shared Files/Materials/HDRI/kloofendal_48d_partly_cloudy_2k.hdr using Guid(24221340d09832b43a4bf61292fff36d) Importer(815301076,1909f56bfc062723c751e8b465ee728b)  -> (artifact id: '1fceeb525efefa2a2ac650afef26f6c0') in 0.042024 seconds 
========================================================================
Received Import Request.
  Time since last request: 4.884890 seconds.
  path: Assets/Ciconia Studio/_Shared Files/UI/Button_Arrow-hover.png
  artifactKey: Guid(226933d046cc7a149b64e0e28a9ba3a5) Importer(815301076,1909f56bfc062723c751e8b465ee728b)
Start importing Assets/Ciconia Studio/_Shared Files/UI/Button_Arrow-hover.png using Guid(226933d046cc7a149b64e0e28a9ba3a5) Importer(815301076,1909f56bfc062723c751e8b465ee728b)  -> (artifact id: '837aecdd766246011238136e2f481053') in 0.031781 seconds 
========================================================================
Received Import Request.
  Time since last request: 0.000015 seconds.
  path: Assets/Ciconia Studio/_Shared Files/UI/Gradient.png
  artifactKey: Guid(3d7b25ceb30d768498d483990f9b7c70) Importer(815301076,1909f56bfc062723c751e8b465ee728b)
Start importing Assets/Ciconia Studio/_Shared Files/UI/Gradient.png using Guid(3d7b25ceb30d768498d483990f9b7c70) Importer(815301076,1909f56bfc062723c751e8b465ee728b)  -> (artifact id: '1f9920ded119a6a7f0b59382b9ba983e') in 0.058688 seconds 
========================================================================
Received Import Request.
  Time since last request: 3.823906 seconds.
  path: Assets/Ciconia Studio/Shaders/_Shared Files/Textures/Grayscale Map/Cloud.png
  artifactKey: Guid(8c38d2e72ca280f4783343ec9c4418f7) Importer(815301076,1909f56bfc062723c751e8b465ee728b)
Start importing Assets/Ciconia Studio/Shaders/_Shared Files/Textures/Grayscale Map/Cloud.png using Guid(8c38d2e72ca280f4783343ec9c4418f7) Importer(815301076,1909f56bfc062723c751e8b465ee728b)  -> (artifact id: 'fe52e044dc119f2af10fcc2870be9372') in 0.019258 seconds 
========================================================================
Received Import Request.
  Time since last request: 0.000019 seconds.
  path: Assets/Ciconia Studio/Shaders/_Shared Files/Textures/Grayscale Map/Distortion.png
  artifactKey: Guid(d544c5d8d8f2e204cbf611243d25bb47) Importer(815301076,1909f56bfc062723c751e8b465ee728b)
Start importing Assets/Ciconia Studio/Shaders/_Shared Files/Textures/Grayscale Map/Distortion.png using Guid(d544c5d8d8f2e204cbf611243d25bb47) Importer(815301076,1909f56bfc062723c751e8b465ee728b)  -> (artifact id: '49dda079beb979e8f144fed53eb70c92') in 0.015298 seconds 
========================================================================
Received Import Request.
  Time since last request: 92.880564 seconds.
  path: Assets/Ciconia Studio/Shaders/Standard Shaders/BuiltIn/Demo Scene/Sources/Models/Wall & Window/Window_Wood_Normal.png
  artifactKey: Guid(aab6659bc416d3b4eb080b3f21aa9815) Importer(815301076,1909f56bfc062723c751e8b465ee728b)
Start importing Assets/Ciconia Studio/Shaders/Standard Shaders/BuiltIn/Demo Scene/Sources/Models/Wall & Window/Window_Wood_Normal.png using Guid(aab6659bc416d3b4eb080b3f21aa9815) Importer(815301076,1909f56bfc062723c751e8b465ee728b)  -> (artifact id: 'c46bf6546edfc58d9da972b8ff5d8db5') in 0.016397 seconds 
========================================================================
Received Import Request.
  Time since last request: 0.000016 seconds.
  path: Assets/Ciconia Studio/Shaders/Standard Shaders/BuiltIn/Demo Scene/Sources/Models/Wall & Window/Window_Wood_Height.png
  artifactKey: Guid(f4e7e46bfdeac69488e9ccfc44a2cf71) Importer(815301076,1909f56bfc062723c751e8b465ee728b)
Start importing Assets/Ciconia Studio/Shaders/Standard Shaders/BuiltIn/Demo Scene/Sources/Models/Wall & Window/Window_Wood_Height.png using Guid(f4e7e46bfdeac69488e9ccfc44a2cf71) Importer(815301076,1909f56bfc062723c751e8b465ee728b)  -> (artifact id: '6296127f86d39548a3a67088ffbb4285') in 0.019008 seconds 
========================================================================
Received Import Request.
  Time since last request: 0.000018 seconds.
  path: Assets/Ciconia Studio/Shaders/_Shared Files/Textures/RockyDirt/RockyDirt_normal.png
  artifactKey: Guid(a4818f55b22c0894981f4006a2c10a4c) Importer(815301076,1909f56bfc062723c751e8b465ee728b)
Start importing Assets/Ciconia Studio/Shaders/_Shared Files/Textures/RockyDirt/RockyDirt_normal.png using Guid(a4818f55b22c0894981f4006a2c10a4c) Importer(815301076,1909f56bfc062723c751e8b465ee728b)  -> (artifact id: '58f3222193ae95e290e8e3dde4f87fc7') in 0.019579 seconds 
========================================================================
Received Prepare
Registering precompiled user dll's ...
Registered in 0.006532 seconds.
Begin MonoManager ReloadAssembly
Symbol file LoadedFromMemory doesn't match image D:\GWAN\GWAN\Library\PackageCache\com.unity.visualscripting@1.8.0\Editor\VisualScripting.Core\Dependencies\YamlDotNet\Unity.VisualScripting.YamlDotNet.dll
Symbol file LoadedFromMemory doesn't match image D:\GWAN\GWAN\Library\PackageCache\com.unity.visualscripting@1.8.0\Editor\VisualScripting.Core\Dependencies\DotNetZip\Unity.VisualScripting.IonicZip.dll
Native extension for WindowsStandalone target not found
Refreshing native plugins compatible for Editor in 0.66 ms, found 3 plugins.
Preloading 0 native plugins for Editor in 0.00 ms.
Mono: successfully reloaded assembly
- Completed reload, in  0.755 seconds
Domain Reload Profiling:
	ReloadAssembly (755ms)
		BeginReloadAssembly (138ms)
			ExecutionOrderSort (0ms)
			DisableScriptedObjects (3ms)
			BackupInstance (0ms)
			ReleaseScriptingObjects (0ms)
			CreateAndSetChildDomain (33ms)
		EndReloadAssembly (546ms)
			LoadAssemblies (97ms)
			RebuildTransferFunctionScriptingTraits (0ms)
			SetupTypeCache (188ms)
			ReleaseScriptCaches (1ms)
			RebuildScriptCaches (28ms)
			SetupLoadedEditorAssemblies (228ms)
				LogAssemblyErrors (0ms)
				InitializePlatformSupportModulesInManaged (3ms)
				SetLoadedEditorAssemblies (0ms)
				RefreshPlugins (1ms)
				BeforeProcessingInitializeOnLoad (45ms)
				ProcessInitializeOnLoadAttributes (159ms)
				ProcessInitializeOnLoadMethodAttributes (16ms)
				AfterProcessingInitializeOnLoad (4ms)
				EditorAssembliesLoaded (0ms)
			ExecutionOrderSort2 (0ms)
			AwakeInstancesAfterBackupRestoration (11ms)
Platform modules already initialized, skipping
Refreshing native plugins compatible for Editor in 1.94 ms, found 3 plugins.
Preloading 0 native plugins for Editor in 0.00 ms.
Unloading 3056 Unused Serialized files (Serialized files now loaded: 0)
Unloading 21 unused Assets / (80.1 KB). Loaded Objects now: 3605.
Memory consumption went from 118.4 MB to 118.3 MB.
Total: 2.686800 ms (FindLiveObjects: 0.222500 ms CreateObjectMapping: 0.122400 ms MarkObjects: 2.252900 ms  DeleteObjects: 0.088500 ms)

AssetImportParameters requested are different than current active one (requested -> active):
  custom:video-decoder-ogg-theora: a1e56fd34408186e4bbccfd4996cb3dc -> 
  custom:container-muxer-webm: aa71ff27fc2769a1b78a27578f13a17b -> 
  custom:container-demuxer-webm: 4f35f7cbe854078d1ac9338744f61a02 -> 
  custom:video-encoder-webm-vp8: eb34c28f22e8b96e1ab97ce403110664 -> 
  custom:audio-encoder-webm-vorbis: bf7c407c2cedff20999df2af8eb42d56 -> 
  custom:framework-win-MediaFoundation: 216162199b28c13a410421893ffa2e32 -> 
  custom:container-demuxer-ogg: 62fdf1f143b41e24485cea50d1cbac27 -> 
  custom:video-decoder-webm-vp8: 9c59270c3fd7afecdb556c50c9e8de78 -> 
  custom:audio-decoder-ogg-vorbis: bf7c407c2cedff20999df2af8eb42d56 -> 
