Using pre-set license
Built from '2021.3/staging' branch; Version is '2021.3.25f1 (68ef2c4f8861) revision 6876972'; Using compiler version '192829333'; Build Type 'Release'
OS: 'Windows 10  (10.0.19045) 64bit Professional' Language: 'ko' Physical Memory: 32688 MB
BatchMode: 1, IsHumanControllingUs: 0, StartBugReporterOnCrash: 0, Is64bit: 1, IsPro: 1

COMMAND LINE ARGUMENTS:
D:\unity game\2021.3.25f1\Editor\Unity.exe
-adb2
-batchMode
-noUpm
-name
AssetImportWorker0
-projectPath
D:/GWAN/GWAN
-logFile
Logs/AssetImportWorker0.log
-srvPort
59256
Successfully changed project path to: D:/GWAN/GWAN
D:/GWAN/GWAN
[UnityMemory] Configuration Parameters - Can be set up in boot.config
    "memorysetup-bucket-allocator-granularity=16"
    "memorysetup-bucket-allocator-bucket-count=8"
    "memorysetup-bucket-allocator-block-size=33554432"
    "memorysetup-bucket-allocator-block-count=8"
    "memorysetup-main-allocator-block-size=16777216"
    "memorysetup-thread-allocator-block-size=16777216"
    "memorysetup-gfx-main-allocator-block-size=16777216"
    "memorysetup-gfx-thread-allocator-block-size=16777216"
    "memorysetup-cache-allocator-block-size=4194304"
    "memorysetup-typetree-allocator-block-size=2097152"
    "memorysetup-profiler-bucket-allocator-granularity=16"
    "memorysetup-profiler-bucket-allocator-bucket-count=8"
    "memorysetup-profiler-bucket-allocator-block-size=33554432"
    "memorysetup-profiler-bucket-allocator-block-count=8"
    "memorysetup-profiler-allocator-block-size=16777216"
    "memorysetup-profiler-editor-allocator-block-size=1048576"
    "memorysetup-temp-allocator-size-main=16777216"
    "memorysetup-job-temp-allocator-block-size=2097152"
    "memorysetup-job-temp-allocator-block-size-background=1048576"
    "memorysetup-job-temp-allocator-reduction-small-platforms=262144"
    "memorysetup-temp-allocator-size-background-worker=32768"
    "memorysetup-temp-allocator-size-job-worker=262144"
    "memorysetup-temp-allocator-size-preload-manager=33554432"
    "memorysetup-temp-allocator-size-nav-mesh-worker=65536"
    "memorysetup-temp-allocator-size-audio-worker=65536"
    "memorysetup-temp-allocator-size-cloud-worker=32768"
    "memorysetup-temp-allocator-size-gi-baking-worker=262144"
    "memorysetup-temp-allocator-size-gfx=262144"
Player connection [16784] Host "[IP] 210.204.200.250 [Port] 0 [Flags] 2 [Guid] 360420834 [EditorId] 360420834 [Version] 1048832 [Id] WindowsEditor(7,PC) [Debug] 1 [PackageName] WindowsEditor [ProjectName] Editor" joined multi-casting on [225.0.0.222:54997]...

Player connection [16784] Host "[IP] 210.204.200.250 [Port] 0 [Flags] 2 [Guid] 360420834 [EditorId] 360420834 [Version] 1048832 [Id] WindowsEditor(7,PC) [Debug] 1 [PackageName] WindowsEditor [ProjectName] Editor" joined alternative multi-casting on [225.0.0.222:34997]...

Refreshing native plugins compatible for Editor in 60.21 ms, found 3 plugins.
Preloading 0 native plugins for Editor in 0.00 ms.
Initialize engine version: 2021.3.25f1 (68ef2c4f8861)
[Subsystems] Discovering subsystems at path D:/unity game/2021.3.25f1/Editor/Data/Resources/UnitySubsystems
[Subsystems] Discovering subsystems at path D:/GWAN/GWAN/Assets
GfxDevice: creating device client; threaded=0; jobified=0
Direct3D:
    Version:  Direct3D 11.0 [level 11.1]
    Renderer: NVIDIA GeForce GTX 1080 Ti (ID=0x1b06)
    Vendor:   NVIDIA
    VRAM:     11120 MB
    Driver:   31.0.15.3667
Initialize mono
Mono path[0] = 'D:/unity game/2021.3.25f1/Editor/Data/Managed'
Mono path[1] = 'D:/unity game/2021.3.25f1/Editor/Data/MonoBleedingEdge/lib/mono/unityjit-win32'
Mono config path = 'D:/unity game/2021.3.25f1/Editor/Data/MonoBleedingEdge/etc'
Using monoOptions --debugger-agent=transport=dt_socket,embedding=1,server=y,suspend=n,address=127.0.0.1:56548
Begin MonoManager ReloadAssembly
Registering precompiled unity dll's ...
Register platform support module: D:/unity game/2021.3.25f1/Editor/Data/PlaybackEngines/WindowsStandaloneSupport/UnityEditor.WindowsStandalone.Extensions.dll
Registered in 0.003386 seconds.
Native extension for WindowsStandalone target not found
Refreshing native plugins compatible for Editor in 71.45 ms, found 3 plugins.
Preloading 0 native plugins for Editor in 0.00 ms.
Mono: successfully reloaded assembly
- Completed reload, in  0.523 seconds
Domain Reload Profiling:
	ReloadAssembly (524ms)
		BeginReloadAssembly (93ms)
			ExecutionOrderSort (0ms)
			DisableScriptedObjects (0ms)
			BackupInstance (0ms)
			ReleaseScriptingObjects (0ms)
			CreateAndSetChildDomain (1ms)
		EndReloadAssembly (355ms)
			LoadAssemblies (92ms)
			RebuildTransferFunctionScriptingTraits (0ms)
			SetupTypeCache (79ms)
			ReleaseScriptCaches (0ms)
			RebuildScriptCaches (23ms)
			SetupLoadedEditorAssemblies (217ms)
				LogAssemblyErrors (0ms)
				InitializePlatformSupportModulesInManaged (6ms)
				SetLoadedEditorAssemblies (0ms)
				RefreshPlugins (72ms)
				BeforeProcessingInitializeOnLoad (1ms)
				ProcessInitializeOnLoadAttributes (96ms)
				ProcessInitializeOnLoadMethodAttributes (41ms)
				AfterProcessingInitializeOnLoad (0ms)
				EditorAssembliesLoaded (0ms)
			ExecutionOrderSort2 (0ms)
			AwakeInstancesAfterBackupRestoration (0ms)
Platform modules already initialized, skipping
Registering precompiled user dll's ...
Registered in 0.005920 seconds.
Begin MonoManager ReloadAssembly
Symbol file LoadedFromMemory doesn't match image D:\GWAN\GWAN\Library\PackageCache\com.unity.visualscripting@1.8.0\Editor\VisualScripting.Core\Dependencies\YamlDotNet\Unity.VisualScripting.YamlDotNet.dll
Symbol file LoadedFromMemory doesn't match image D:\GWAN\GWAN\Library\PackageCache\com.unity.visualscripting@1.8.0\Editor\VisualScripting.Core\Dependencies\DotNetZip\Unity.VisualScripting.IonicZip.dll
Native extension for WindowsStandalone target not found
Refreshing native plugins compatible for Editor in 0.63 ms, found 3 plugins.
Preloading 0 native plugins for Editor in 0.00 ms.
Mono: successfully reloaded assembly
- Completed reload, in  0.839 seconds
Domain Reload Profiling:
	ReloadAssembly (840ms)
		BeginReloadAssembly (141ms)
			ExecutionOrderSort (1ms)
			DisableScriptedObjects (6ms)
			BackupInstance (0ms)
			ReleaseScriptingObjects (0ms)
			CreateAndSetChildDomain (26ms)
		EndReloadAssembly (604ms)
			LoadAssemblies (107ms)
			RebuildTransferFunctionScriptingTraits (0ms)
			SetupTypeCache (203ms)
			ReleaseScriptCaches (0ms)
			RebuildScriptCaches (36ms)
			SetupLoadedEditorAssemblies (266ms)
				LogAssemblyErrors (0ms)
				InitializePlatformSupportModulesInManaged (4ms)
				SetLoadedEditorAssemblies (0ms)
				RefreshPlugins (1ms)
				BeforeProcessingInitializeOnLoad (62ms)
				ProcessInitializeOnLoadAttributes (180ms)
				ProcessInitializeOnLoadMethodAttributes (15ms)
				AfterProcessingInitializeOnLoad (3ms)
				EditorAssembliesLoaded (0ms)
			ExecutionOrderSort2 (0ms)
			AwakeInstancesAfterBackupRestoration (11ms)
Platform modules already initialized, skipping
========================================================================
Worker process is ready to serve import requests
Launched and connected shader compiler UnityShaderCompiler.exe after 0.06 seconds
Refreshing native plugins compatible for Editor in 0.63 ms, found 3 plugins.
Preloading 0 native plugins for Editor in 0.00 ms.
Unloading 3062 Unused Serialized files (Serialized files now loaded: 0)
Unloading 24 unused Assets / (113.8 KB). Loaded Objects now: 3523.
Memory consumption went from 112.4 MB to 112.3 MB.
Total: 2.418200 ms (FindLiveObjects: 0.229800 ms CreateObjectMapping: 0.073500 ms MarkObjects: 2.010700 ms  DeleteObjects: 0.103500 ms)

AssetImportParameters requested are different than current active one (requested -> active):
  custom:video-decoder-ogg-theora: a1e56fd34408186e4bbccfd4996cb3dc -> 
  custom:container-muxer-webm: aa71ff27fc2769a1b78a27578f13a17b -> 
  custom:container-demuxer-webm: 4f35f7cbe854078d1ac9338744f61a02 -> 
  custom:video-encoder-webm-vp8: eb34c28f22e8b96e1ab97ce403110664 -> 
  custom:audio-encoder-webm-vorbis: bf7c407c2cedff20999df2af8eb42d56 -> 
  custom:framework-win-MediaFoundation: 216162199b28c13a410421893ffa2e32 -> 
  custom:container-demuxer-ogg: 62fdf1f143b41e24485cea50d1cbac27 -> 
  custom:video-decoder-webm-vp8: 9c59270c3fd7afecdb556c50c9e8de78 -> 
  custom:audio-decoder-ogg-vorbis: bf7c407c2cedff20999df2af8eb42d56 -> 
========================================================================
Received Import Request.
  Time since last request: 627532.484045 seconds.
  path: Assets/Scenes
  artifactKey: Guid(6ea315d0fd7389c41b19996891e99ae3) Importer(815301076,1909f56bfc062723c751e8b465ee728b)
Start importing Assets/Scenes using Guid(6ea315d0fd7389c41b19996891e99ae3) Importer(815301076,1909f56bfc062723c751e8b465ee728b)  -> (artifact id: 'bc172811d573b296104adb4d2728db37') in 0.016079 seconds 
========================================================================
Received Import Request.
  Time since last request: 19.728626 seconds.
  path: Assets/Script/MapScrpts/PlayerMove.cs
  artifactKey: Guid(8b20e684b072abe47abf80d91720287f) Importer(815301076,1909f56bfc062723c751e8b465ee728b)
Start importing Assets/Script/MapScrpts/PlayerMove.cs using Guid(8b20e684b072abe47abf80d91720287f) Importer(815301076,1909f56bfc062723c751e8b465ee728b)  -> (artifact id: '1e6a20e6325786ba66c2be59e5c68e25') in 0.046878 seconds 
========================================================================
Received Prepare
Registering precompiled user dll's ...
Registered in 0.006510 seconds.
Begin MonoManager ReloadAssembly
Symbol file LoadedFromMemory doesn't match image D:\GWAN\GWAN\Library\PackageCache\com.unity.visualscripting@1.8.0\Editor\VisualScripting.Core\Dependencies\YamlDotNet\Unity.VisualScripting.YamlDotNet.dll
Symbol file LoadedFromMemory doesn't match image D:\GWAN\GWAN\Library\PackageCache\com.unity.visualscripting@1.8.0\Editor\VisualScripting.Core\Dependencies\DotNetZip\Unity.VisualScripting.IonicZip.dll
Native extension for WindowsStandalone target not found
Refreshing native plugins compatible for Editor in 0.58 ms, found 3 plugins.
Preloading 0 native plugins for Editor in 0.00 ms.
Mono: successfully reloaded assembly
- Completed reload, in  0.783 seconds
Domain Reload Profiling:
	ReloadAssembly (784ms)
		BeginReloadAssembly (146ms)
			ExecutionOrderSort (0ms)
			DisableScriptedObjects (4ms)
			BackupInstance (0ms)
			ReleaseScriptingObjects (0ms)
			CreateAndSetChildDomain (31ms)
		EndReloadAssembly (552ms)
			LoadAssemblies (105ms)
			RebuildTransferFunctionScriptingTraits (0ms)
			SetupTypeCache (207ms)
			ReleaseScriptCaches (1ms)
			RebuildScriptCaches (27ms)
			SetupLoadedEditorAssemblies (219ms)
				LogAssemblyErrors (0ms)
				InitializePlatformSupportModulesInManaged (4ms)
				SetLoadedEditorAssemblies (0ms)
				RefreshPlugins (1ms)
				BeforeProcessingInitializeOnLoad (50ms)
				ProcessInitializeOnLoadAttributes (146ms)
				ProcessInitializeOnLoadMethodAttributes (15ms)
				AfterProcessingInitializeOnLoad (3ms)
				EditorAssembliesLoaded (0ms)
			ExecutionOrderSort2 (0ms)
			AwakeInstancesAfterBackupRestoration (11ms)
Platform modules already initialized, skipping
Refreshing native plugins compatible for Editor in 1.80 ms, found 3 plugins.
Preloading 0 native plugins for Editor in 0.00 ms.
Unloading 3057 Unused Serialized files (Serialized files now loaded: 0)
Unloading 17 unused Assets / (80.2 KB). Loaded Objects now: 3526.
Memory consumption went from 112.3 MB to 112.2 MB.
Total: 2.361500 ms (FindLiveObjects: 0.231100 ms CreateObjectMapping: 0.071100 ms MarkObjects: 1.970800 ms  DeleteObjects: 0.087700 ms)

AssetImportParameters requested are different than current active one (requested -> active):
  custom:video-decoder-ogg-theora: a1e56fd34408186e4bbccfd4996cb3dc -> 
  custom:container-muxer-webm: aa71ff27fc2769a1b78a27578f13a17b -> 
  custom:container-demuxer-webm: 4f35f7cbe854078d1ac9338744f61a02 -> 
  custom:video-encoder-webm-vp8: eb34c28f22e8b96e1ab97ce403110664 -> 
  custom:audio-encoder-webm-vorbis: bf7c407c2cedff20999df2af8eb42d56 -> 
  custom:framework-win-MediaFoundation: 216162199b28c13a410421893ffa2e32 -> 
  custom:container-demuxer-ogg: 62fdf1f143b41e24485cea50d1cbac27 -> 
  custom:video-decoder-webm-vp8: 9c59270c3fd7afecdb556c50c9e8de78 -> 
  custom:audio-decoder-ogg-vorbis: bf7c407c2cedff20999df2af8eb42d56 -> 
========================================================================
Received Import Request.
  Time since last request: 5.725192 seconds.
  path: Assets/Script/MapScrpts/EventHexTile.cs
  artifactKey: Guid(f541c7c5c06decb45ac2da532a042af2) Importer(815301076,1909f56bfc062723c751e8b465ee728b)
Start importing Assets/Script/MapScrpts/EventHexTile.cs using Guid(f541c7c5c06decb45ac2da532a042af2) Importer(815301076,1909f56bfc062723c751e8b465ee728b)  -> (artifact id: 'b1eb41e3af4a894d75e61209070c7a9e') in 0.017458 seconds 
========================================================================
Received Prepare
Registering precompiled user dll's ...
Registered in 0.007267 seconds.
Begin MonoManager ReloadAssembly
Symbol file LoadedFromMemory doesn't match image D:\GWAN\GWAN\Library\PackageCache\com.unity.visualscripting@1.8.0\Editor\VisualScripting.Core\Dependencies\YamlDotNet\Unity.VisualScripting.YamlDotNet.dll
Symbol file LoadedFromMemory doesn't match image D:\GWAN\GWAN\Library\PackageCache\com.unity.visualscripting@1.8.0\Editor\VisualScripting.Core\Dependencies\DotNetZip\Unity.VisualScripting.IonicZip.dll
Native extension for WindowsStandalone target not found
Refreshing native plugins compatible for Editor in 0.61 ms, found 3 plugins.
Preloading 0 native plugins for Editor in 0.00 ms.
Mono: successfully reloaded assembly
- Completed reload, in  0.764 seconds
Domain Reload Profiling:
	ReloadAssembly (765ms)
		BeginReloadAssembly (141ms)
			ExecutionOrderSort (0ms)
			DisableScriptedObjects (4ms)
			BackupInstance (0ms)
			ReleaseScriptingObjects (0ms)
			CreateAndSetChildDomain (30ms)
		EndReloadAssembly (554ms)
			LoadAssemblies (107ms)
			RebuildTransferFunctionScriptingTraits (0ms)
			SetupTypeCache (189ms)
			ReleaseScriptCaches (1ms)
			RebuildScriptCaches (28ms)
			SetupLoadedEditorAssemblies (230ms)
				LogAssemblyErrors (0ms)
				InitializePlatformSupportModulesInManaged (4ms)
				SetLoadedEditorAssemblies (0ms)
				RefreshPlugins (1ms)
				BeforeProcessingInitializeOnLoad (47ms)
				ProcessInitializeOnLoadAttributes (155ms)
				ProcessInitializeOnLoadMethodAttributes (18ms)
				AfterProcessingInitializeOnLoad (5ms)
				EditorAssembliesLoaded (0ms)
			ExecutionOrderSort2 (0ms)
			AwakeInstancesAfterBackupRestoration (15ms)
Platform modules already initialized, skipping
Refreshing native plugins compatible for Editor in 1.59 ms, found 3 plugins.
Preloading 0 native plugins for Editor in 0.00 ms.
Unloading 3056 Unused Serialized files (Serialized files now loaded: 0)
Unloading 18 unused Assets / (80.3 KB). Loaded Objects now: 3528.
Memory consumption went from 112.3 MB to 112.2 MB.
Total: 2.187800 ms (FindLiveObjects: 0.206600 ms CreateObjectMapping: 0.064900 ms MarkObjects: 1.842200 ms  DeleteObjects: 0.073600 ms)

AssetImportParameters requested are different than current active one (requested -> active):
  custom:video-decoder-ogg-theora: a1e56fd34408186e4bbccfd4996cb3dc -> 
  custom:container-muxer-webm: aa71ff27fc2769a1b78a27578f13a17b -> 
  custom:container-demuxer-webm: 4f35f7cbe854078d1ac9338744f61a02 -> 
  custom:video-encoder-webm-vp8: eb34c28f22e8b96e1ab97ce403110664 -> 
  custom:audio-encoder-webm-vorbis: bf7c407c2cedff20999df2af8eb42d56 -> 
  custom:framework-win-MediaFoundation: 216162199b28c13a410421893ffa2e32 -> 
  custom:container-demuxer-ogg: 62fdf1f143b41e24485cea50d1cbac27 -> 
  custom:video-decoder-webm-vp8: 9c59270c3fd7afecdb556c50c9e8de78 -> 
  custom:audio-decoder-ogg-vorbis: bf7c407c2cedff20999df2af8eb42d56 -> 
========================================================================
Received Import Request.
  Time since last request: 35.765631 seconds.
  path: Assets/Scenes/MENU
  artifactKey: Guid(c6ae7b9cc901a2a49a49a8a44c5de19b) Importer(815301076,1909f56bfc062723c751e8b465ee728b)
Start importing Assets/Scenes/MENU using Guid(c6ae7b9cc901a2a49a49a8a44c5de19b) Importer(815301076,1909f56bfc062723c751e8b465ee728b)  -> (artifact id: 'a8b3de350a7619ebecda6690307cc7b2') in 0.017431 seconds 
========================================================================
Received Import Request.
  Time since last request: 0.673017 seconds.
  path: Assets/Scenes/MENU/Screen [M_MENU].unity
  artifactKey: Guid(85ee432b1cb3e0e4bb1bb136db23fd28) Importer(815301076,1909f56bfc062723c751e8b465ee728b)
Start importing Assets/Scenes/MENU/Screen [M_MENU].unity using Guid(85ee432b1cb3e0e4bb1bb136db23fd28) Importer(815301076,1909f56bfc062723c751e8b465ee728b)  -> (artifact id: '29d10515c4e86de504dee282aa1e8012') in 0.012648 seconds 
========================================================================
Received Import Request.
  Time since last request: 2.196861 seconds.
  path: Assets/Scenes/GAME
  artifactKey: Guid(5973ba6320aec60489e4af4e98780c4b) Importer(815301076,1909f56bfc062723c751e8b465ee728b)
Start importing Assets/Scenes/GAME using Guid(5973ba6320aec60489e4af4e98780c4b) Importer(815301076,1909f56bfc062723c751e8b465ee728b)  -> (artifact id: '08c152ef511ad47180efdebd2d9746f8') in 0.011671 seconds 
========================================================================
Received Prepare
Registering precompiled user dll's ...
Registered in 0.005952 seconds.
Begin MonoManager ReloadAssembly
Symbol file LoadedFromMemory doesn't match image D:\GWAN\GWAN\Library\PackageCache\com.unity.visualscripting@1.8.0\Editor\VisualScripting.Core\Dependencies\YamlDotNet\Unity.VisualScripting.YamlDotNet.dll
Symbol file LoadedFromMemory doesn't match image D:\GWAN\GWAN\Library\PackageCache\com.unity.visualscripting@1.8.0\Editor\VisualScripting.Core\Dependencies\DotNetZip\Unity.VisualScripting.IonicZip.dll
Native extension for WindowsStandalone target not found
Refreshing native plugins compatible for Editor in 0.85 ms, found 3 plugins.
Preloading 0 native plugins for Editor in 0.00 ms.
Mono: successfully reloaded assembly
- Completed reload, in  0.873 seconds
Domain Reload Profiling:
	ReloadAssembly (874ms)
		BeginReloadAssembly (139ms)
			ExecutionOrderSort (0ms)
			DisableScriptedObjects (4ms)
			BackupInstance (0ms)
			ReleaseScriptingObjects (0ms)
			CreateAndSetChildDomain (31ms)
		EndReloadAssembly (663ms)
			LoadAssemblies (105ms)
			RebuildTransferFunctionScriptingTraits (0ms)
			SetupTypeCache (225ms)
			ReleaseScriptCaches (1ms)
			RebuildScriptCaches (45ms)
			SetupLoadedEditorAssemblies (259ms)
				LogAssemblyErrors (0ms)
				InitializePlatformSupportModulesInManaged (5ms)
				SetLoadedEditorAssemblies (0ms)
				RefreshPlugins (1ms)
				BeforeProcessingInitializeOnLoad (53ms)
				ProcessInitializeOnLoadAttributes (178ms)
				ProcessInitializeOnLoadMethodAttributes (17ms)
				AfterProcessingInitializeOnLoad (4ms)
				EditorAssembliesLoaded (0ms)
			ExecutionOrderSort2 (0ms)
			AwakeInstancesAfterBackupRestoration (13ms)
Platform modules already initialized, skipping
Refreshing native plugins compatible for Editor in 1.84 ms, found 3 plugins.
Preloading 0 native plugins for Editor in 0.00 ms.
Unloading 3056 Unused Serialized files (Serialized files now loaded: 0)
Unloading 17 unused Assets / (80.2 KB). Loaded Objects now: 3531.
Memory consumption went from 112.3 MB to 112.2 MB.
Total: 2.662200 ms (FindLiveObjects: 0.267700 ms CreateObjectMapping: 0.082000 ms MarkObjects: 2.231700 ms  DeleteObjects: 0.080000 ms)

AssetImportParameters requested are different than current active one (requested -> active):
  custom:video-decoder-ogg-theora: a1e56fd34408186e4bbccfd4996cb3dc -> 
  custom:container-muxer-webm: aa71ff27fc2769a1b78a27578f13a17b -> 
  custom:container-demuxer-webm: 4f35f7cbe854078d1ac9338744f61a02 -> 
  custom:video-encoder-webm-vp8: eb34c28f22e8b96e1ab97ce403110664 -> 
  custom:audio-encoder-webm-vorbis: bf7c407c2cedff20999df2af8eb42d56 -> 
  custom:framework-win-MediaFoundation: 216162199b28c13a410421893ffa2e32 -> 
  custom:container-demuxer-ogg: 62fdf1f143b41e24485cea50d1cbac27 -> 
  custom:video-decoder-webm-vp8: 9c59270c3fd7afecdb556c50c9e8de78 -> 
  custom:audio-decoder-ogg-vorbis: bf7c407c2cedff20999df2af8eb42d56 -> 
========================================================================
Received Import Request.
  Time since last request: 103.094198 seconds.
  path: Assets/Image
  artifactKey: Guid(5415d09311e879244ad5fc7fdb0115ce) Importer(815301076,1909f56bfc062723c751e8b465ee728b)
Start importing Assets/Image using Guid(5415d09311e879244ad5fc7fdb0115ce) Importer(815301076,1909f56bfc062723c751e8b465ee728b)  -> (artifact id: 'af8f81201f33104462cef1b8d629d7ef') in 0.016701 seconds 
========================================================================
Received Import Request.
  Time since last request: 0.707759 seconds.
  path: Assets/Font
  artifactKey: Guid(436626ecad347f14fb524e9891cff367) Importer(815301076,1909f56bfc062723c751e8b465ee728b)
Start importing Assets/Font using Guid(436626ecad347f14fb524e9891cff367) Importer(815301076,1909f56bfc062723c751e8b465ee728b)  -> (artifact id: '94c55fce2354fee7535a04c95b3ee72f') in 0.010967 seconds 
========================================================================
Received Import Request.
  Time since last request: 32.402341 seconds.
  path: Assets/Scenes/PREFAB/LEVEL LOADER.prefab
  artifactKey: Guid(0f614182434ab0640a19df4c142f930f) Importer(815301076,1909f56bfc062723c751e8b465ee728b)
Start importing Assets/Scenes/PREFAB/LEVEL LOADER.prefab using Guid(0f614182434ab0640a19df4c142f930f) Importer(815301076,1909f56bfc062723c751e8b465ee728b)  -> (artifact id: '6e7f788c21f9d866367f0125a2af4deb') in 0.035470 seconds 
========================================================================
Received Import Request.
  Time since last request: 1.829885 seconds.
  path: Assets/Scenes/VIEW/Screen [LOAD].unity
  artifactKey: Guid(830bff688d14d7543b7f2afd5027bcd0) Importer(815301076,1909f56bfc062723c751e8b465ee728b)
Start importing Assets/Scenes/VIEW/Screen [LOAD].unity using Guid(830bff688d14d7543b7f2afd5027bcd0) Importer(815301076,1909f56bfc062723c751e8b465ee728b)  -> (artifact id: '1cc4958417f64df33302b165264a23ce') in 0.011534 seconds 
========================================================================
Received Import Request.
  Time since last request: 0.857202 seconds.
  path: Assets/Scenes/VIEW/Screen [OMAKE].unity
  artifactKey: Guid(a60296324daf4b54f9fa59a847e3af55) Importer(815301076,1909f56bfc062723c751e8b465ee728b)
Start importing Assets/Scenes/VIEW/Screen [OMAKE].unity using Guid(a60296324daf4b54f9fa59a847e3af55) Importer(815301076,1909f56bfc062723c751e8b465ee728b)  -> (artifact id: 'ac28d441b4f8c058ee77582477f1c198') in 0.011338 seconds 
========================================================================
Received Import Request.
  Time since last request: 1.071451 seconds.
  path: Assets/Scenes/VIEW/Screen [SETTINGS].unity
  artifactKey: Guid(2955630ac4c8c2e4b85b158d8891c863) Importer(815301076,1909f56bfc062723c751e8b465ee728b)
Start importing Assets/Scenes/VIEW/Screen [SETTINGS].unity using Guid(2955630ac4c8c2e4b85b158d8891c863) Importer(815301076,1909f56bfc062723c751e8b465ee728b)  -> (artifact id: '76e4f984d30cbf20b4fe27c3e12b2c0f') in 0.011106 seconds 
========================================================================
Received Import Request.
  Time since last request: 0.567199 seconds.
  path: Assets/Scenes/VIEW/Screen [START].unity
  artifactKey: Guid(f1c36e1784fb26843ab42289e4e5242b) Importer(815301076,1909f56bfc062723c751e8b465ee728b)
Start importing Assets/Scenes/VIEW/Screen [START].unity using Guid(f1c36e1784fb26843ab42289e4e5242b) Importer(815301076,1909f56bfc062723c751e8b465ee728b)  -> (artifact id: '1b91df16f65de31b84313c083b5cfe14') in 0.011924 seconds 
========================================================================
Received Import Request.
  Time since last request: 0.547300 seconds.
  path: Assets/Scenes/VIEW/Screen [TITLE].unity
  artifactKey: Guid(dec4decdf1b6c6d4bbf68ab07e3d19ac) Importer(815301076,1909f56bfc062723c751e8b465ee728b)
Start importing Assets/Scenes/VIEW/Screen [TITLE].unity using Guid(dec4decdf1b6c6d4bbf68ab07e3d19ac) Importer(815301076,1909f56bfc062723c751e8b465ee728b)  -> (artifact id: 'd95f2258c6cca2d89b0e2d7f4deb3393') in 0.012894 seconds 
========================================================================
Received Import Request.
  Time since last request: 4.462537 seconds.
  path: Assets/Scenes/GAME/HexMap.unity
  artifactKey: Guid(cacd22c93ae5a3346993e306d0519b62) Importer(815301076,1909f56bfc062723c751e8b465ee728b)
Start importing Assets/Scenes/GAME/HexMap.unity using Guid(cacd22c93ae5a3346993e306d0519b62) Importer(815301076,1909f56bfc062723c751e8b465ee728b)  -> (artifact id: '2ae78ed81102c4ba4798ddac3ed323d5') in 0.011451 seconds 
========================================================================
Received Prepare
Registering precompiled user dll's ...
Registered in 0.006911 seconds.
Begin MonoManager ReloadAssembly
Symbol file LoadedFromMemory doesn't match image D:\GWAN\GWAN\Library\PackageCache\com.unity.visualscripting@1.8.0\Editor\VisualScripting.Core\Dependencies\YamlDotNet\Unity.VisualScripting.YamlDotNet.dll
Symbol file LoadedFromMemory doesn't match image D:\GWAN\GWAN\Library\PackageCache\com.unity.visualscripting@1.8.0\Editor\VisualScripting.Core\Dependencies\DotNetZip\Unity.VisualScripting.IonicZip.dll
Native extension for WindowsStandalone target not found
Refreshing native plugins compatible for Editor in 0.64 ms, found 3 plugins.
Preloading 0 native plugins for Editor in 0.00 ms.
Mono: successfully reloaded assembly
- Completed reload, in  0.851 seconds
Domain Reload Profiling:
	ReloadAssembly (851ms)
		BeginReloadAssembly (151ms)
			ExecutionOrderSort (0ms)
			DisableScriptedObjects (4ms)
			BackupInstance (0ms)
			ReleaseScriptingObjects (0ms)
			CreateAndSetChildDomain (32ms)
		EndReloadAssembly (623ms)
			LoadAssemblies (115ms)
			RebuildTransferFunctionScriptingTraits (0ms)
			SetupTypeCache (210ms)
			ReleaseScriptCaches (2ms)
			RebuildScriptCaches (32ms)
			SetupLoadedEditorAssemblies (250ms)
				LogAssemblyErrors (0ms)
				InitializePlatformSupportModulesInManaged (4ms)
				SetLoadedEditorAssemblies (0ms)
				RefreshPlugins (1ms)
				BeforeProcessingInitializeOnLoad (48ms)
				ProcessInitializeOnLoadAttributes (170ms)
				ProcessInitializeOnLoadMethodAttributes (19ms)
				AfterProcessingInitializeOnLoad (7ms)
				EditorAssembliesLoaded (0ms)
			ExecutionOrderSort2 (0ms)
			AwakeInstancesAfterBackupRestoration (22ms)
Platform modules already initialized, skipping
Refreshing native plugins compatible for Editor in 1.60 ms, found 3 plugins.
Preloading 0 native plugins for Editor in 0.00 ms.
Unloading 3056 Unused Serialized files (Serialized files now loaded: 0)
Unloading 17 unused Assets / (80.2 KB). Loaded Objects now: 3535.
Memory consumption went from 112.3 MB to 112.2 MB.
Total: 3.069200 ms (FindLiveObjects: 0.210400 ms CreateObjectMapping: 0.059700 ms MarkObjects: 2.708200 ms  DeleteObjects: 0.090100 ms)

AssetImportParameters requested are different than current active one (requested -> active):
  custom:video-decoder-ogg-theora: a1e56fd34408186e4bbccfd4996cb3dc -> 
  custom:container-muxer-webm: aa71ff27fc2769a1b78a27578f13a17b -> 
  custom:container-demuxer-webm: 4f35f7cbe854078d1ac9338744f61a02 -> 
  custom:video-encoder-webm-vp8: eb34c28f22e8b96e1ab97ce403110664 -> 
  custom:audio-encoder-webm-vorbis: bf7c407c2cedff20999df2af8eb42d56 -> 
  custom:framework-win-MediaFoundation: 216162199b28c13a410421893ffa2e32 -> 
  custom:container-demuxer-ogg: 62fdf1f143b41e24485cea50d1cbac27 -> 
  custom:video-decoder-webm-vp8: 9c59270c3fd7afecdb556c50c9e8de78 -> 
  custom:audio-decoder-ogg-vorbis: bf7c407c2cedff20999df2af8eb42d56 -> 
========================================================================
Received Import Request.
  Time since last request: 41.649134 seconds.
  path: Assets/Texture/Another/Low Poly Hexagons/Assets/Materials
  artifactKey: Guid(cdb3fb4ad8060a247971d6ff8cc703b0) Importer(815301076,1909f56bfc062723c751e8b465ee728b)
Start importing Assets/Texture/Another/Low Poly Hexagons/Assets/Materials using Guid(cdb3fb4ad8060a247971d6ff8cc703b0) Importer(815301076,1909f56bfc062723c751e8b465ee728b)  -> (artifact id: 'da8321e16553a58a62620e39b3c271eb') in 0.018347 seconds 
========================================================================
Received Import Request.
  Time since last request: 4.062507 seconds.
  path: Assets/Texture/Another/Low Poly Hexagons/Assets/Models/Hexagons/BeachShore.fbx
  artifactKey: Guid(0164b949b56b05642992be3ce4f5a9c7) Importer(815301076,1909f56bfc062723c751e8b465ee728b)
Start importing Assets/Texture/Another/Low Poly Hexagons/Assets/Models/Hexagons/BeachShore.fbx using Guid(0164b949b56b05642992be3ce4f5a9c7) Importer(815301076,1909f56bfc062723c751e8b465ee728b)  -> (artifact id: '1eba6772ce30593b69b178f168ed9472') in 0.388416 seconds 
========================================================================
Received Import Request.
  Time since last request: 0.000020 seconds.
  path: Assets/Texture/Another/Low Poly Hexagons/Assets/Models/Hexagons/Hex12.fbx
  artifactKey: Guid(a594cd8ba6e867f4699aa3d16d755581) Importer(815301076,1909f56bfc062723c751e8b465ee728b)
Start importing Assets/Texture/Another/Low Poly Hexagons/Assets/Models/Hexagons/Hex12.fbx using Guid(a594cd8ba6e867f4699aa3d16d755581) Importer(815301076,1909f56bfc062723c751e8b465ee728b)  -> (artifact id: '8968dfecf11674bb52bdbcaccd44a819') in 0.023735 seconds 
========================================================================
Received Import Request.
  Time since last request: 0.000022 seconds.
  path: Assets/Texture/Another/Low Poly Hexagons/Assets/Models/Hexagons/Hex9.fbx
  artifactKey: Guid(1341def1465b9ee42ab1a58327fc3676) Importer(815301076,1909f56bfc062723c751e8b465ee728b)
Start importing Assets/Texture/Another/Low Poly Hexagons/Assets/Models/Hexagons/Hex9.fbx using Guid(1341def1465b9ee42ab1a58327fc3676) Importer(815301076,1909f56bfc062723c751e8b465ee728b)  -> (artifact id: '0979b0e135ca18cffb7cd477acf78f6c') in 0.021516 seconds 
========================================================================
Received Import Request.
  Time since last request: 0.000017 seconds.
  path: Assets/Texture/Another/Low Poly Hexagons/Assets/Models/Hexagons/Hex22.fbx
  artifactKey: Guid(66a66b512f78d3d4f81ed74fd8e3963a) Importer(815301076,1909f56bfc062723c751e8b465ee728b)
Start importing Assets/Texture/Another/Low Poly Hexagons/Assets/Models/Hexagons/Hex22.fbx using Guid(66a66b512f78d3d4f81ed74fd8e3963a) Importer(815301076,1909f56bfc062723c751e8b465ee728b)  -> (artifact id: '66b8987674a51e11c5b9fb54d5b44581') in 0.018949 seconds 
========================================================================
Received Import Request.
  Time since last request: 0.000018 seconds.
  path: Assets/Texture/Another/Low Poly Hexagons/Assets/Models/Hexagons/Hex2.fbx
  artifactKey: Guid(7b4cb68aa4866e24b840b01b3cb8e69f) Importer(815301076,1909f56bfc062723c751e8b465ee728b)
Start importing Assets/Texture/Another/Low Poly Hexagons/Assets/Models/Hexagons/Hex2.fbx using Guid(7b4cb68aa4866e24b840b01b3cb8e69f) Importer(815301076,1909f56bfc062723c751e8b465ee728b)  -> (artifact id: '356aabede71583611cdf8a895bce2bc6') in 0.022095 seconds 
========================================================================
Received Import Request.
  Time since last request: 0.000015 seconds.
  path: Assets/Texture/Another/Low Poly Hexagons/Assets/Models/Hexagons/Hex26.fbx
  artifactKey: Guid(7590e19e847d1b4498786bd7e5045b7b) Importer(815301076,1909f56bfc062723c751e8b465ee728b)
Start importing Assets/Texture/Another/Low Poly Hexagons/Assets/Models/Hexagons/Hex26.fbx using Guid(7590e19e847d1b4498786bd7e5045b7b) Importer(815301076,1909f56bfc062723c751e8b465ee728b)  -> (artifact id: 'fb4de2efea91b06d4382c8605bcc40bc') in 0.020879 seconds 
========================================================================
Received Import Request.
  Time since last request: 0.000021 seconds.
  path: Assets/Texture/Another/Low Poly Hexagons/Assets/Models/Hexagons/Hex32.fbx
  artifactKey: Guid(95f164187b159cb4ab72ef930698a4d6) Importer(815301076,1909f56bfc062723c751e8b465ee728b)
Start importing Assets/Texture/Another/Low Poly Hexagons/Assets/Models/Hexagons/Hex32.fbx using Guid(95f164187b159cb4ab72ef930698a4d6) Importer(815301076,1909f56bfc062723c751e8b465ee728b)  -> (artifact id: '21bc6614195589c6e33575c779440bad') in 0.022276 seconds 
========================================================================
Received Import Request.
  Time since last request: 0.000015 seconds.
  path: Assets/Texture/Another/Low Poly Hexagons/Assets/Models/Hexagons/Hex6.fbx
  artifactKey: Guid(3809834aaf39bdb45aa59310501239af) Importer(815301076,1909f56bfc062723c751e8b465ee728b)
Start importing Assets/Texture/Another/Low Poly Hexagons/Assets/Models/Hexagons/Hex6.fbx using Guid(3809834aaf39bdb45aa59310501239af) Importer(815301076,1909f56bfc062723c751e8b465ee728b)  -> (artifact id: 'dca7bd8052dad20ab013ea643fa32c30') in 0.022421 seconds 
========================================================================
Received Import Request.
  Time since last request: 0.000015 seconds.
  path: Assets/Texture/Another/Low Poly Hexagons/Assets/Models/Hexagons/Hex7.fbx
  artifactKey: Guid(684e6ab60cee3124aac8540619e13d9d) Importer(815301076,1909f56bfc062723c751e8b465ee728b)
Start importing Assets/Texture/Another/Low Poly Hexagons/Assets/Models/Hexagons/Hex7.fbx using Guid(684e6ab60cee3124aac8540619e13d9d) Importer(815301076,1909f56bfc062723c751e8b465ee728b)  -> (artifact id: 'bdf28319ad5b7ab3fdd0e54029220f4d') in 0.021732 seconds 
========================================================================
Received Import Request.
  Time since last request: 0.000016 seconds.
  path: Assets/Texture/Another/Low Poly Hexagons/Assets/Models/Hexagons/Hex1.fbx
  artifactKey: Guid(ac4a5a9e24f3efa44b8f02171e9eefda) Importer(815301076,1909f56bfc062723c751e8b465ee728b)
Start importing Assets/Texture/Another/Low Poly Hexagons/Assets/Models/Hexagons/Hex1.fbx using Guid(ac4a5a9e24f3efa44b8f02171e9eefda) Importer(815301076,1909f56bfc062723c751e8b465ee728b)  -> (artifact id: '878a8fc533fbba80ed45cc16ee939da2') in 0.022036 seconds 
========================================================================
Received Import Request.
  Time since last request: 0.000017 seconds.
  path: Assets/Texture/Another/Low Poly Hexagons/Assets/Models/Hexagons/Hex16.fbx
  artifactKey: Guid(5f4e29955b19f8e479537386c62931c9) Importer(815301076,1909f56bfc062723c751e8b465ee728b)
Start importing Assets/Texture/Another/Low Poly Hexagons/Assets/Models/Hexagons/Hex16.fbx using Guid(5f4e29955b19f8e479537386c62931c9) Importer(815301076,1909f56bfc062723c751e8b465ee728b)  -> (artifact id: '6c81f0dac6ff3dc2f4e996095a4693c7') in 0.021409 seconds 
========================================================================
Received Import Request.
  Time since last request: 0.000018 seconds.
  path: Assets/Texture/Another/Low Poly Hexagons/Assets/Models/Hexagons/HellLake.fbx
  artifactKey: Guid(038e543775141b64bb28e77bb24c9c1c) Importer(815301076,1909f56bfc062723c751e8b465ee728b)
Start importing Assets/Texture/Another/Low Poly Hexagons/Assets/Models/Hexagons/HellLake.fbx using Guid(038e543775141b64bb28e77bb24c9c1c) Importer(815301076,1909f56bfc062723c751e8b465ee728b)  -> (artifact id: '5eb75a8dcdb5d5133fb004133e9f04c8') in 0.022083 seconds 
========================================================================
Received Import Request.
  Time since last request: 0.000026 seconds.
  path: Assets/Texture/Another/Low Poly Hexagons/Assets/Models/Hexagons/Hex21.fbx
  artifactKey: Guid(396774c0224816440b63acd8e0b85d94) Importer(815301076,1909f56bfc062723c751e8b465ee728b)
Start importing Assets/Texture/Another/Low Poly Hexagons/Assets/Models/Hexagons/Hex21.fbx using Guid(396774c0224816440b63acd8e0b85d94) Importer(815301076,1909f56bfc062723c751e8b465ee728b)  -> (artifact id: '1a2adcde8a41cf322d216140b7c8ad79') in 0.021251 seconds 
========================================================================
Received Import Request.
  Time since last request: 0.000016 seconds.
  path: Assets/Texture/Another/Low Poly Hexagons/Assets/Models/Hexagons/Hex23.fbx
  artifactKey: Guid(09800fb7ecd7dfa499d1a9b3e9414605) Importer(815301076,1909f56bfc062723c751e8b465ee728b)
Start importing Assets/Texture/Another/Low Poly Hexagons/Assets/Models/Hexagons/Hex23.fbx using Guid(09800fb7ecd7dfa499d1a9b3e9414605) Importer(815301076,1909f56bfc062723c751e8b465ee728b)  -> (artifact id: '5874a2a3811058316bf81c3694c52048') in 0.022279 seconds 
========================================================================
Received Import Request.
  Time since last request: 0.000017 seconds.
  path: Assets/Texture/Another/Low Poly Hexagons/Assets/Models/Hexagons/Hex8.fbx
  artifactKey: Guid(9191f7b022d593c41ac7300bac249d06) Importer(815301076,1909f56bfc062723c751e8b465ee728b)
Start importing Assets/Texture/Another/Low Poly Hexagons/Assets/Models/Hexagons/Hex8.fbx using Guid(9191f7b022d593c41ac7300bac249d06) Importer(815301076,1909f56bfc062723c751e8b465ee728b)  -> (artifact id: '30751f53266a78dc8cb015ab5c18c539') in 0.023214 seconds 
========================================================================
Received Import Request.
  Time since last request: 0.000018 seconds.
  path: Assets/Texture/Another/Low Poly Hexagons/Assets/Models/Hexagons/Hex31.fbx
  artifactKey: Guid(66c95755fe17bd7479da5154e7a6f309) Importer(815301076,1909f56bfc062723c751e8b465ee728b)
Start importing Assets/Texture/Another/Low Poly Hexagons/Assets/Models/Hexagons/Hex31.fbx using Guid(66c95755fe17bd7479da5154e7a6f309) Importer(815301076,1909f56bfc062723c751e8b465ee728b)  -> (artifact id: 'a5d8be01cee2bc842434e1c25d1bf961') in 0.023926 seconds 
========================================================================
Received Import Request.
  Time since last request: 0.000016 seconds.
  path: Assets/Texture/Another/Low Poly Hexagons/Assets/Models/Hexagons/Hex11.fbx
  artifactKey: Guid(ec55075d188c17f409c030e2fa6d4ebf) Importer(815301076,1909f56bfc062723c751e8b465ee728b)
Start importing Assets/Texture/Another/Low Poly Hexagons/Assets/Models/Hexagons/Hex11.fbx using Guid(ec55075d188c17f409c030e2fa6d4ebf) Importer(815301076,1909f56bfc062723c751e8b465ee728b)  -> (artifact id: '9419d4d1080e9fa8fd72f4d832213425') in 0.022628 seconds 
========================================================================
Received Import Request.
  Time since last request: 0.000016 seconds.
  path: Assets/Texture/Another/Low Poly Hexagons/Assets/Models/Hexagons/Hex19.fbx
  artifactKey: Guid(31048d640905d5a448a723dd7007433e) Importer(815301076,1909f56bfc062723c751e8b465ee728b)
Start importing Assets/Texture/Another/Low Poly Hexagons/Assets/Models/Hexagons/Hex19.fbx using Guid(31048d640905d5a448a723dd7007433e) Importer(815301076,1909f56bfc062723c751e8b465ee728b)  -> (artifact id: '1bf8e2cf0b485dbd3b2a15b30f410b8c') in 0.022153 seconds 
========================================================================
Received Import Request.
  Time since last request: 10.869966 seconds.
  path: Assets/Scenes/VERTEX.unity
  artifactKey: Guid(c5f7d5798e0893649925cabd3b754f74) Importer(815301076,1909f56bfc062723c751e8b465ee728b)
Start importing Assets/Scenes/VERTEX.unity using Guid(c5f7d5798e0893649925cabd3b754f74) Importer(815301076,1909f56bfc062723c751e8b465ee728b)  -> (artifact id: '8fc984300866b56174250cfcd29b5406') in 0.013167 seconds 
========================================================================
Received Prepare
Registering precompiled user dll's ...
Registered in 0.007039 seconds.
Begin MonoManager ReloadAssembly
Symbol file LoadedFromMemory doesn't match image D:\GWAN\GWAN\Library\PackageCache\com.unity.visualscripting@1.8.0\Editor\VisualScripting.Core\Dependencies\YamlDotNet\Unity.VisualScripting.YamlDotNet.dll
Symbol file LoadedFromMemory doesn't match image D:\GWAN\GWAN\Library\PackageCache\com.unity.visualscripting@1.8.0\Editor\VisualScripting.Core\Dependencies\DotNetZip\Unity.VisualScripting.IonicZip.dll
Native extension for WindowsStandalone target not found
Refreshing native plugins compatible for Editor in 0.65 ms, found 3 plugins.
Preloading 0 native plugins for Editor in 0.00 ms.
Mono: successfully reloaded assembly
- Completed reload, in  0.808 seconds
Domain Reload Profiling:
	ReloadAssembly (809ms)
		BeginReloadAssembly (142ms)
			ExecutionOrderSort (0ms)
			DisableScriptedObjects (4ms)
			BackupInstance (0ms)
			ReleaseScriptingObjects (0ms)
			CreateAndSetChildDomain (31ms)
		EndReloadAssembly (592ms)
			LoadAssemblies (109ms)
			RebuildTransferFunctionScriptingTraits (0ms)
			SetupTypeCache (203ms)
			ReleaseScriptCaches (1ms)
			RebuildScriptCaches (33ms)
			SetupLoadedEditorAssemblies (244ms)
				LogAssemblyErrors (0ms)
				InitializePlatformSupportModulesInManaged (4ms)
				SetLoadedEditorAssemblies (0ms)
				RefreshPlugins (1ms)
				BeforeProcessingInitializeOnLoad (57ms)
				ProcessInitializeOnLoadAttributes (163ms)
				ProcessInitializeOnLoadMethodAttributes (14ms)
				AfterProcessingInitializeOnLoad (5ms)
				EditorAssembliesLoaded (0ms)
			ExecutionOrderSort2 (0ms)
			AwakeInstancesAfterBackupRestoration (13ms)
Platform modules already initialized, skipping
Refreshing native plugins compatible for Editor in 1.52 ms, found 3 plugins.
Preloading 0 native plugins for Editor in 0.00 ms.
Unloading 3056 Unused Serialized files (Serialized files now loaded: 0)
Unloading 17 unused Assets / (80.3 KB). Loaded Objects now: 3548.
Memory consumption went from 116.9 MB to 116.9 MB.
Total: 2.445000 ms (FindLiveObjects: 0.216600 ms CreateObjectMapping: 0.060500 ms MarkObjects: 2.080400 ms  DeleteObjects: 0.086500 ms)

AssetImportParameters requested are different than current active one (requested -> active):
  custom:video-decoder-ogg-theora: a1e56fd34408186e4bbccfd4996cb3dc -> 
  custom:container-muxer-webm: aa71ff27fc2769a1b78a27578f13a17b -> 
  custom:container-demuxer-webm: 4f35f7cbe854078d1ac9338744f61a02 -> 
  custom:video-encoder-webm-vp8: eb34c28f22e8b96e1ab97ce403110664 -> 
  custom:audio-encoder-webm-vorbis: bf7c407c2cedff20999df2af8eb42d56 -> 
  custom:framework-win-MediaFoundation: 216162199b28c13a410421893ffa2e32 -> 
  custom:container-demuxer-ogg: 62fdf1f143b41e24485cea50d1cbac27 -> 
  custom:video-decoder-webm-vp8: 9c59270c3fd7afecdb556c50c9e8de78 -> 
  custom:audio-decoder-ogg-vorbis: bf7c407c2cedff20999df2af8eb42d56 -> 
========================================================================
Received Import Request.
  Time since last request: 831.059684 seconds.
  path: Assets/Image/Logo
  artifactKey: Guid(f8f7035a4a27cc04b82ce5859ced4258) Importer(815301076,1909f56bfc062723c751e8b465ee728b)
Start importing Assets/Image/Logo using Guid(f8f7035a4a27cc04b82ce5859ced4258) Importer(815301076,1909f56bfc062723c751e8b465ee728b)  -> (artifact id: 'f8efce5ebf1658bc0a349e629dd34b93') in 0.016430 seconds 
========================================================================
Received Import Request.
  Time since last request: 0.056540 seconds.
  path: Assets/Image/Logo/Logo_TEAM.png
  artifactKey: Guid(cd10d55895300b44fb30d87291e12523) Importer(815301076,1909f56bfc062723c751e8b465ee728b)
Start importing Assets/Image/Logo/Logo_TEAM.png using Guid(cd10d55895300b44fb30d87291e12523) Importer(815301076,1909f56bfc062723c751e8b465ee728b)  -> (artifact id: '616f24dfc1c617f1cb7be5bc326271fb') in 0.086650 seconds 
========================================================================
Received Import Request.
  Time since last request: 1.042387 seconds.
  path: Assets/Image/Icon/Icon_Exit.png
  artifactKey: Guid(f2a79f60fd948734aad59caf9a6b2f19) Importer(815301076,1909f56bfc062723c751e8b465ee728b)
Start importing Assets/Image/Icon/Icon_Exit.png using Guid(f2a79f60fd948734aad59caf9a6b2f19) Importer(815301076,1909f56bfc062723c751e8b465ee728b)  -> (artifact id: '6919bd6a8594af0e3c499f6b93a9c57c') in 0.024893 seconds 
========================================================================
Received Import Request.
  Time since last request: 0.545667 seconds.
  path: Assets/Image/Character/CH_00.png
  artifactKey: Guid(30ab747a59b1cdc44a5b0543a4b2ad28) Importer(815301076,1909f56bfc062723c751e8b465ee728b)
Start importing Assets/Image/Character/CH_00.png using Guid(30ab747a59b1cdc44a5b0543a4b2ad28) Importer(815301076,1909f56bfc062723c751e8b465ee728b)  -> (artifact id: '5441858b253c1fefd186f56801313dc2') in 0.211335 seconds 
========================================================================
Received Import Request.
  Time since last request: 1.036569 seconds.
  path: Assets/Image/Background/BG_00.png
  artifactKey: Guid(70228d0425af270438fd6ba7a2e9838b) Importer(815301076,1909f56bfc062723c751e8b465ee728b)
Start importing Assets/Image/Background/BG_00.png using Guid(70228d0425af270438fd6ba7a2e9838b) Importer(815301076,1909f56bfc062723c751e8b465ee728b)  -> (artifact id: 'b0bcdc932cff11951a1880afc89a4df4') in 0.190293 seconds 
========================================================================
Received Import Request.
  Time since last request: 0.809368 seconds.
  path: Assets/Image/Background/OV
  artifactKey: Guid(fe07f36161f8a1340b034dfabac94d06) Importer(815301076,1909f56bfc062723c751e8b465ee728b)
Start importing Assets/Image/Background/OV using Guid(fe07f36161f8a1340b034dfabac94d06) Importer(815301076,1909f56bfc062723c751e8b465ee728b)  -> (artifact id: '3ce25f0da870f5c7a386257e2f484855') in 0.011317 seconds 
========================================================================
Received Import Request.
  Time since last request: 0.043587 seconds.
  path: Assets/Image/Background/OV/OV_00.png
  artifactKey: Guid(c89a479149d687c4bbc13d7d69d5c73b) Importer(815301076,1909f56bfc062723c751e8b465ee728b)
Start importing Assets/Image/Background/OV/OV_00.png using Guid(c89a479149d687c4bbc13d7d69d5c73b) Importer(815301076,1909f56bfc062723c751e8b465ee728b)  -> (artifact id: '740218a3168ecabb6a8071ff4c0160c6') in 0.084541 seconds 
========================================================================
Received Import Request.
  Time since last request: 12.421296 seconds.
  path: Assets/Script/Menu/M_MenuButtonSystem.cs
  artifactKey: Guid(6e0b786119142f7489ee56eb3cb52110) Importer(815301076,1909f56bfc062723c751e8b465ee728b)
Start importing Assets/Script/Menu/M_MenuButtonSystem.cs using Guid(6e0b786119142f7489ee56eb3cb52110) Importer(815301076,1909f56bfc062723c751e8b465ee728b)  -> (artifact id: 'bc2e80e7166afcf4df00f380ab04befe') in 0.011817 seconds 
========================================================================
Received Import Request.
  Time since last request: 9.695307 seconds.
  path: Assets/Scenes/PREFAB
  artifactKey: Guid(126ccddeec3200740b9b9c9bb3b35909) Importer(815301076,1909f56bfc062723c751e8b465ee728b)
Start importing Assets/Scenes/PREFAB using Guid(126ccddeec3200740b9b9c9bb3b35909) Importer(815301076,1909f56bfc062723c751e8b465ee728b)  -> (artifact id: 'd7a42cb9a7226556ecd37fa1ec97e64d') in 0.011564 seconds 
========================================================================
Received Import Request.
  Time since last request: 6.852902 seconds.
  path: Assets/Font/KR
  artifactKey: Guid(939a466e812f2b74893c2ed22cb429ba) Importer(815301076,1909f56bfc062723c751e8b465ee728b)
Start importing Assets/Font/KR using Guid(939a466e812f2b74893c2ed22cb429ba) Importer(815301076,1909f56bfc062723c751e8b465ee728b)  -> (artifact id: 'db127474b102d266528f26cf2453ab7e') in 0.011381 seconds 
========================================================================
Received Import Request.
  Time since last request: 0.043801 seconds.
  path: Assets/Font/KR/KoPubWorld Batang Bold.ttf
  artifactKey: Guid(6b56f637cc2afed47936f21619b1a4f7) Importer(815301076,1909f56bfc062723c751e8b465ee728b)
Start importing Assets/Font/KR/KoPubWorld Batang Bold.ttf using Guid(6b56f637cc2afed47936f21619b1a4f7) Importer(815301076,1909f56bfc062723c751e8b465ee728b)  -> (artifact id: '43383415a915ed7301355912e349f410') in 0.062840 seconds 
========================================================================
Received Import Request.
  Time since last request: 0.000018 seconds.
  path: Assets/Font/KR/KoPubWorld Dotum Bold.ttf
  artifactKey: Guid(7cac0ccd7d73c0f41aba041773e56e05) Importer(815301076,1909f56bfc062723c751e8b465ee728b)
Start importing Assets/Font/KR/KoPubWorld Dotum Bold.ttf using Guid(7cac0ccd7d73c0f41aba041773e56e05) Importer(815301076,1909f56bfc062723c751e8b465ee728b)  -> (artifact id: 'e5d5a11f84eae7f8a7f7b771a312c161') in 0.021306 seconds 
========================================================================
Received Import Request.
  Time since last request: 0.000023 seconds.
  path: Assets/Font/KR/KoPubWorld Dotum Medium.ttf
  artifactKey: Guid(a3128cfc961cb2542afd768ce596b0e8) Importer(815301076,1909f56bfc062723c751e8b465ee728b)
Start importing Assets/Font/KR/KoPubWorld Dotum Medium.ttf using Guid(a3128cfc961cb2542afd768ce596b0e8) Importer(815301076,1909f56bfc062723c751e8b465ee728b)  -> (artifact id: 'daf3ca9e2250f3f4903c7ef48ff49c67') in 0.020261 seconds 
========================================================================
Received Import Request.
  Time since last request: 0.996065 seconds.
  path: Assets/Audio/MasterMixer.mixer
  artifactKey: Guid(3b2d953c1bd14a642b7ddcd252172eb0) Importer(815301076,1909f56bfc062723c751e8b465ee728b)
Start importing Assets/Audio/MasterMixer.mixer using Guid(3b2d953c1bd14a642b7ddcd252172eb0) Importer(815301076,1909f56bfc062723c751e8b465ee728b)  -> (artifact id: 'c535574bb27e0712482ede57347a918e') in 0.013218 seconds 
========================================================================
Received Import Request.
  Time since last request: 55.643884 seconds.
  path: Assets/Script/Vertex
  artifactKey: Guid(49d7d9d7522df7b4a9c02f93fe222c2a) Importer(815301076,1909f56bfc062723c751e8b465ee728b)
Start importing Assets/Script/Vertex using Guid(49d7d9d7522df7b4a9c02f93fe222c2a) Importer(815301076,1909f56bfc062723c751e8b465ee728b)  -> (artifact id: '1f345b3dfe2e3779956a49aa793ab843') in 0.011833 seconds 
========================================================================
Received Import Request.
  Time since last request: 66.680770 seconds.
  path: Assets/Script/MapScrpts/HexTile.cs
  artifactKey: Guid(b7a0881d225ad6b429801db557f098d7) Importer(815301076,1909f56bfc062723c751e8b465ee728b)
Start importing Assets/Script/MapScrpts/HexTile.cs using Guid(b7a0881d225ad6b429801db557f098d7) Importer(815301076,1909f56bfc062723c751e8b465ee728b)  -> (artifact id: '0a5d5c5f972885966c8d0350f4641f6c') in 0.011868 seconds 
========================================================================
Received Prepare
Registering precompiled user dll's ...
Registered in 0.006135 seconds.
Begin MonoManager ReloadAssembly
Symbol file LoadedFromMemory doesn't match image D:\GWAN\GWAN\Library\PackageCache\com.unity.visualscripting@1.8.0\Editor\VisualScripting.Core\Dependencies\YamlDotNet\Unity.VisualScripting.YamlDotNet.dll
Symbol file LoadedFromMemory doesn't match image D:\GWAN\GWAN\Library\PackageCache\com.unity.visualscripting@1.8.0\Editor\VisualScripting.Core\Dependencies\DotNetZip\Unity.VisualScripting.IonicZip.dll
Native extension for WindowsStandalone target not found
Refreshing native plugins compatible for Editor in 0.62 ms, found 3 plugins.
Preloading 0 native plugins for Editor in 0.00 ms.
Mono: successfully reloaded assembly
- Completed reload, in  0.740 seconds
Domain Reload Profiling:
	ReloadAssembly (741ms)
		BeginReloadAssembly (139ms)
			ExecutionOrderSort (0ms)
			DisableScriptedObjects (4ms)
			BackupInstance (0ms)
			ReleaseScriptingObjects (0ms)
			CreateAndSetChildDomain (31ms)
		EndReloadAssembly (532ms)
			LoadAssemblies (109ms)
			RebuildTransferFunctionScriptingTraits (0ms)
			SetupTypeCache (185ms)
			ReleaseScriptCaches (1ms)
			RebuildScriptCaches (29ms)
			SetupLoadedEditorAssemblies (208ms)
				LogAssemblyErrors (0ms)
				InitializePlatformSupportModulesInManaged (4ms)
				SetLoadedEditorAssemblies (0ms)
				RefreshPlugins (1ms)
				BeforeProcessingInitializeOnLoad (43ms)
				ProcessInitializeOnLoadAttributes (143ms)
				ProcessInitializeOnLoadMethodAttributes (14ms)
				AfterProcessingInitializeOnLoad (4ms)
				EditorAssembliesLoaded (0ms)
			ExecutionOrderSort2 (0ms)
			AwakeInstancesAfterBackupRestoration (11ms)
Platform modules already initialized, skipping
Refreshing native plugins compatible for Editor in 1.52 ms, found 3 plugins.
Preloading 0 native plugins for Editor in 0.00 ms.
Unloading 3056 Unused Serialized files (Serialized files now loaded: 0)
Unloading 17 unused Assets / (80.3 KB). Loaded Objects now: 3604.
Memory consumption went from 117.3 MB to 117.2 MB.
Total: 2.530200 ms (FindLiveObjects: 0.210900 ms CreateObjectMapping: 0.113400 ms MarkObjects: 2.127200 ms  DeleteObjects: 0.078000 ms)

AssetImportParameters requested are different than current active one (requested -> active):
  custom:video-decoder-ogg-theora: a1e56fd34408186e4bbccfd4996cb3dc -> 
  custom:container-muxer-webm: aa71ff27fc2769a1b78a27578f13a17b -> 
  custom:container-demuxer-webm: 4f35f7cbe854078d1ac9338744f61a02 -> 
  custom:video-encoder-webm-vp8: eb34c28f22e8b96e1ab97ce403110664 -> 
  custom:audio-encoder-webm-vorbis: bf7c407c2cedff20999df2af8eb42d56 -> 
  custom:framework-win-MediaFoundation: 216162199b28c13a410421893ffa2e32 -> 
  custom:container-demuxer-ogg: 62fdf1f143b41e24485cea50d1cbac27 -> 
  custom:video-decoder-webm-vp8: 9c59270c3fd7afecdb556c50c9e8de78 -> 
  custom:audio-decoder-ogg-vorbis: bf7c407c2cedff20999df2af8eb42d56 -> 
========================================================================
Received Import Request.
  Time since last request: 5.697862 seconds.
  path: Assets/Script/MapScrpts/HexTile.cs
  artifactKey: Guid(b7a0881d225ad6b429801db557f098d7) Importer(815301076,1909f56bfc062723c751e8b465ee728b)
Start importing Assets/Script/MapScrpts/HexTile.cs using Guid(b7a0881d225ad6b429801db557f098d7) Importer(815301076,1909f56bfc062723c751e8b465ee728b)  -> (artifact id: '290d9606f252e8d39b56a45d2501c77a') in 0.007206 seconds 
========================================================================
Received Prepare
Registering precompiled user dll's ...
Registered in 0.006670 seconds.
Begin MonoManager ReloadAssembly
Symbol file LoadedFromMemory doesn't match image D:\GWAN\GWAN\Library\PackageCache\com.unity.visualscripting@1.8.0\Editor\VisualScripting.Core\Dependencies\YamlDotNet\Unity.VisualScripting.YamlDotNet.dll
Symbol file LoadedFromMemory doesn't match image D:\GWAN\GWAN\Library\PackageCache\com.unity.visualscripting@1.8.0\Editor\VisualScripting.Core\Dependencies\DotNetZip\Unity.VisualScripting.IonicZip.dll
Native extension for WindowsStandalone target not found
Refreshing native plugins compatible for Editor in 0.62 ms, found 3 plugins.
Preloading 0 native plugins for Editor in 0.00 ms.
Mono: successfully reloaded assembly
- Completed reload, in  0.758 seconds
Domain Reload Profiling:
	ReloadAssembly (759ms)
		BeginReloadAssembly (136ms)
			ExecutionOrderSort (0ms)
			DisableScriptedObjects (4ms)
			BackupInstance (0ms)
			ReleaseScriptingObjects (0ms)
			CreateAndSetChildDomain (26ms)
		EndReloadAssembly (554ms)
			LoadAssemblies (97ms)
			RebuildTransferFunctionScriptingTraits (0ms)
			SetupTypeCache (195ms)
			ReleaseScriptCaches (1ms)
			RebuildScriptCaches (34ms)
			SetupLoadedEditorAssemblies (209ms)
				LogAssemblyErrors (0ms)
				InitializePlatformSupportModulesInManaged (4ms)
				SetLoadedEditorAssemblies (0ms)
				RefreshPlugins (1ms)
				BeforeProcessingInitializeOnLoad (44ms)
				ProcessInitializeOnLoadAttributes (142ms)
				ProcessInitializeOnLoadMethodAttributes (13ms)
				AfterProcessingInitializeOnLoad (4ms)
				EditorAssembliesLoaded (0ms)
			ExecutionOrderSort2 (0ms)
			AwakeInstancesAfterBackupRestoration (11ms)
Platform modules already initialized, skipping
Refreshing native plugins compatible for Editor in 1.73 ms, found 3 plugins.
Preloading 0 native plugins for Editor in 0.00 ms.
Unloading 3056 Unused Serialized files (Serialized files now loaded: 0)
Unloading 17 unused Assets / (80.3 KB). Loaded Objects now: 3607.
Memory consumption went from 117.3 MB to 117.2 MB.
Total: 2.261200 ms (FindLiveObjects: 0.199000 ms CreateObjectMapping: 0.064700 ms MarkObjects: 1.923900 ms  DeleteObjects: 0.073100 ms)

AssetImportParameters requested are different than current active one (requested -> active):
  custom:video-decoder-ogg-theora: a1e56fd34408186e4bbccfd4996cb3dc -> 
  custom:container-muxer-webm: aa71ff27fc2769a1b78a27578f13a17b -> 
  custom:container-demuxer-webm: 4f35f7cbe854078d1ac9338744f61a02 -> 
  custom:video-encoder-webm-vp8: eb34c28f22e8b96e1ab97ce403110664 -> 
  custom:audio-encoder-webm-vorbis: bf7c407c2cedff20999df2af8eb42d56 -> 
  custom:framework-win-MediaFoundation: 216162199b28c13a410421893ffa2e32 -> 
  custom:container-demuxer-ogg: 62fdf1f143b41e24485cea50d1cbac27 -> 
  custom:video-decoder-webm-vp8: 9c59270c3fd7afecdb556c50c9e8de78 -> 
  custom:audio-decoder-ogg-vorbis: bf7c407c2cedff20999df2af8eb42d56 -> 
========================================================================
Received Import Request.
  Time since last request: 18.198139 seconds.
  path: Assets/Script/MapScrpts/HexTile.cs
  artifactKey: Guid(b7a0881d225ad6b429801db557f098d7) Importer(815301076,1909f56bfc062723c751e8b465ee728b)
Start importing Assets/Script/MapScrpts/HexTile.cs using Guid(b7a0881d225ad6b429801db557f098d7) Importer(815301076,1909f56bfc062723c751e8b465ee728b)  -> (artifact id: 'ae179ab7dbcf5999d5ce308a0dcf0d07') in 0.007611 seconds 
========================================================================
Received Prepare
Registering precompiled user dll's ...
Registered in 0.005821 seconds.
Begin MonoManager ReloadAssembly
Symbol file LoadedFromMemory doesn't match image D:\GWAN\GWAN\Library\PackageCache\com.unity.visualscripting@1.8.0\Editor\VisualScripting.Core\Dependencies\YamlDotNet\Unity.VisualScripting.YamlDotNet.dll
Symbol file LoadedFromMemory doesn't match image D:\GWAN\GWAN\Library\PackageCache\com.unity.visualscripting@1.8.0\Editor\VisualScripting.Core\Dependencies\DotNetZip\Unity.VisualScripting.IonicZip.dll
Native extension for WindowsStandalone target not found
Refreshing native plugins compatible for Editor in 0.62 ms, found 3 plugins.
Preloading 0 native plugins for Editor in 0.00 ms.
Mono: successfully reloaded assembly
- Completed reload, in  0.718 seconds
Domain Reload Profiling:
	ReloadAssembly (719ms)
		BeginReloadAssembly (133ms)
			ExecutionOrderSort (0ms)
			DisableScriptedObjects (4ms)
			BackupInstance (0ms)
			ReleaseScriptingObjects (0ms)
			CreateAndSetChildDomain (29ms)
		EndReloadAssembly (519ms)
			LoadAssemblies (95ms)
			RebuildTransferFunctionScriptingTraits (0ms)
			SetupTypeCache (183ms)
			ReleaseScriptCaches (1ms)
			RebuildScriptCaches (26ms)
			SetupLoadedEditorAssemblies (215ms)
				LogAssemblyErrors (0ms)
				InitializePlatformSupportModulesInManaged (3ms)
				SetLoadedEditorAssemblies (0ms)
				RefreshPlugins (1ms)
				BeforeProcessingInitializeOnLoad (42ms)
				ProcessInitializeOnLoadAttributes (151ms)
				ProcessInitializeOnLoadMethodAttributes (14ms)
				AfterProcessingInitializeOnLoad (4ms)
				EditorAssembliesLoaded (0ms)
			ExecutionOrderSort2 (0ms)
			AwakeInstancesAfterBackupRestoration (10ms)
Platform modules already initialized, skipping
Refreshing native plugins compatible for Editor in 1.51 ms, found 3 plugins.
Preloading 0 native plugins for Editor in 0.00 ms.
Unloading 3056 Unused Serialized files (Serialized files now loaded: 0)
Unloading 17 unused Assets / (80.2 KB). Loaded Objects now: 3610.
Memory consumption went from 117.3 MB to 117.2 MB.
Total: 2.282900 ms (FindLiveObjects: 0.205100 ms CreateObjectMapping: 0.061300 ms MarkObjects: 1.934000 ms  DeleteObjects: 0.081700 ms)

AssetImportParameters requested are different than current active one (requested -> active):
  custom:video-decoder-ogg-theora: a1e56fd34408186e4bbccfd4996cb3dc -> 
  custom:container-muxer-webm: aa71ff27fc2769a1b78a27578f13a17b -> 
  custom:container-demuxer-webm: 4f35f7cbe854078d1ac9338744f61a02 -> 
  custom:video-encoder-webm-vp8: eb34c28f22e8b96e1ab97ce403110664 -> 
  custom:audio-encoder-webm-vorbis: bf7c407c2cedff20999df2af8eb42d56 -> 
  custom:framework-win-MediaFoundation: 216162199b28c13a410421893ffa2e32 -> 
  custom:container-demuxer-ogg: 62fdf1f143b41e24485cea50d1cbac27 -> 
  custom:video-decoder-webm-vp8: 9c59270c3fd7afecdb556c50c9e8de78 -> 
  custom:audio-decoder-ogg-vorbis: bf7c407c2cedff20999df2af8eb42d56 -> 
========================================================================
Received Import Request.
  Time since last request: 4.069665 seconds.
  path: Assets/Script/MapScrpts/HexTile.cs
  artifactKey: Guid(b7a0881d225ad6b429801db557f098d7) Importer(815301076,1909f56bfc062723c751e8b465ee728b)
Start importing Assets/Script/MapScrpts/HexTile.cs using Guid(b7a0881d225ad6b429801db557f098d7) Importer(815301076,1909f56bfc062723c751e8b465ee728b)  -> (artifact id: 'd5933e917b9c3714723db34bbc82f56e') in 0.007732 seconds 
========================================================================
Received Import Request.
  Time since last request: 3.607123 seconds.
  path: Assets/Script/MapScrpts/HexTile.cs
  artifactKey: Guid(b7a0881d225ad6b429801db557f098d7) Importer(815301076,1909f56bfc062723c751e8b465ee728b)
Start importing Assets/Script/MapScrpts/HexTile.cs using Guid(b7a0881d225ad6b429801db557f098d7) Importer(815301076,1909f56bfc062723c751e8b465ee728b)  -> (artifact id: 'af92ecb60d2e39cd59eb8f62718b3fec') in 0.002746 seconds 
========================================================================
Received Prepare
Registering precompiled user dll's ...
Registered in 0.006188 seconds.
Begin MonoManager ReloadAssembly
Symbol file LoadedFromMemory doesn't match image D:\GWAN\GWAN\Library\PackageCache\com.unity.visualscripting@1.8.0\Editor\VisualScripting.Core\Dependencies\YamlDotNet\Unity.VisualScripting.YamlDotNet.dll
Symbol file LoadedFromMemory doesn't match image D:\GWAN\GWAN\Library\PackageCache\com.unity.visualscripting@1.8.0\Editor\VisualScripting.Core\Dependencies\DotNetZip\Unity.VisualScripting.IonicZip.dll
Native extension for WindowsStandalone target not found
Refreshing native plugins compatible for Editor in 0.61 ms, found 3 plugins.
Preloading 0 native plugins for Editor in 0.00 ms.
Mono: successfully reloaded assembly
- Completed reload, in  0.704 seconds
Domain Reload Profiling:
	ReloadAssembly (704ms)
		BeginReloadAssembly (129ms)
			ExecutionOrderSort (0ms)
			DisableScriptedObjects (4ms)
			BackupInstance (0ms)
			ReleaseScriptingObjects (0ms)
			CreateAndSetChildDomain (28ms)
		EndReloadAssembly (509ms)
			LoadAssemblies (92ms)
			RebuildTransferFunctionScriptingTraits (0ms)
			SetupTypeCache (173ms)
			ReleaseScriptCaches (1ms)
			RebuildScriptCaches (26ms)
			SetupLoadedEditorAssemblies (213ms)
				LogAssemblyErrors (0ms)
				InitializePlatformSupportModulesInManaged (4ms)
				SetLoadedEditorAssemblies (0ms)
				RefreshPlugins (1ms)
				BeforeProcessingInitializeOnLoad (43ms)
				ProcessInitializeOnLoadAttributes (147ms)
				ProcessInitializeOnLoadMethodAttributes (14ms)
				AfterProcessingInitializeOnLoad (3ms)
				EditorAssembliesLoaded (0ms)
			ExecutionOrderSort2 (0ms)
			AwakeInstancesAfterBackupRestoration (12ms)
Platform modules already initialized, skipping
Refreshing native plugins compatible for Editor in 1.54 ms, found 3 plugins.
Preloading 0 native plugins for Editor in 0.00 ms.
Unloading 3056 Unused Serialized files (Serialized files now loaded: 0)
Unloading 17 unused Assets / (80.3 KB). Loaded Objects now: 3613.
Memory consumption went from 117.3 MB to 117.2 MB.
Total: 2.180200 ms (FindLiveObjects: 0.198200 ms CreateObjectMapping: 0.070400 ms MarkObjects: 1.838300 ms  DeleteObjects: 0.072700 ms)

AssetImportParameters requested are different than current active one (requested -> active):
  custom:video-decoder-ogg-theora: a1e56fd34408186e4bbccfd4996cb3dc -> 
  custom:container-muxer-webm: aa71ff27fc2769a1b78a27578f13a17b -> 
  custom:container-demuxer-webm: 4f35f7cbe854078d1ac9338744f61a02 -> 
  custom:video-encoder-webm-vp8: eb34c28f22e8b96e1ab97ce403110664 -> 
  custom:audio-encoder-webm-vorbis: bf7c407c2cedff20999df2af8eb42d56 -> 
  custom:framework-win-MediaFoundation: 216162199b28c13a410421893ffa2e32 -> 
  custom:container-demuxer-ogg: 62fdf1f143b41e24485cea50d1cbac27 -> 
  custom:video-decoder-webm-vp8: 9c59270c3fd7afecdb556c50c9e8de78 -> 
  custom:audio-decoder-ogg-vorbis: bf7c407c2cedff20999df2af8eb42d56 -> 
========================================================================
Received Prepare
Registering precompiled user dll's ...
Registered in 0.006699 seconds.
Begin MonoManager ReloadAssembly
Symbol file LoadedFromMemory doesn't match image D:\GWAN\GWAN\Library\PackageCache\com.unity.visualscripting@1.8.0\Editor\VisualScripting.Core\Dependencies\YamlDotNet\Unity.VisualScripting.YamlDotNet.dll
Symbol file LoadedFromMemory doesn't match image D:\GWAN\GWAN\Library\PackageCache\com.unity.visualscripting@1.8.0\Editor\VisualScripting.Core\Dependencies\DotNetZip\Unity.VisualScripting.IonicZip.dll
Native extension for WindowsStandalone target not found
Refreshing native plugins compatible for Editor in 0.61 ms, found 3 plugins.
Preloading 0 native plugins for Editor in 0.00 ms.
Mono: successfully reloaded assembly
- Completed reload, in  0.723 seconds
Domain Reload Profiling:
	ReloadAssembly (724ms)
		BeginReloadAssembly (134ms)
			ExecutionOrderSort (0ms)
			DisableScriptedObjects (4ms)
			BackupInstance (0ms)
			ReleaseScriptingObjects (0ms)
			CreateAndSetChildDomain (28ms)
		EndReloadAssembly (522ms)
			LoadAssemblies (91ms)
			RebuildTransferFunctionScriptingTraits (0ms)
			SetupTypeCache (178ms)
			ReleaseScriptCaches (1ms)
			RebuildScriptCaches (27ms)
			SetupLoadedEditorAssemblies (220ms)
				LogAssemblyErrors (0ms)
				InitializePlatformSupportModulesInManaged (4ms)
				SetLoadedEditorAssemblies (0ms)
				RefreshPlugins (1ms)
				BeforeProcessingInitializeOnLoad (45ms)
				ProcessInitializeOnLoadAttributes (151ms)
				ProcessInitializeOnLoadMethodAttributes (14ms)
				AfterProcessingInitializeOnLoad (4ms)
				EditorAssembliesLoaded (0ms)
			ExecutionOrderSort2 (0ms)
			AwakeInstancesAfterBackupRestoration (11ms)
Platform modules already initialized, skipping
Refreshing native plugins compatible for Editor in 1.57 ms, found 3 plugins.
Preloading 0 native plugins for Editor in 0.00 ms.
Unloading 3056 Unused Serialized files (Serialized files now loaded: 0)
Unloading 17 unused Assets / (80.1 KB). Loaded Objects now: 3616.
Memory consumption went from 117.3 MB to 117.2 MB.
Total: 2.468400 ms (FindLiveObjects: 0.228700 ms CreateObjectMapping: 0.121700 ms MarkObjects: 2.041300 ms  DeleteObjects: 0.076100 ms)

AssetImportParameters requested are different than current active one (requested -> active):
  custom:video-decoder-ogg-theora: a1e56fd34408186e4bbccfd4996cb3dc -> 
  custom:container-muxer-webm: aa71ff27fc2769a1b78a27578f13a17b -> 
  custom:container-demuxer-webm: 4f35f7cbe854078d1ac9338744f61a02 -> 
  custom:video-encoder-webm-vp8: eb34c28f22e8b96e1ab97ce403110664 -> 
  custom:audio-encoder-webm-vorbis: bf7c407c2cedff20999df2af8eb42d56 -> 
  custom:framework-win-MediaFoundation: 216162199b28c13a410421893ffa2e32 -> 
  custom:container-demuxer-ogg: 62fdf1f143b41e24485cea50d1cbac27 -> 
  custom:video-decoder-webm-vp8: 9c59270c3fd7afecdb556c50c9e8de78 -> 
  custom:audio-decoder-ogg-vorbis: bf7c407c2cedff20999df2af8eb42d56 -> 
========================================================================
Received Prepare
Registering precompiled user dll's ...
Registered in 0.006149 seconds.
Begin MonoManager ReloadAssembly
Symbol file LoadedFromMemory doesn't match image D:\GWAN\GWAN\Library\PackageCache\com.unity.visualscripting@1.8.0\Editor\VisualScripting.Core\Dependencies\YamlDotNet\Unity.VisualScripting.YamlDotNet.dll
Symbol file LoadedFromMemory doesn't match image D:\GWAN\GWAN\Library\PackageCache\com.unity.visualscripting@1.8.0\Editor\VisualScripting.Core\Dependencies\DotNetZip\Unity.VisualScripting.IonicZip.dll
Native extension for WindowsStandalone target not found
Refreshing native plugins compatible for Editor in 0.56 ms, found 3 plugins.
Preloading 0 native plugins for Editor in 0.00 ms.
Mono: successfully reloaded assembly
- Completed reload, in  0.731 seconds
Domain Reload Profiling:
	ReloadAssembly (731ms)
		BeginReloadAssembly (133ms)
			ExecutionOrderSort (0ms)
			DisableScriptedObjects (4ms)
			BackupInstance (0ms)
			ReleaseScriptingObjects (0ms)
			CreateAndSetChildDomain (28ms)
		EndReloadAssembly (529ms)
			LoadAssemblies (98ms)
			RebuildTransferFunctionScriptingTraits (0ms)
			SetupTypeCache (174ms)
			ReleaseScriptCaches (1ms)
			RebuildScriptCaches (29ms)
			SetupLoadedEditorAssemblies (226ms)
				LogAssemblyErrors (0ms)
				InitializePlatformSupportModulesInManaged (4ms)
				SetLoadedEditorAssemblies (0ms)
				RefreshPlugins (1ms)
				BeforeProcessingInitializeOnLoad (43ms)
				ProcessInitializeOnLoadAttributes (160ms)
				ProcessInitializeOnLoadMethodAttributes (14ms)
				AfterProcessingInitializeOnLoad (4ms)
				EditorAssembliesLoaded (0ms)
			ExecutionOrderSort2 (0ms)
			AwakeInstancesAfterBackupRestoration (10ms)
Platform modules already initialized, skipping
Refreshing native plugins compatible for Editor in 2.03 ms, found 3 plugins.
Preloading 0 native plugins for Editor in 0.00 ms.
Unloading 3056 Unused Serialized files (Serialized files now loaded: 0)
Unloading 17 unused Assets / (80.2 KB). Loaded Objects now: 3619.
Memory consumption went from 117.3 MB to 117.2 MB.
Total: 2.290700 ms (FindLiveObjects: 0.231300 ms CreateObjectMapping: 0.062800 ms MarkObjects: 1.905500 ms  DeleteObjects: 0.090400 ms)

AssetImportParameters requested are different than current active one (requested -> active):
  custom:video-decoder-ogg-theora: a1e56fd34408186e4bbccfd4996cb3dc -> 
  custom:container-muxer-webm: aa71ff27fc2769a1b78a27578f13a17b -> 
  custom:container-demuxer-webm: 4f35f7cbe854078d1ac9338744f61a02 -> 
  custom:video-encoder-webm-vp8: eb34c28f22e8b96e1ab97ce403110664 -> 
  custom:audio-encoder-webm-vorbis: bf7c407c2cedff20999df2af8eb42d56 -> 
  custom:framework-win-MediaFoundation: 216162199b28c13a410421893ffa2e32 -> 
  custom:container-demuxer-ogg: 62fdf1f143b41e24485cea50d1cbac27 -> 
  custom:video-decoder-webm-vp8: 9c59270c3fd7afecdb556c50c9e8de78 -> 
  custom:audio-decoder-ogg-vorbis: bf7c407c2cedff20999df2af8eb42d56 -> 
========================================================================
Received Import Request.
  Time since last request: 75.669157 seconds.
  path: Assets/Script/MapScrpts/PlayerMove.cs
  artifactKey: Guid(8b20e684b072abe47abf80d91720287f) Importer(815301076,1909f56bfc062723c751e8b465ee728b)
Start importing Assets/Script/MapScrpts/PlayerMove.cs using Guid(8b20e684b072abe47abf80d91720287f) Importer(815301076,1909f56bfc062723c751e8b465ee728b)  -> (artifact id: '9c7d0f4f09aa13905f05dd07c08ad37b') in 0.007292 seconds 
