Using pre-set license
Built from '2021.3/staging' branch; Version is '2021.3.25f1 (68ef2c4f8861) revision 6876972'; Using compiler version '192829333'; Build Type 'Release'
OS: 'Windows 10  (10.0.19045) 64bit Professional' Language: 'ko' Physical Memory: 32688 MB
BatchMode: 1, IsHumanControllingUs: 0, StartBugReporterOnCrash: 0, Is64bit: 1, IsPro: 1

COMMAND LINE ARGUMENTS:
D:\unity game\2021.3.25f1\Editor\Unity.exe
-adb2
-batchMode
-noUpm
-name
AssetImportWorker0
-projectPath
D:/GWAN/Project_GWAN(ver.1.4.0)
-logFile
Logs/AssetImportWorker0.log
-srvPort
55689
Successfully changed project path to: D:/GWAN/Project_GWAN(ver.1.4.0)
D:/GWAN/Project_GWAN(ver.1.4.0)
[UnityMemory] Configuration Parameters - Can be set up in boot.config
    "memorysetup-bucket-allocator-granularity=16"
    "memorysetup-bucket-allocator-bucket-count=8"
    "memorysetup-bucket-allocator-block-size=33554432"
    "memorysetup-bucket-allocator-block-count=8"
    "memorysetup-main-allocator-block-size=16777216"
    "memorysetup-thread-allocator-block-size=16777216"
    "memorysetup-gfx-main-allocator-block-size=16777216"
    "memorysetup-gfx-thread-allocator-block-size=16777216"
    "memorysetup-cache-allocator-block-size=4194304"
    "memorysetup-typetree-allocator-block-size=2097152"
    "memorysetup-profiler-bucket-allocator-granularity=16"
    "memorysetup-profiler-bucket-allocator-bucket-count=8"
    "memorysetup-profiler-bucket-allocator-block-size=33554432"
    "memorysetup-profiler-bucket-allocator-block-count=8"
    "memorysetup-profiler-allocator-block-size=16777216"
    "memorysetup-profiler-editor-allocator-block-size=1048576"
    "memorysetup-temp-allocator-size-main=16777216"
    "memorysetup-job-temp-allocator-block-size=2097152"
    "memorysetup-job-temp-allocator-block-size-background=1048576"
    "memorysetup-job-temp-allocator-reduction-small-platforms=262144"
    "memorysetup-temp-allocator-size-background-worker=32768"
    "memorysetup-temp-allocator-size-job-worker=262144"
    "memorysetup-temp-allocator-size-preload-manager=33554432"
    "memorysetup-temp-allocator-size-nav-mesh-worker=65536"
    "memorysetup-temp-allocator-size-audio-worker=65536"
    "memorysetup-temp-allocator-size-cloud-worker=32768"
    "memorysetup-temp-allocator-size-gi-baking-worker=262144"
    "memorysetup-temp-allocator-size-gfx=262144"
Player connection [39196] Host "[IP] 211.248.88.15 [Port] 0 [Flags] 2 [Guid] 1058345241 [EditorId] 1058345241 [Version] 1048832 [Id] WindowsEditor(7,PC) [Debug] 1 [PackageName] WindowsEditor [ProjectName] Editor" joined multi-casting on [225.0.0.222:54997]...

Player connection [39196] Host "[IP] 211.248.88.15 [Port] 0 [Flags] 2 [Guid] 1058345241 [EditorId] 1058345241 [Version] 1048832 [Id] WindowsEditor(7,PC) [Debug] 1 [PackageName] WindowsEditor [ProjectName] Editor" joined alternative multi-casting on [225.0.0.222:34997]...

Refreshing native plugins compatible for Editor in 65.99 ms, found 3 plugins.
Preloading 0 native plugins for Editor in 0.00 ms.
Initialize engine version: 2021.3.25f1 (68ef2c4f8861)
[Subsystems] Discovering subsystems at path D:/unity game/2021.3.25f1/Editor/Data/Resources/UnitySubsystems
[Subsystems] Discovering subsystems at path D:/GWAN/Project_GWAN(ver.1.4.0)/Assets
GfxDevice: creating device client; threaded=0; jobified=0
Direct3D:
    Version:  Direct3D 11.0 [level 11.1]
    Renderer: NVIDIA GeForce GTX 1080 Ti (ID=0x1b06)
    Vendor:   NVIDIA
    VRAM:     11120 MB
    Driver:   31.0.15.3667
Initialize mono
Mono path[0] = 'D:/unity game/2021.3.25f1/Editor/Data/Managed'
Mono path[1] = 'D:/unity game/2021.3.25f1/Editor/Data/MonoBleedingEdge/lib/mono/unityjit-win32'
Mono config path = 'D:/unity game/2021.3.25f1/Editor/Data/MonoBleedingEdge/etc'
Using monoOptions --debugger-agent=transport=dt_socket,embedding=1,server=y,suspend=n,address=127.0.0.1:56036
Begin MonoManager ReloadAssembly
Registering precompiled unity dll's ...
Register platform support module: D:/unity game/2021.3.25f1/Editor/Data/PlaybackEngines/WindowsStandaloneSupport/UnityEditor.WindowsStandalone.Extensions.dll
Registered in 0.003460 seconds.
Native extension for WindowsStandalone target not found
Refreshing native plugins compatible for Editor in 60.09 ms, found 3 plugins.
Preloading 0 native plugins for Editor in 0.00 ms.
Mono: successfully reloaded assembly
- Completed reload, in  0.523 seconds
Domain Reload Profiling:
	ReloadAssembly (524ms)
		BeginReloadAssembly (88ms)
			ExecutionOrderSort (0ms)
			DisableScriptedObjects (0ms)
			BackupInstance (0ms)
			ReleaseScriptingObjects (0ms)
			CreateAndSetChildDomain (1ms)
		EndReloadAssembly (362ms)
			LoadAssemblies (88ms)
			RebuildTransferFunctionScriptingTraits (0ms)
			SetupTypeCache (85ms)
			ReleaseScriptCaches (0ms)
			RebuildScriptCaches (21ms)
			SetupLoadedEditorAssemblies (216ms)
				LogAssemblyErrors (0ms)
				InitializePlatformSupportModulesInManaged (5ms)
				SetLoadedEditorAssemblies (0ms)
				RefreshPlugins (60ms)
				BeforeProcessingInitializeOnLoad (1ms)
				ProcessInitializeOnLoadAttributes (102ms)
				ProcessInitializeOnLoadMethodAttributes (47ms)
				AfterProcessingInitializeOnLoad (0ms)
				EditorAssembliesLoaded (0ms)
			ExecutionOrderSort2 (0ms)
			AwakeInstancesAfterBackupRestoration (0ms)
Platform modules already initialized, skipping
Registering precompiled user dll's ...
Registered in 0.006236 seconds.
Begin MonoManager ReloadAssembly
Symbol file LoadedFromMemory doesn't match image D:\GWAN\Project_GWAN(ver.1.4.0)\Library\PackageCache\com.unity.visualscripting@1.8.0\Editor\VisualScripting.Core\Dependencies\YamlDotNet\Unity.VisualScripting.YamlDotNet.dll
Symbol file LoadedFromMemory doesn't match image D:\GWAN\Project_GWAN(ver.1.4.0)\Library\PackageCache\com.unity.visualscripting@1.8.0\Editor\VisualScripting.Core\Dependencies\DotNetZip\Unity.VisualScripting.IonicZip.dll
Native extension for WindowsStandalone target not found
Refreshing native plugins compatible for Editor in 0.91 ms, found 3 plugins.
Preloading 0 native plugins for Editor in 0.00 ms.
Mono: successfully reloaded assembly
- Completed reload, in  0.828 seconds
Domain Reload Profiling:
	ReloadAssembly (829ms)
		BeginReloadAssembly (118ms)
			ExecutionOrderSort (0ms)
			DisableScriptedObjects (5ms)
			BackupInstance (0ms)
			ReleaseScriptingObjects (0ms)
			CreateAndSetChildDomain (18ms)
		EndReloadAssembly (625ms)
			LoadAssemblies (98ms)
			RebuildTransferFunctionScriptingTraits (0ms)
			SetupTypeCache (211ms)
			ReleaseScriptCaches (0ms)
			RebuildScriptCaches (38ms)
			SetupLoadedEditorAssemblies (271ms)
				LogAssemblyErrors (0ms)
				InitializePlatformSupportModulesInManaged (4ms)
				SetLoadedEditorAssemblies (0ms)
				RefreshPlugins (1ms)
				BeforeProcessingInitializeOnLoad (61ms)
				ProcessInitializeOnLoadAttributes (185ms)
				ProcessInitializeOnLoadMethodAttributes (16ms)
				AfterProcessingInitializeOnLoad (5ms)
				EditorAssembliesLoaded (0ms)
			ExecutionOrderSort2 (0ms)
			AwakeInstancesAfterBackupRestoration (11ms)
Platform modules already initialized, skipping
========================================================================
Worker process is ready to serve import requests
Launched and connected shader compiler UnityShaderCompiler.exe after 0.05 seconds
Refreshing native plugins compatible for Editor in 0.64 ms, found 3 plugins.
Preloading 0 native plugins for Editor in 0.00 ms.
Unloading 3056 Unused Serialized files (Serialized files now loaded: 0)
Unloading 24 unused Assets / (113.8 KB). Loaded Objects now: 3517.
Memory consumption went from 112.2 MB to 112.1 MB.
Total: 2.699900 ms (FindLiveObjects: 0.250200 ms CreateObjectMapping: 0.071000 ms MarkObjects: 2.278400 ms  DeleteObjects: 0.098300 ms)

AssetImportParameters requested are different than current active one (requested -> active):
  custom:video-decoder-ogg-theora: a1e56fd34408186e4bbccfd4996cb3dc -> 
  custom:container-muxer-webm: aa71ff27fc2769a1b78a27578f13a17b -> 
  custom:container-demuxer-webm: 4f35f7cbe854078d1ac9338744f61a02 -> 
  custom:video-encoder-webm-vp8: eb34c28f22e8b96e1ab97ce403110664 -> 
  custom:audio-encoder-webm-vorbis: bf7c407c2cedff20999df2af8eb42d56 -> 
  custom:framework-win-MediaFoundation: 216162199b28c13a410421893ffa2e32 -> 
  custom:container-demuxer-ogg: 62fdf1f143b41e24485cea50d1cbac27 -> 
  custom:video-decoder-webm-vp8: 9c59270c3fd7afecdb556c50c9e8de78 -> 
  custom:audio-decoder-ogg-vorbis: bf7c407c2cedff20999df2af8eb42d56 -> 
========================================================================
Received Import Request.
  Time since last request: 114889.118124 seconds.
  path: Assets/Low Poly Hexagons/Assets/Materials/HexagonsShared.mat
  artifactKey: Guid(cf051fba995609b459f0eb4baf4bb478) Importer(815301076,1909f56bfc062723c751e8b465ee728b)
Start importing Assets/Low Poly Hexagons/Assets/Materials/HexagonsShared.mat using Guid(cf051fba995609b459f0eb4baf4bb478) Importer(815301076,1909f56bfc062723c751e8b465ee728b)  -> (artifact id: 'e688734189a1a1c7caea49f321cc8fad') in 0.131168 seconds 
========================================================================
Received Import Request.
  Time since last request: 5.357892 seconds.
  path: Assets/Character
  artifactKey: Guid(38097a058bf2eed43b482de35c39da90) Importer(815301076,1909f56bfc062723c751e8b465ee728b)
Start importing Assets/Character using Guid(38097a058bf2eed43b482de35c39da90) Importer(815301076,1909f56bfc062723c751e8b465ee728b)  -> (artifact id: '7180206f7aae51c8d562cd577db871dc') in 0.009524 seconds 
========================================================================
Received Import Request.
  Time since last request: 5.026620 seconds.
  path: Assets/Modles
  artifactKey: Guid(f9bc6e4d0ff0e874f8a3bf5ae1aa8236) Importer(815301076,1909f56bfc062723c751e8b465ee728b)
Start importing Assets/Modles using Guid(f9bc6e4d0ff0e874f8a3bf5ae1aa8236) Importer(815301076,1909f56bfc062723c751e8b465ee728b)  -> (artifact id: '64d082b45a9ec3ac3789317c4eed8444') in 0.009833 seconds 
========================================================================
Received Import Request.
  Time since last request: 2.522484 seconds.
  path: Assets/Images
  artifactKey: Guid(71205e8762ca5d54f8e6727950f39656) Importer(815301076,1909f56bfc062723c751e8b465ee728b)
Start importing Assets/Images using Guid(71205e8762ca5d54f8e6727950f39656) Importer(815301076,1909f56bfc062723c751e8b465ee728b)  -> (artifact id: '19d8f05751651b7518f31fa79063c1c7') in 0.009778 seconds 
========================================================================
Received Import Request.
  Time since last request: 0.968994 seconds.
  path: Assets/Effects
  artifactKey: Guid(0a6f1cd4490db404e85742708f517577) Importer(815301076,1909f56bfc062723c751e8b465ee728b)
Start importing Assets/Effects using Guid(0a6f1cd4490db404e85742708f517577) Importer(815301076,1909f56bfc062723c751e8b465ee728b)  -> (artifact id: '748747301b8d06a6b38f857fbaf81fc2') in 0.009638 seconds 
========================================================================
Received Import Request.
  Time since last request: 1.203336 seconds.
  path: Assets/Sounds
  artifactKey: Guid(3a8d77c4d6ffacb429fa05b339d86cad) Importer(815301076,1909f56bfc062723c751e8b465ee728b)
Start importing Assets/Sounds using Guid(3a8d77c4d6ffacb429fa05b339d86cad) Importer(815301076,1909f56bfc062723c751e8b465ee728b)  -> (artifact id: 'd856d371a0f0000df9b340471e4211fc') in 0.009766 seconds 
========================================================================
Received Import Request.
  Time since last request: 1.088160 seconds.
  path: Assets/Texture
  artifactKey: Guid(2f8eb029773378849831211053bcbdf8) Importer(815301076,1909f56bfc062723c751e8b465ee728b)
Start importing Assets/Texture using Guid(2f8eb029773378849831211053bcbdf8) Importer(815301076,1909f56bfc062723c751e8b465ee728b)  -> (artifact id: '9425ab4fcecc8f69b08af9b67b3a3078') in 0.009632 seconds 
========================================================================
Received Import Request.
  Time since last request: 1.531262 seconds.
  path: Assets/Texture/Materials
  artifactKey: Guid(0786a53d4ebe2dc4eb464c6a8fc21f11) Importer(815301076,1909f56bfc062723c751e8b465ee728b)
Start importing Assets/Texture/Materials using Guid(0786a53d4ebe2dc4eb464c6a8fc21f11) Importer(815301076,1909f56bfc062723c751e8b465ee728b)  -> (artifact id: '796ed3819fcbb8bce849e0d028d66f8b') in 0.009691 seconds 
========================================================================
Received Import Request.
  Time since last request: 27.301908 seconds.
  path: Assets/Modles/캐릭터_01.blend
  artifactKey: Guid(9acac00dfdf9064408c6837100734d6a) Importer(815301076,1909f56bfc062723c751e8b465ee728b)
Start importing Assets/Modles/캐릭터_01.blend using Guid(9acac00dfdf9064408c6837100734d6a) Importer(815301076,1909f56bfc062723c751e8b465ee728b)  -> (artifact id: '58224e4b479e9996816ae80487fc1a94') in 0.222933 seconds 
========================================================================
Received Import Request.
  Time since last request: 71.857701 seconds.
  path: Assets/Scrpts/MapScrpts/PlayerHexTile.cs
  artifactKey: Guid(7928cf4c0e55a9240b6a9af4f12f9d42) Importer(815301076,1909f56bfc062723c751e8b465ee728b)
Start importing Assets/Scrpts/MapScrpts/PlayerHexTile.cs using Guid(7928cf4c0e55a9240b6a9af4f12f9d42) Importer(815301076,1909f56bfc062723c751e8b465ee728b)  -> (artifact id: 'edc180f285cc96997091226b96ed0794') in 0.020650 seconds 
========================================================================
Received Prepare
Registering precompiled user dll's ...
Registered in 0.005507 seconds.
Begin MonoManager ReloadAssembly
Symbol file LoadedFromMemory doesn't match image D:\GWAN\Project_GWAN(ver.1.4.0)\Library\PackageCache\com.unity.visualscripting@1.8.0\Editor\VisualScripting.Core\Dependencies\YamlDotNet\Unity.VisualScripting.YamlDotNet.dll
Symbol file LoadedFromMemory doesn't match image D:\GWAN\Project_GWAN(ver.1.4.0)\Library\PackageCache\com.unity.visualscripting@1.8.0\Editor\VisualScripting.Core\Dependencies\DotNetZip\Unity.VisualScripting.IonicZip.dll
Native extension for WindowsStandalone target not found
Refreshing native plugins compatible for Editor in 0.51 ms, found 3 plugins.
Preloading 0 native plugins for Editor in 0.00 ms.
Mono: successfully reloaded assembly
- Completed reload, in  0.813 seconds
Domain Reload Profiling:
	ReloadAssembly (814ms)
		BeginReloadAssembly (133ms)
			ExecutionOrderSort (0ms)
			DisableScriptedObjects (3ms)
			BackupInstance (0ms)
			ReleaseScriptingObjects (0ms)
			CreateAndSetChildDomain (33ms)
		EndReloadAssembly (601ms)
			LoadAssemblies (94ms)
			RebuildTransferFunctionScriptingTraits (0ms)
			SetupTypeCache (210ms)
			ReleaseScriptCaches (1ms)
			RebuildScriptCaches (34ms)
			SetupLoadedEditorAssemblies (242ms)
				LogAssemblyErrors (0ms)
				InitializePlatformSupportModulesInManaged (4ms)
				SetLoadedEditorAssemblies (0ms)
				RefreshPlugins (1ms)
				BeforeProcessingInitializeOnLoad (49ms)
				ProcessInitializeOnLoadAttributes (167ms)
				ProcessInitializeOnLoadMethodAttributes (16ms)
				AfterProcessingInitializeOnLoad (5ms)
				EditorAssembliesLoaded (0ms)
			ExecutionOrderSort2 (0ms)
			AwakeInstancesAfterBackupRestoration (12ms)
Platform modules already initialized, skipping
Refreshing native plugins compatible for Editor in 1.69 ms, found 3 plugins.
Preloading 0 native plugins for Editor in 0.00 ms.
Unloading 3051 Unused Serialized files (Serialized files now loaded: 0)
Unloading 17 unused Assets / (80.3 KB). Loaded Objects now: 3565.
Memory consumption went from 116.9 MB to 116.9 MB.
Total: 2.457900 ms (FindLiveObjects: 0.215200 ms CreateObjectMapping: 0.060100 ms MarkObjects: 2.099300 ms  DeleteObjects: 0.082500 ms)

AssetImportParameters requested are different than current active one (requested -> active):
  custom:video-decoder-ogg-theora: a1e56fd34408186e4bbccfd4996cb3dc -> 
  custom:container-muxer-webm: aa71ff27fc2769a1b78a27578f13a17b -> 
  custom:container-demuxer-webm: 4f35f7cbe854078d1ac9338744f61a02 -> 
  custom:video-encoder-webm-vp8: eb34c28f22e8b96e1ab97ce403110664 -> 
  custom:audio-encoder-webm-vorbis: bf7c407c2cedff20999df2af8eb42d56 -> 
  custom:framework-win-MediaFoundation: 216162199b28c13a410421893ffa2e32 -> 
  custom:container-demuxer-ogg: 62fdf1f143b41e24485cea50d1cbac27 -> 
  custom:video-decoder-webm-vp8: 9c59270c3fd7afecdb556c50c9e8de78 -> 
  custom:audio-decoder-ogg-vorbis: bf7c407c2cedff20999df2af8eb42d56 -> 
