Using pre-set license
Built from '2021.3/staging' branch; Version is '2021.3.25f1 (68ef2c4f8861) revision 6876972'; Using compiler version '192829333'; Build Type 'Release'
OS: 'Windows 11  (10.0.22621) 64bit Professional' Language: 'ja' Physical Memory: 24267 MB
BatchMode: 1, IsHumanControllingUs: 0, StartBugReporterOnCrash: 0, Is64bit: 1, IsPro: 1

COMMAND LINE ARGUMENTS:
C:\Program Files\Unity\Hub\Editor\2021.3.25f1\Editor\Unity.exe
-adb2
-batchMode
-noUpm
-name
AssetImportWorker1
-projectPath
C:/Users/SKY/Documents/GitHub/GWAN/Project_GWAN(ver.1.4.0)
-logFile
Logs/AssetImportWorker1.log
-srvPort
64110
Successfully changed project path to: C:/Users/SKY/Documents/GitHub/GWAN/Project_GWAN(ver.1.4.0)
C:/Users/SKY/Documents/GitHub/GWAN/Project_GWAN(ver.1.4.0)
[UnityMemory] Configuration Parameters - Can be set up in boot.config
    "memorysetup-bucket-allocator-granularity=16"
    "memorysetup-bucket-allocator-bucket-count=8"
    "memorysetup-bucket-allocator-block-size=33554432"
    "memorysetup-bucket-allocator-block-count=8"
    "memorysetup-main-allocator-block-size=16777216"
    "memorysetup-thread-allocator-block-size=16777216"
    "memorysetup-gfx-main-allocator-block-size=16777216"
    "memorysetup-gfx-thread-allocator-block-size=16777216"
    "memorysetup-cache-allocator-block-size=4194304"
    "memorysetup-typetree-allocator-block-size=2097152"
    "memorysetup-profiler-bucket-allocator-granularity=16"
    "memorysetup-profiler-bucket-allocator-bucket-count=8"
    "memorysetup-profiler-bucket-allocator-block-size=33554432"
    "memorysetup-profiler-bucket-allocator-block-count=8"
    "memorysetup-profiler-allocator-block-size=16777216"
    "memorysetup-profiler-editor-allocator-block-size=1048576"
    "memorysetup-temp-allocator-size-main=16777216"
    "memorysetup-job-temp-allocator-block-size=2097152"
    "memorysetup-job-temp-allocator-block-size-background=1048576"
    "memorysetup-job-temp-allocator-reduction-small-platforms=262144"
    "memorysetup-temp-allocator-size-background-worker=32768"
    "memorysetup-temp-allocator-size-job-worker=262144"
    "memorysetup-temp-allocator-size-preload-manager=33554432"
    "memorysetup-temp-allocator-size-nav-mesh-worker=65536"
    "memorysetup-temp-allocator-size-audio-worker=65536"
    "memorysetup-temp-allocator-size-cloud-worker=32768"
    "memorysetup-temp-allocator-size-gi-baking-worker=262144"
    "memorysetup-temp-allocator-size-gfx=262144"
Player connection [18792] Host "[IP] 192.168.1.79 [Port] 0 [Flags] 2 [Guid] 3518683101 [EditorId] 3518683101 [Version] 1048832 [Id] WindowsEditor(7,DESKTOP-IIC60CL) [Debug] 1 [PackageName] WindowsEditor [ProjectName] Editor" joined multi-casting on [225.0.0.222:54997]...

Player connection [18792] Host "[IP] 192.168.1.79 [Port] 0 [Flags] 2 [Guid] 3518683101 [EditorId] 3518683101 [Version] 1048832 [Id] WindowsEditor(7,DESKTOP-IIC60CL) [Debug] 1 [PackageName] WindowsEditor [ProjectName] Editor" joined alternative multi-casting on [225.0.0.222:34997]...

Refreshing native plugins compatible for Editor in 59.83 ms, found 3 plugins.
Preloading 0 native plugins for Editor in 0.00 ms.
Initialize engine version: 2021.3.25f1 (68ef2c4f8861)
[Subsystems] Discovering subsystems at path C:/Program Files/Unity/Hub/Editor/2021.3.25f1/Editor/Data/Resources/UnitySubsystems
[Subsystems] Discovering subsystems at path C:/Users/SKY/Documents/GitHub/GWAN/Project_GWAN(ver.1.4.0)/Assets
GfxDevice: creating device client; threaded=0; jobified=0
Direct3D:
    Version:  Direct3D 11.0 [level 11.1]
    Renderer: Intel(R) Iris(R) Xe Graphics (ID=0x9a49)
    Vendor:   Intel
    VRAM:     12133 MB
    Driver:   30.0.101.1631
Initialize mono
Mono path[0] = 'C:/Program Files/Unity/Hub/Editor/2021.3.25f1/Editor/Data/Managed'
Mono path[1] = 'C:/Program Files/Unity/Hub/Editor/2021.3.25f1/Editor/Data/MonoBleedingEdge/lib/mono/unityjit-win32'
Mono config path = 'C:/Program Files/Unity/Hub/Editor/2021.3.25f1/Editor/Data/MonoBleedingEdge/etc'
Using monoOptions --debugger-agent=transport=dt_socket,embedding=1,server=y,suspend=n,address=127.0.0.1:56348
Begin MonoManager ReloadAssembly
Registering precompiled unity dll's ...
Register platform support module: C:/Program Files/Unity/Hub/Editor/2021.3.25f1/Editor/Data/PlaybackEngines/AndroidPlayer/UnityEditor.Android.Extensions.dll
Register platform support module: C:/Program Files/Unity/Hub/Editor/2021.3.25f1/Editor/Data/PlaybackEngines/iOSSupport/UnityEditor.iOS.Extensions.dll
Register platform support module: C:/Program Files/Unity/Hub/Editor/2021.3.25f1/Editor/Data/PlaybackEngines/WindowsStandaloneSupport/UnityEditor.WindowsStandalone.Extensions.dll
Registered in 0.010735 seconds.
Native extension for WindowsStandalone target not found
[usbmuxd] Start listen thread
[usbmuxd] Listen thread started
Native extension for iOS target not found
Native extension for Android target not found
Android Extension - Scanning For ADB Devices 356 ms
Refreshing native plugins compatible for Editor in 53.17 ms, found 3 plugins.
Preloading 0 native plugins for Editor in 0.00 ms.
Mono: successfully reloaded assembly
- Completed reload, in  0.944 seconds
Domain Reload Profiling:
	ReloadAssembly (944ms)
		BeginReloadAssembly (86ms)
			ExecutionOrderSort (0ms)
			DisableScriptedObjects (0ms)
			BackupInstance (0ms)
			ReleaseScriptingObjects (0ms)
			CreateAndSetChildDomain (1ms)
		EndReloadAssembly (764ms)
			LoadAssemblies (85ms)
			RebuildTransferFunctionScriptingTraits (0ms)
			SetupTypeCache (94ms)
			ReleaseScriptCaches (0ms)
			RebuildScriptCaches (24ms)
			SetupLoadedEditorAssemblies (603ms)
				LogAssemblyErrors (0ms)
				InitializePlatformSupportModulesInManaged (434ms)
				SetLoadedEditorAssemblies (0ms)
				RefreshPlugins (53ms)
				BeforeProcessingInitializeOnLoad (1ms)
				ProcessInitializeOnLoadAttributes (67ms)
				ProcessInitializeOnLoadMethodAttributes (48ms)
				AfterProcessingInitializeOnLoad (0ms)
				EditorAssembliesLoaded (0ms)
			ExecutionOrderSort2 (0ms)
			AwakeInstancesAfterBackupRestoration (0ms)
Platform modules already initialized, skipping
Registering precompiled user dll's ...
Registered in 0.007592 seconds.
Begin MonoManager ReloadAssembly
Symbol file LoadedFromMemory doesn't match image C:\Users\SKY\Documents\GitHub\GWAN\Project_GWAN(ver.1.4.0)\Library\PackageCache\com.unity.visualscripting@1.8.0\Editor\VisualScripting.Core\Dependencies\YamlDotNet\Unity.VisualScripting.YamlDotNet.dll
Symbol file LoadedFromMemory doesn't match image C:\Users\SKY\Documents\GitHub\GWAN\Project_GWAN(ver.1.4.0)\Library\PackageCache\com.unity.visualscripting@1.8.0\Editor\VisualScripting.Core\Dependencies\DotNetZip\Unity.VisualScripting.IonicZip.dll
Native extension for WindowsStandalone target not found
Native extension for iOS target not found
Native extension for Android target not found
Refreshing native plugins compatible for Editor in 0.57 ms, found 3 plugins.
Preloading 0 native plugins for Editor in 0.00 ms.
Mono: successfully reloaded assembly
- Completed reload, in  0.887 seconds
Domain Reload Profiling:
	ReloadAssembly (887ms)
		BeginReloadAssembly (110ms)
			ExecutionOrderSort (0ms)
			DisableScriptedObjects (5ms)
			BackupInstance (0ms)
			ReleaseScriptingObjects (0ms)
			CreateAndSetChildDomain (16ms)
		EndReloadAssembly (675ms)
			LoadAssemblies (96ms)
			RebuildTransferFunctionScriptingTraits (0ms)
			SetupTypeCache (218ms)
			ReleaseScriptCaches (0ms)
			RebuildScriptCaches (44ms)
			SetupLoadedEditorAssemblies (294ms)
				LogAssemblyErrors (0ms)
				InitializePlatformSupportModulesInManaged (31ms)
				SetLoadedEditorAssemblies (0ms)
				RefreshPlugins (1ms)
				BeforeProcessingInitializeOnLoad (77ms)
				ProcessInitializeOnLoadAttributes (161ms)
				ProcessInitializeOnLoadMethodAttributes (14ms)
				AfterProcessingInitializeOnLoad (9ms)
				EditorAssembliesLoaded (0ms)
			ExecutionOrderSort2 (0ms)
			AwakeInstancesAfterBackupRestoration (17ms)
Platform modules already initialized, skipping
========================================================================
Worker process is ready to serve import requests
Launched and connected shader compiler UnityShaderCompiler.exe after 0.05 seconds
Refreshing native plugins compatible for Editor in 0.45 ms, found 3 plugins.
Preloading 0 native plugins for Editor in 0.00 ms.
Unloading 3057 Unused Serialized files (Serialized files now loaded: 0)
Unloading 24 unused Assets / (341.8 KB). Loaded Objects now: 3521.
Memory consumption went from 112.7 MB to 112.4 MB.
Total: 2.521500 ms (FindLiveObjects: 0.317200 ms CreateObjectMapping: 0.190500 ms MarkObjects: 1.922700 ms  DeleteObjects: 0.090400 ms)

AssetImportParameters requested are different than current active one (requested -> active):
  custom:video-decoder-ogg-theora: a1e56fd34408186e4bbccfd4996cb3dc -> 
  custom:container-muxer-webm: aa71ff27fc2769a1b78a27578f13a17b -> 
  custom:container-demuxer-webm: 4f35f7cbe854078d1ac9338744f61a02 -> 
  custom:video-encoder-webm-vp8: eb34c28f22e8b96e1ab97ce403110664 -> 
  custom:video-codec-MediaFoundation-h265: 746d11721c4dcdbdad8f713fa42b33f4 -> 
  custom:audio-encoder-webm-vorbis: bf7c407c2cedff20999df2af8eb42d56 -> 
  custom:framework-win-MediaFoundation: 216162199b28c13a410421893ffa2e32 -> 
  custom:container-demuxer-ogg: 62fdf1f143b41e24485cea50d1cbac27 -> 
  custom:video-decoder-webm-vp8: 9c59270c3fd7afecdb556c50c9e8de78 -> 
  custom:audio-decoder-ogg-vorbis: bf7c407c2cedff20999df2af8eb42d56 -> 
========================================================================
Received Import Request.
  Time since last request: 96007.918070 seconds.
  path: Assets/TestHexTilePrefabs
  artifactKey: Guid(4230c842e3e9e9341844ad4bae796e53) Importer(815301076,1909f56bfc062723c751e8b465ee728b)
Start importing Assets/TestHexTilePrefabs using Guid(4230c842e3e9e9341844ad4bae796e53) Importer(815301076,1909f56bfc062723c751e8b465ee728b)  -> (artifact id: 'bc184f8bb85ab4f93994b1b3e4173518') in 0.007261 seconds 
========================================================================
Received Prepare
Registering precompiled user dll's ...
Registered in 0.007857 seconds.
Begin MonoManager ReloadAssembly
Symbol file LoadedFromMemory doesn't match image C:\Users\SKY\Documents\GitHub\GWAN\Project_GWAN(ver.1.4.0)\Library\PackageCache\com.unity.visualscripting@1.8.0\Editor\VisualScripting.Core\Dependencies\YamlDotNet\Unity.VisualScripting.YamlDotNet.dll
Symbol file LoadedFromMemory doesn't match image C:\Users\SKY\Documents\GitHub\GWAN\Project_GWAN(ver.1.4.0)\Library\PackageCache\com.unity.visualscripting@1.8.0\Editor\VisualScripting.Core\Dependencies\DotNetZip\Unity.VisualScripting.IonicZip.dll
Native extension for WindowsStandalone target not found
Native extension for iOS target not found
Native extension for Android target not found
Refreshing native plugins compatible for Editor in 0.66 ms, found 3 plugins.
Preloading 0 native plugins for Editor in 0.00 ms.
Mono: successfully reloaded assembly
- Completed reload, in  1.530 seconds
Domain Reload Profiling:
	ReloadAssembly (1531ms)
		BeginReloadAssembly (144ms)
			ExecutionOrderSort (0ms)
			DisableScriptedObjects (4ms)
			BackupInstance (0ms)
			ReleaseScriptingObjects (0ms)
			CreateAndSetChildDomain (31ms)
		EndReloadAssembly (1234ms)
			LoadAssemblies (141ms)
			RebuildTransferFunctionScriptingTraits (0ms)
			SetupTypeCache (425ms)
			ReleaseScriptCaches (2ms)
			RebuildScriptCaches (63ms)
			SetupLoadedEditorAssemblies (496ms)
				LogAssemblyErrors (0ms)
				InitializePlatformSupportModulesInManaged (58ms)
				SetLoadedEditorAssemblies (1ms)
				RefreshPlugins (1ms)
				BeforeProcessingInitializeOnLoad (101ms)
				ProcessInitializeOnLoadAttributes (288ms)
				ProcessInitializeOnLoadMethodAttributes (30ms)
				AfterProcessingInitializeOnLoad (17ms)
				EditorAssembliesLoaded (0ms)
			ExecutionOrderSort2 (0ms)
			AwakeInstancesAfterBackupRestoration (30ms)
Platform modules already initialized, skipping
Refreshing native plugins compatible for Editor in 1.62 ms, found 3 plugins.
Preloading 0 native plugins for Editor in 0.00 ms.
Unloading 3051 Unused Serialized files (Serialized files now loaded: 0)
Unloading 17 unused Assets / (80.1 KB). Loaded Objects now: 3524.
Memory consumption went from 112.1 MB to 112.0 MB.
Total: 2.018200 ms (FindLiveObjects: 0.197600 ms CreateObjectMapping: 0.083200 ms MarkObjects: 1.663900 ms  DeleteObjects: 0.071800 ms)

AssetImportParameters requested are different than current active one (requested -> active):
  custom:video-decoder-ogg-theora: a1e56fd34408186e4bbccfd4996cb3dc -> 
  custom:container-muxer-webm: aa71ff27fc2769a1b78a27578f13a17b -> 
  custom:container-demuxer-webm: 4f35f7cbe854078d1ac9338744f61a02 -> 
  custom:video-encoder-webm-vp8: eb34c28f22e8b96e1ab97ce403110664 -> 
  custom:video-codec-MediaFoundation-h265: 746d11721c4dcdbdad8f713fa42b33f4 -> 
  custom:audio-encoder-webm-vorbis: bf7c407c2cedff20999df2af8eb42d56 -> 
  custom:framework-win-MediaFoundation: 216162199b28c13a410421893ffa2e32 -> 
  custom:container-demuxer-ogg: 62fdf1f143b41e24485cea50d1cbac27 -> 
  custom:video-decoder-webm-vp8: 9c59270c3fd7afecdb556c50c9e8de78 -> 
  custom:audio-decoder-ogg-vorbis: bf7c407c2cedff20999df2af8eb42d56 -> 
========================================================================
Received Import Request.
  Time since last request: 69.418525 seconds.
  path: Assets/Low Poly Hexagons/Assets/Models/Objects/Candy2.fbx
  artifactKey: Guid(c4d5949fad8f91146994bff78a215afd) Importer(815301076,1909f56bfc062723c751e8b465ee728b)
Start importing Assets/Low Poly Hexagons/Assets/Models/Objects/Candy2.fbx using Guid(c4d5949fad8f91146994bff78a215afd) Importer(815301076,1909f56bfc062723c751e8b465ee728b)  -> (artifact id: 'f363f2d394ec989af49fd2659bf6a223') in 0.214262 seconds 
========================================================================
Received Import Request.
  Time since last request: 0.000027 seconds.
  path: Assets/Low Poly Hexagons/Assets/Models/Objects/RockyEdge.fbx
  artifactKey: Guid(f2d0288fa3d281746a6f4494b54431ae) Importer(815301076,1909f56bfc062723c751e8b465ee728b)
Start importing Assets/Low Poly Hexagons/Assets/Models/Objects/RockyEdge.fbx using Guid(f2d0288fa3d281746a6f4494b54431ae) Importer(815301076,1909f56bfc062723c751e8b465ee728b)  -> (artifact id: 'b7211ccab9b3535421c14434e9166378') in 0.024639 seconds 
========================================================================
Received Import Request.
  Time since last request: 0.000090 seconds.
  path: Assets/Low Poly Hexagons/Assets/Models/Objects/Town.fbx
  artifactKey: Guid(cb4eccc9f4c069044b0526dfc89cf901) Importer(815301076,1909f56bfc062723c751e8b465ee728b)
Start importing Assets/Low Poly Hexagons/Assets/Models/Objects/Town.fbx using Guid(cb4eccc9f4c069044b0526dfc89cf901) Importer(815301076,1909f56bfc062723c751e8b465ee728b)  -> (artifact id: 'bf30016f83b57221aef6ae2222b8a6d2') in 0.026691 seconds 
========================================================================
Received Import Request.
  Time since last request: 0.000059 seconds.
  path: Assets/Low Poly Hexagons/Assets/Models/Objects/SnowyForest.fbx
  artifactKey: Guid(cc1ce4a5dea32ed468e94f11f637f10f) Importer(815301076,1909f56bfc062723c751e8b465ee728b)
Start importing Assets/Low Poly Hexagons/Assets/Models/Objects/SnowyForest.fbx using Guid(cc1ce4a5dea32ed468e94f11f637f10f) Importer(815301076,1909f56bfc062723c751e8b465ee728b)  -> (artifact id: '25851d67d62254ab52a17d9c6efc5e99') in 0.029571 seconds 
========================================================================
Received Import Request.
  Time since last request: 0.000068 seconds.
  path: Assets/Low Poly Hexagons/Assets/Models/Objects/HellTrees.fbx
  artifactKey: Guid(363747246ac62bc46a1ac8459be93e63) Importer(815301076,1909f56bfc062723c751e8b465ee728b)
Start importing Assets/Low Poly Hexagons/Assets/Models/Objects/HellTrees.fbx using Guid(363747246ac62bc46a1ac8459be93e63) Importer(815301076,1909f56bfc062723c751e8b465ee728b)  -> (artifact id: '040673ded9949bd073d575c18c97821c') in 0.023983 seconds 
========================================================================
Received Import Request.
  Time since last request: 0.000058 seconds.
  path: Assets/Low Poly Hexagons/Assets/Models/Objects/SelectionRed.fbx
  artifactKey: Guid(3473d0131f929c8498dd62c83ef0056e) Importer(815301076,1909f56bfc062723c751e8b465ee728b)
Start importing Assets/Low Poly Hexagons/Assets/Models/Objects/SelectionRed.fbx using Guid(3473d0131f929c8498dd62c83ef0056e) Importer(815301076,1909f56bfc062723c751e8b465ee728b)  -> (artifact id: '9c699f49748fc129b4e463fceb9ebeae') in 0.024981 seconds 
========================================================================
Received Import Request.
  Time since last request: 0.000038 seconds.
  path: Assets/Low Poly Hexagons/Assets/Models/Objects/Forest2.fbx
  artifactKey: Guid(30b8fddb9d59fdc4482ca80c2650ea55) Importer(815301076,1909f56bfc062723c751e8b465ee728b)
Start importing Assets/Low Poly Hexagons/Assets/Models/Objects/Forest2.fbx using Guid(30b8fddb9d59fdc4482ca80c2650ea55) Importer(815301076,1909f56bfc062723c751e8b465ee728b)  -> (artifact id: '981e20d3a7e81a74b8675af612c3b647') in 0.031323 seconds 
========================================================================
Received Import Request.
  Time since last request: 0.000026 seconds.
  path: Assets/Low Poly Hexagons/Assets/Models/Objects/Desert2.fbx
  artifactKey: Guid(733a5877dfd4c884cbf06292ffe18ab1) Importer(815301076,1909f56bfc062723c751e8b465ee728b)
Start importing Assets/Low Poly Hexagons/Assets/Models/Objects/Desert2.fbx using Guid(733a5877dfd4c884cbf06292ffe18ab1) Importer(815301076,1909f56bfc062723c751e8b465ee728b)  -> (artifact id: '55bf53f6b9e5da99a39d5934d72b669f') in 0.026512 seconds 
========================================================================
Received Import Request.
  Time since last request: 0.000021 seconds.
  path: Assets/Low Poly Hexagons/Assets/Models/Objects/SelectionYellow.fbx
  artifactKey: Guid(38b4a46b3af9ffd4894a9ceaad98ab07) Importer(815301076,1909f56bfc062723c751e8b465ee728b)
Start importing Assets/Low Poly Hexagons/Assets/Models/Objects/SelectionYellow.fbx using Guid(38b4a46b3af9ffd4894a9ceaad98ab07) Importer(815301076,1909f56bfc062723c751e8b465ee728b)  -> (artifact id: '3b8d7540699e268a2fc3db47a138b5bf') in 0.027034 seconds 
========================================================================
Received Import Request.
  Time since last request: 0.000019 seconds.
  path: Assets/Low Poly Hexagons/Assets/Models/Objects/Swamp.fbx
  artifactKey: Guid(30b38218aa154f045b0df6d51bde641d) Importer(815301076,1909f56bfc062723c751e8b465ee728b)
Start importing Assets/Low Poly Hexagons/Assets/Models/Objects/Swamp.fbx using Guid(30b38218aa154f045b0df6d51bde641d) Importer(815301076,1909f56bfc062723c751e8b465ee728b)  -> (artifact id: 'ec360b4284c3fd5a77569e5695dc0802') in 0.027382 seconds 
========================================================================
Received Import Request.
  Time since last request: 0.000028 seconds.
  path: Assets/Low Poly Hexagons/Assets/Models/Objects/GlaciersOnWater.fbx
  artifactKey: Guid(1d59c68e50152a7469718524c718b591) Importer(815301076,1909f56bfc062723c751e8b465ee728b)
Start importing Assets/Low Poly Hexagons/Assets/Models/Objects/GlaciersOnWater.fbx using Guid(1d59c68e50152a7469718524c718b591) Importer(815301076,1909f56bfc062723c751e8b465ee728b)  -> (artifact id: '830549268d8e0694ee51555cb0c0558a') in 0.026634 seconds 
========================================================================
Received Import Request.
  Time since last request: 0.000022 seconds.
  path: Assets/Low Poly Hexagons/Assets/Models/Objects/RoadEnd.fbx
  artifactKey: Guid(e80f0d7a06f0d2e4681e3650923cc24f) Importer(815301076,1909f56bfc062723c751e8b465ee728b)
Start importing Assets/Low Poly Hexagons/Assets/Models/Objects/RoadEnd.fbx using Guid(e80f0d7a06f0d2e4681e3650923cc24f) Importer(815301076,1909f56bfc062723c751e8b465ee728b)  -> (artifact id: 'a2959435e327854939bf6c1e4b620797') in 0.022763 seconds 
========================================================================
Received Import Request.
  Time since last request: 0.000027 seconds.
  path: Assets/Low Poly Hexagons/Assets/Models/Objects/Fence.fbx
  artifactKey: Guid(017dba9d3f86e55429403ce249b9d374) Importer(815301076,1909f56bfc062723c751e8b465ee728b)
Start importing Assets/Low Poly Hexagons/Assets/Models/Objects/Fence.fbx using Guid(017dba9d3f86e55429403ce249b9d374) Importer(815301076,1909f56bfc062723c751e8b465ee728b)  -> (artifact id: '4137334bdd81cc7642f4677f5a63fa63') in 0.026491 seconds 
========================================================================
Received Import Request.
  Time since last request: 0.000069 seconds.
  path: Assets/Low Poly Hexagons/Assets/Models/Objects/Pyramids.fbx
  artifactKey: Guid(3fd8a9196474680459c3f3e86e4a1ca0) Importer(815301076,1909f56bfc062723c751e8b465ee728b)
Start importing Assets/Low Poly Hexagons/Assets/Models/Objects/Pyramids.fbx using Guid(3fd8a9196474680459c3f3e86e4a1ca0) Importer(815301076,1909f56bfc062723c751e8b465ee728b)  -> (artifact id: '2db127bea1459d4a1a6b2bede2f1aca2') in 0.024357 seconds 
========================================================================
Received Import Request.
  Time since last request: 0.000042 seconds.
  path: Assets/Low Poly Hexagons/Assets/Models/Objects/EvilCastle.fbx
  artifactKey: Guid(babdee3501cc4c544857998486e731f4) Importer(815301076,1909f56bfc062723c751e8b465ee728b)
Start importing Assets/Low Poly Hexagons/Assets/Models/Objects/EvilCastle.fbx using Guid(babdee3501cc4c544857998486e731f4) Importer(815301076,1909f56bfc062723c751e8b465ee728b)  -> (artifact id: 'af23b6f1f608851f9d7a4b0ba84870fa') in 0.021656 seconds 
========================================================================
Received Import Request.
  Time since last request: 0.000032 seconds.
  path: Assets/Low Poly Hexagons/Assets/Models/Objects/Desert.fbx
  artifactKey: Guid(a025a32516828c34990573f705b51da8) Importer(815301076,1909f56bfc062723c751e8b465ee728b)
Start importing Assets/Low Poly Hexagons/Assets/Models/Objects/Desert.fbx using Guid(a025a32516828c34990573f705b51da8) Importer(815301076,1909f56bfc062723c751e8b465ee728b)  -> (artifact id: '412d401de932295ad3f693d1f63d4ef7') in 0.031709 seconds 
========================================================================
Received Import Request.
  Time since last request: 0.000029 seconds.
  path: Assets/Low Poly Hexagons/Assets/Models/Objects/Forest.fbx
  artifactKey: Guid(26be381455f4a274c8688dd8ff4f5893) Importer(815301076,1909f56bfc062723c751e8b465ee728b)
Start importing Assets/Low Poly Hexagons/Assets/Models/Objects/Forest.fbx using Guid(26be381455f4a274c8688dd8ff4f5893) Importer(815301076,1909f56bfc062723c751e8b465ee728b)  -> (artifact id: 'cae6383e2d7ffcb73ac860765f3e4775') in 0.030574 seconds 
========================================================================
Received Prepare
Registering precompiled user dll's ...
Registered in 0.006575 seconds.
Begin MonoManager ReloadAssembly
Symbol file LoadedFromMemory doesn't match image C:\Users\SKY\Documents\GitHub\GWAN\Project_GWAN(ver.1.4.0)\Library\PackageCache\com.unity.visualscripting@1.8.0\Editor\VisualScripting.Core\Dependencies\YamlDotNet\Unity.VisualScripting.YamlDotNet.dll
Symbol file LoadedFromMemory doesn't match image C:\Users\SKY\Documents\GitHub\GWAN\Project_GWAN(ver.1.4.0)\Library\PackageCache\com.unity.visualscripting@1.8.0\Editor\VisualScripting.Core\Dependencies\DotNetZip\Unity.VisualScripting.IonicZip.dll
Native extension for WindowsStandalone target not found
Native extension for iOS target not found
Native extension for Android target not found
Refreshing native plugins compatible for Editor in 1.00 ms, found 3 plugins.
Preloading 0 native plugins for Editor in 0.00 ms.
Mono: successfully reloaded assembly
- Completed reload, in  1.778 seconds
Domain Reload Profiling:
	ReloadAssembly (1779ms)
		BeginReloadAssembly (295ms)
			ExecutionOrderSort (0ms)
			DisableScriptedObjects (7ms)
			BackupInstance (0ms)
			ReleaseScriptingObjects (0ms)
			CreateAndSetChildDomain (81ms)
		EndReloadAssembly (1313ms)
			LoadAssemblies (227ms)
			RebuildTransferFunctionScriptingTraits (0ms)
			SetupTypeCache (440ms)
			ReleaseScriptCaches (3ms)
			RebuildScriptCaches (78ms)
			SetupLoadedEditorAssemblies (525ms)
				LogAssemblyErrors (0ms)
				InitializePlatformSupportModulesInManaged (64ms)
				SetLoadedEditorAssemblies (1ms)
				RefreshPlugins (3ms)
				BeforeProcessingInitializeOnLoad (101ms)
				ProcessInitializeOnLoadAttributes (305ms)
				ProcessInitializeOnLoadMethodAttributes (33ms)
				AfterProcessingInitializeOnLoad (19ms)
				EditorAssembliesLoaded (0ms)
			ExecutionOrderSort2 (0ms)
			AwakeInstancesAfterBackupRestoration (33ms)
Platform modules already initialized, skipping
Refreshing native plugins compatible for Editor in 5.18 ms, found 3 plugins.
Preloading 0 native plugins for Editor in 0.00 ms.
Unloading 3051 Unused Serialized files (Serialized files now loaded: 0)
Unloading 17 unused Assets / (80.3 KB). Loaded Objects now: 3537.
Memory consumption went from 112.5 MB to 112.4 MB.
Total: 4.209400 ms (FindLiveObjects: 0.494300 ms CreateObjectMapping: 0.147800 ms MarkObjects: 3.375700 ms  DeleteObjects: 0.189400 ms)

AssetImportParameters requested are different than current active one (requested -> active):
  custom:video-decoder-ogg-theora: a1e56fd34408186e4bbccfd4996cb3dc -> 
  custom:container-muxer-webm: aa71ff27fc2769a1b78a27578f13a17b -> 
  custom:container-demuxer-webm: 4f35f7cbe854078d1ac9338744f61a02 -> 
  custom:video-encoder-webm-vp8: eb34c28f22e8b96e1ab97ce403110664 -> 
  custom:video-codec-MediaFoundation-h265: 746d11721c4dcdbdad8f713fa42b33f4 -> 
  custom:audio-encoder-webm-vorbis: bf7c407c2cedff20999df2af8eb42d56 -> 
  custom:framework-win-MediaFoundation: 216162199b28c13a410421893ffa2e32 -> 
  custom:container-demuxer-ogg: 62fdf1f143b41e24485cea50d1cbac27 -> 
  custom:video-decoder-webm-vp8: 9c59270c3fd7afecdb556c50c9e8de78 -> 
  custom:audio-decoder-ogg-vorbis: bf7c407c2cedff20999df2af8eb42d56 -> 
========================================================================
Received Prepare
Registering precompiled user dll's ...
Registered in 0.006782 seconds.
Begin MonoManager ReloadAssembly
Symbol file LoadedFromMemory doesn't match image C:\Users\SKY\Documents\GitHub\GWAN\Project_GWAN(ver.1.4.0)\Library\PackageCache\com.unity.visualscripting@1.8.0\Editor\VisualScripting.Core\Dependencies\YamlDotNet\Unity.VisualScripting.YamlDotNet.dll
Symbol file LoadedFromMemory doesn't match image C:\Users\SKY\Documents\GitHub\GWAN\Project_GWAN(ver.1.4.0)\Library\PackageCache\com.unity.visualscripting@1.8.0\Editor\VisualScripting.Core\Dependencies\DotNetZip\Unity.VisualScripting.IonicZip.dll
Native extension for WindowsStandalone target not found
Native extension for iOS target not found
Native extension for Android target not found
Refreshing native plugins compatible for Editor in 1.10 ms, found 3 plugins.
Preloading 0 native plugins for Editor in 0.00 ms.
Mono: successfully reloaded assembly
- Completed reload, in  1.646 seconds
Domain Reload Profiling:
	ReloadAssembly (1647ms)
		BeginReloadAssembly (203ms)
			ExecutionOrderSort (0ms)
			DisableScriptedObjects (4ms)
			BackupInstance (0ms)
			ReleaseScriptingObjects (0ms)
			CreateAndSetChildDomain (33ms)
		EndReloadAssembly (1258ms)
			LoadAssemblies (194ms)
			RebuildTransferFunctionScriptingTraits (0ms)
			SetupTypeCache (420ms)
			ReleaseScriptCaches (3ms)
			RebuildScriptCaches (78ms)
			SetupLoadedEditorAssemblies (505ms)
				LogAssemblyErrors (0ms)
				InitializePlatformSupportModulesInManaged (60ms)
				SetLoadedEditorAssemblies (1ms)
				RefreshPlugins (1ms)
				BeforeProcessingInitializeOnLoad (87ms)
				ProcessInitializeOnLoadAttributes (300ms)
				ProcessInitializeOnLoadMethodAttributes (36ms)
				AfterProcessingInitializeOnLoad (18ms)
				EditorAssembliesLoaded (0ms)
			ExecutionOrderSort2 (0ms)
			AwakeInstancesAfterBackupRestoration (31ms)
Platform modules already initialized, skipping
Refreshing native plugins compatible for Editor in 4.15 ms, found 3 plugins.
Preloading 0 native plugins for Editor in 0.00 ms.
Unloading 3051 Unused Serialized files (Serialized files now loaded: 0)
Unloading 17 unused Assets / (80.2 KB). Loaded Objects now: 3540.
Memory consumption went from 112.5 MB to 112.4 MB.
Total: 4.051100 ms (FindLiveObjects: 0.596100 ms CreateObjectMapping: 0.166500 ms MarkObjects: 3.047500 ms  DeleteObjects: 0.237000 ms)

AssetImportParameters requested are different than current active one (requested -> active):
  custom:video-decoder-ogg-theora: a1e56fd34408186e4bbccfd4996cb3dc -> 
  custom:container-muxer-webm: aa71ff27fc2769a1b78a27578f13a17b -> 
  custom:container-demuxer-webm: 4f35f7cbe854078d1ac9338744f61a02 -> 
  custom:video-encoder-webm-vp8: eb34c28f22e8b96e1ab97ce403110664 -> 
  custom:video-codec-MediaFoundation-h265: 746d11721c4dcdbdad8f713fa42b33f4 -> 
  custom:audio-encoder-webm-vorbis: bf7c407c2cedff20999df2af8eb42d56 -> 
  custom:framework-win-MediaFoundation: 216162199b28c13a410421893ffa2e32 -> 
  custom:container-demuxer-ogg: 62fdf1f143b41e24485cea50d1cbac27 -> 
  custom:video-decoder-webm-vp8: 9c59270c3fd7afecdb556c50c9e8de78 -> 
  custom:audio-decoder-ogg-vorbis: bf7c407c2cedff20999df2af8eb42d56 -> 
========================================================================
Received Prepare
Registering precompiled user dll's ...
Registered in 0.006910 seconds.
Begin MonoManager ReloadAssembly
Symbol file LoadedFromMemory doesn't match image C:\Users\SKY\Documents\GitHub\GWAN\Project_GWAN(ver.1.4.0)\Library\PackageCache\com.unity.visualscripting@1.8.0\Editor\VisualScripting.Core\Dependencies\YamlDotNet\Unity.VisualScripting.YamlDotNet.dll
Symbol file LoadedFromMemory doesn't match image C:\Users\SKY\Documents\GitHub\GWAN\Project_GWAN(ver.1.4.0)\Library\PackageCache\com.unity.visualscripting@1.8.0\Editor\VisualScripting.Core\Dependencies\DotNetZip\Unity.VisualScripting.IonicZip.dll
Native extension for WindowsStandalone target not found
Native extension for iOS target not found
Native extension for Android target not found
Refreshing native plugins compatible for Editor in 1.20 ms, found 3 plugins.
Preloading 0 native plugins for Editor in 0.00 ms.
Mono: successfully reloaded assembly
- Completed reload, in  1.672 seconds
Domain Reload Profiling:
	ReloadAssembly (1673ms)
		BeginReloadAssembly (224ms)
			ExecutionOrderSort (0ms)
			DisableScriptedObjects (4ms)
			BackupInstance (0ms)
			ReleaseScriptingObjects (0ms)
			CreateAndSetChildDomain (31ms)
		EndReloadAssembly (1290ms)
			LoadAssemblies (229ms)
			RebuildTransferFunctionScriptingTraits (0ms)
			SetupTypeCache (425ms)
			ReleaseScriptCaches (3ms)
			RebuildScriptCaches (73ms)
			SetupLoadedEditorAssemblies (514ms)
				LogAssemblyErrors (0ms)
				InitializePlatformSupportModulesInManaged (70ms)
				SetLoadedEditorAssemblies (1ms)
				RefreshPlugins (1ms)
				BeforeProcessingInitializeOnLoad (96ms)
				ProcessInitializeOnLoadAttributes (296ms)
				ProcessInitializeOnLoadMethodAttributes (34ms)
				AfterProcessingInitializeOnLoad (16ms)
				EditorAssembliesLoaded (0ms)
			ExecutionOrderSort2 (0ms)
			AwakeInstancesAfterBackupRestoration (29ms)
Platform modules already initialized, skipping
Refreshing native plugins compatible for Editor in 3.31 ms, found 3 plugins.
Preloading 0 native plugins for Editor in 0.00 ms.
Unloading 3051 Unused Serialized files (Serialized files now loaded: 0)
Unloading 17 unused Assets / (80.3 KB). Loaded Objects now: 3543.
Memory consumption went from 112.5 MB to 112.4 MB.
Total: 6.081100 ms (FindLiveObjects: 0.535700 ms CreateObjectMapping: 0.214200 ms MarkObjects: 4.983500 ms  DeleteObjects: 0.345000 ms)

AssetImportParameters requested are different than current active one (requested -> active):
  custom:video-decoder-ogg-theora: a1e56fd34408186e4bbccfd4996cb3dc -> 
  custom:container-muxer-webm: aa71ff27fc2769a1b78a27578f13a17b -> 
  custom:container-demuxer-webm: 4f35f7cbe854078d1ac9338744f61a02 -> 
  custom:video-encoder-webm-vp8: eb34c28f22e8b96e1ab97ce403110664 -> 
  custom:video-codec-MediaFoundation-h265: 746d11721c4dcdbdad8f713fa42b33f4 -> 
  custom:audio-encoder-webm-vorbis: bf7c407c2cedff20999df2af8eb42d56 -> 
  custom:framework-win-MediaFoundation: 216162199b28c13a410421893ffa2e32 -> 
  custom:container-demuxer-ogg: 62fdf1f143b41e24485cea50d1cbac27 -> 
  custom:video-decoder-webm-vp8: 9c59270c3fd7afecdb556c50c9e8de78 -> 
  custom:audio-decoder-ogg-vorbis: bf7c407c2cedff20999df2af8eb42d56 -> 
========================================================================
Received Prepare
Registering precompiled user dll's ...
Registered in 0.006848 seconds.
Begin MonoManager ReloadAssembly
Symbol file LoadedFromMemory doesn't match image C:\Users\SKY\Documents\GitHub\GWAN\Project_GWAN(ver.1.4.0)\Library\PackageCache\com.unity.visualscripting@1.8.0\Editor\VisualScripting.Core\Dependencies\YamlDotNet\Unity.VisualScripting.YamlDotNet.dll
Symbol file LoadedFromMemory doesn't match image C:\Users\SKY\Documents\GitHub\GWAN\Project_GWAN(ver.1.4.0)\Library\PackageCache\com.unity.visualscripting@1.8.0\Editor\VisualScripting.Core\Dependencies\DotNetZip\Unity.VisualScripting.IonicZip.dll
Native extension for WindowsStandalone target not found
Native extension for iOS target not found
Native extension for Android target not found
Refreshing native plugins compatible for Editor in 1.88 ms, found 3 plugins.
Preloading 0 native plugins for Editor in 0.00 ms.
Mono: successfully reloaded assembly
- Completed reload, in  1.633 seconds
Domain Reload Profiling:
	ReloadAssembly (1634ms)
		BeginReloadAssembly (141ms)
			ExecutionOrderSort (0ms)
			DisableScriptedObjects (4ms)
			BackupInstance (0ms)
			ReleaseScriptingObjects (0ms)
			CreateAndSetChildDomain (34ms)
		EndReloadAssembly (1336ms)
			LoadAssemblies (137ms)
			RebuildTransferFunctionScriptingTraits (0ms)
			SetupTypeCache (452ms)
			ReleaseScriptCaches (3ms)
			RebuildScriptCaches (70ms)
			SetupLoadedEditorAssemblies (541ms)
				LogAssemblyErrors (0ms)
				InitializePlatformSupportModulesInManaged (67ms)
				SetLoadedEditorAssemblies (1ms)
				RefreshPlugins (2ms)
				BeforeProcessingInitializeOnLoad (105ms)
				ProcessInitializeOnLoadAttributes (315ms)
				ProcessInitializeOnLoadMethodAttributes (33ms)
				AfterProcessingInitializeOnLoad (17ms)
				EditorAssembliesLoaded (0ms)
			ExecutionOrderSort2 (0ms)
			AwakeInstancesAfterBackupRestoration (27ms)
Platform modules already initialized, skipping
Refreshing native plugins compatible for Editor in 3.22 ms, found 3 plugins.
Preloading 0 native plugins for Editor in 0.00 ms.
Unloading 3051 Unused Serialized files (Serialized files now loaded: 0)
Unloading 17 unused Assets / (80.2 KB). Loaded Objects now: 3546.
Memory consumption went from 112.5 MB to 112.4 MB.
Total: 4.868900 ms (FindLiveObjects: 0.527300 ms CreateObjectMapping: 0.370200 ms MarkObjects: 3.784600 ms  DeleteObjects: 0.184400 ms)

AssetImportParameters requested are different than current active one (requested -> active):
  custom:video-decoder-ogg-theora: a1e56fd34408186e4bbccfd4996cb3dc -> 
  custom:container-muxer-webm: aa71ff27fc2769a1b78a27578f13a17b -> 
  custom:container-demuxer-webm: 4f35f7cbe854078d1ac9338744f61a02 -> 
  custom:video-encoder-webm-vp8: eb34c28f22e8b96e1ab97ce403110664 -> 
  custom:video-codec-MediaFoundation-h265: 746d11721c4dcdbdad8f713fa42b33f4 -> 
  custom:audio-encoder-webm-vorbis: bf7c407c2cedff20999df2af8eb42d56 -> 
  custom:framework-win-MediaFoundation: 216162199b28c13a410421893ffa2e32 -> 
  custom:container-demuxer-ogg: 62fdf1f143b41e24485cea50d1cbac27 -> 
  custom:video-decoder-webm-vp8: 9c59270c3fd7afecdb556c50c9e8de78 -> 
  custom:audio-decoder-ogg-vorbis: bf7c407c2cedff20999df2af8eb42d56 -> 
========================================================================
Received Import Request.
  Time since last request: 2289.721386 seconds.
  path: Assets/Low Poly Hexagons/Assets/Prefabs/Hexagons/DigSite.prefab
  artifactKey: Guid(faf4b4ec0cbbb3840a5ba44685c18d99) Importer(815301076,1909f56bfc062723c751e8b465ee728b)
Start importing Assets/Low Poly Hexagons/Assets/Prefabs/Hexagons/DigSite.prefab using Guid(faf4b4ec0cbbb3840a5ba44685c18d99) Importer(815301076,1909f56bfc062723c751e8b465ee728b)  -> (artifact id: '4663363940a2725598c76ba6e2aebacc') in 0.075117 seconds 
========================================================================
Received Import Request.
  Time since last request: 0.000029 seconds.
  path: Assets/Low Poly Hexagons/Assets/Prefabs/Hexagons/Hex11.prefab
  artifactKey: Guid(8d65fe10dbb32e34aa703943ab85d9c0) Importer(815301076,1909f56bfc062723c751e8b465ee728b)
Start importing Assets/Low Poly Hexagons/Assets/Prefabs/Hexagons/Hex11.prefab using Guid(8d65fe10dbb32e34aa703943ab85d9c0) Importer(815301076,1909f56bfc062723c751e8b465ee728b)  -> (artifact id: '6d7f5dc39d22fe7d85d1e68fc858d15a') in 0.014421 seconds 
========================================================================
Received Import Request.
  Time since last request: 0.000073 seconds.
  path: Assets/Low Poly Hexagons/Assets/Prefabs/Hexagons/Hex7.prefab
  artifactKey: Guid(1e37ca3e943829a479e4ff6d29c23d73) Importer(815301076,1909f56bfc062723c751e8b465ee728b)
Start importing Assets/Low Poly Hexagons/Assets/Prefabs/Hexagons/Hex7.prefab using Guid(1e37ca3e943829a479e4ff6d29c23d73) Importer(815301076,1909f56bfc062723c751e8b465ee728b)  -> (artifact id: 'cd21ec62d5b292798bb1579c69093fd6') in 0.013344 seconds 
========================================================================
Received Import Request.
  Time since last request: 0.000025 seconds.
  path: Assets/Low Poly Hexagons/Assets/Prefabs/Hexagons/Hex8.prefab
  artifactKey: Guid(4f49c09706dbf4a4e99dc6a51fab25cc) Importer(815301076,1909f56bfc062723c751e8b465ee728b)
Start importing Assets/Low Poly Hexagons/Assets/Prefabs/Hexagons/Hex8.prefab using Guid(4f49c09706dbf4a4e99dc6a51fab25cc) Importer(815301076,1909f56bfc062723c751e8b465ee728b)  -> (artifact id: '1e965a407ffb25b44866393878b1a38d') in 0.014821 seconds 
========================================================================
Received Import Request.
  Time since last request: 0.000027 seconds.
  path: Assets/Low Poly Hexagons/Assets/Prefabs/Hexagons/Hex29.prefab
  artifactKey: Guid(f2360a07b6cee064aad307fa66e6f8f8) Importer(815301076,1909f56bfc062723c751e8b465ee728b)
Start importing Assets/Low Poly Hexagons/Assets/Prefabs/Hexagons/Hex29.prefab using Guid(f2360a07b6cee064aad307fa66e6f8f8) Importer(815301076,1909f56bfc062723c751e8b465ee728b)  -> (artifact id: 'beae6d3ad10e1a65c0c33b2e44623eaa') in 0.014025 seconds 
========================================================================
Received Import Request.
  Time since last request: 0.000028 seconds.
  path: Assets/Low Poly Hexagons/Assets/Prefabs/Hexagons/Hex25.prefab
  artifactKey: Guid(d4f75f0ac34d85a43a92e749133c074f) Importer(815301076,1909f56bfc062723c751e8b465ee728b)
Start importing Assets/Low Poly Hexagons/Assets/Prefabs/Hexagons/Hex25.prefab using Guid(d4f75f0ac34d85a43a92e749133c074f) Importer(815301076,1909f56bfc062723c751e8b465ee728b)  -> (artifact id: 'c1eec821a02189edb5f91c5eda9c2c95') in 0.015332 seconds 
========================================================================
Received Import Request.
  Time since last request: 0.000022 seconds.
  path: Assets/Low Poly Hexagons/Assets/Prefabs/Hexagons/Hex26.prefab
  artifactKey: Guid(d3c74397fa533914f914ecf70ad28d73) Importer(815301076,1909f56bfc062723c751e8b465ee728b)
Start importing Assets/Low Poly Hexagons/Assets/Prefabs/Hexagons/Hex26.prefab using Guid(d3c74397fa533914f914ecf70ad28d73) Importer(815301076,1909f56bfc062723c751e8b465ee728b)  -> (artifact id: 'def3e207e84d9b29176d606cac9a4678') in 0.017137 seconds 
========================================================================
Received Import Request.
  Time since last request: 0.000022 seconds.
  path: Assets/Low Poly Hexagons/Assets/Prefabs/Hexagons/Hex3.prefab
  artifactKey: Guid(b4ad4e21329130e4a99ffc8cefe46816) Importer(815301076,1909f56bfc062723c751e8b465ee728b)
Start importing Assets/Low Poly Hexagons/Assets/Prefabs/Hexagons/Hex3.prefab using Guid(b4ad4e21329130e4a99ffc8cefe46816) Importer(815301076,1909f56bfc062723c751e8b465ee728b)  -> (artifact id: '56699631d765e9931663446b3f433c11') in 0.015740 seconds 
========================================================================
Received Import Request.
  Time since last request: 0.000041 seconds.
  path: Assets/Low Poly Hexagons/Assets/Prefabs/Hexagons/Hex15.prefab
  artifactKey: Guid(6d34a82773c25b44a97610f246fb01f7) Importer(815301076,1909f56bfc062723c751e8b465ee728b)
Start importing Assets/Low Poly Hexagons/Assets/Prefabs/Hexagons/Hex15.prefab using Guid(6d34a82773c25b44a97610f246fb01f7) Importer(815301076,1909f56bfc062723c751e8b465ee728b)  -> (artifact id: 'bfd1a603d622a1ae5e9142e6f8295658') in 0.013574 seconds 
========================================================================
Received Import Request.
  Time since last request: 0.000024 seconds.
  path: Assets/Low Poly Hexagons/Assets/Prefabs/Hexagons/Hex19.prefab
  artifactKey: Guid(a9684bd94f9c39149a3724d15b5151a6) Importer(815301076,1909f56bfc062723c751e8b465ee728b)
Start importing Assets/Low Poly Hexagons/Assets/Prefabs/Hexagons/Hex19.prefab using Guid(a9684bd94f9c39149a3724d15b5151a6) Importer(815301076,1909f56bfc062723c751e8b465ee728b)  -> (artifact id: '33eb413a49870ec00506b5909d0149b0') in 0.014093 seconds 
========================================================================
Received Import Request.
  Time since last request: 0.000043 seconds.
  path: Assets/Low Poly Hexagons/Assets/Prefabs/Hexagons/Hex10.prefab
  artifactKey: Guid(61a4f649633a1f94abeb21559df74bd4) Importer(815301076,1909f56bfc062723c751e8b465ee728b)
Start importing Assets/Low Poly Hexagons/Assets/Prefabs/Hexagons/Hex10.prefab using Guid(61a4f649633a1f94abeb21559df74bd4) Importer(815301076,1909f56bfc062723c751e8b465ee728b)  -> (artifact id: '4ba7affbbeb6c5541cd740eb3e23532f') in 0.013791 seconds 
========================================================================
Received Import Request.
  Time since last request: 0.000044 seconds.
  path: Assets/Low Poly Hexagons/Assets/Prefabs/Hexagons/Hex17.prefab
  artifactKey: Guid(72272eac6433e404190af80658766b51) Importer(815301076,1909f56bfc062723c751e8b465ee728b)
Start importing Assets/Low Poly Hexagons/Assets/Prefabs/Hexagons/Hex17.prefab using Guid(72272eac6433e404190af80658766b51) Importer(815301076,1909f56bfc062723c751e8b465ee728b)  -> (artifact id: '2bdc9f913d18509386a060aa68ed683a') in 0.015997 seconds 
========================================================================
Received Import Request.
  Time since last request: 0.000024 seconds.
  path: Assets/Low Poly Hexagons/Assets/Prefabs/Hexagons/Lake.prefab
  artifactKey: Guid(d8deb0d5cca03814e8f5cd71fb9e7a1e) Importer(815301076,1909f56bfc062723c751e8b465ee728b)
Start importing Assets/Low Poly Hexagons/Assets/Prefabs/Hexagons/Lake.prefab using Guid(d8deb0d5cca03814e8f5cd71fb9e7a1e) Importer(815301076,1909f56bfc062723c751e8b465ee728b)  -> (artifact id: '475f2ff38c5f24d772fc7f1b30f019b5') in 0.015739 seconds 
========================================================================
Received Import Request.
  Time since last request: 0.000023 seconds.
  path: Assets/Low Poly Hexagons/Assets/Prefabs/Hexagons/Hex21.prefab
  artifactKey: Guid(9f72ec78b69754d4e837c0e91c22412b) Importer(815301076,1909f56bfc062723c751e8b465ee728b)
Start importing Assets/Low Poly Hexagons/Assets/Prefabs/Hexagons/Hex21.prefab using Guid(9f72ec78b69754d4e837c0e91c22412b) Importer(815301076,1909f56bfc062723c751e8b465ee728b)  -> (artifact id: '157f54449b120f3a3caff250fc25b56c') in 0.015409 seconds 
========================================================================
Received Import Request.
  Time since last request: 0.000025 seconds.
  path: Assets/Low Poly Hexagons/Assets/Prefabs/Hexagons/Hex28.prefab
  artifactKey: Guid(4dfdc0faa2101104796fb91f4c9b60ce) Importer(815301076,1909f56bfc062723c751e8b465ee728b)
Start importing Assets/Low Poly Hexagons/Assets/Prefabs/Hexagons/Hex28.prefab using Guid(4dfdc0faa2101104796fb91f4c9b60ce) Importer(815301076,1909f56bfc062723c751e8b465ee728b)  -> (artifact id: 'b28a7f4000c7e14db149a5cc279645cd') in 0.014741 seconds 
========================================================================
Received Import Request.
  Time since last request: 0.000022 seconds.
  path: Assets/Low Poly Hexagons/Assets/Prefabs/Hexagons/Hex32.prefab
  artifactKey: Guid(971c5d43846e5244f8c75cdaee9e9087) Importer(815301076,1909f56bfc062723c751e8b465ee728b)
Start importing Assets/Low Poly Hexagons/Assets/Prefabs/Hexagons/Hex32.prefab using Guid(971c5d43846e5244f8c75cdaee9e9087) Importer(815301076,1909f56bfc062723c751e8b465ee728b)  -> (artifact id: '2f018bed397cebdb946df5fff2c9dd8c') in 0.014702 seconds 
========================================================================
Received Import Request.
  Time since last request: 0.000025 seconds.
  path: Assets/Low Poly Hexagons/Assets/Prefabs/Hexagons/HellLake.prefab
  artifactKey: Guid(0c9cd282647074244950d07c3846fa0c) Importer(815301076,1909f56bfc062723c751e8b465ee728b)
Start importing Assets/Low Poly Hexagons/Assets/Prefabs/Hexagons/HellLake.prefab using Guid(0c9cd282647074244950d07c3846fa0c) Importer(815301076,1909f56bfc062723c751e8b465ee728b)  -> (artifact id: 'e69da8512de7ac046b450965aed0a5b9') in 0.016364 seconds 
========================================================================
Received Import Request.
  Time since last request: 4.544189 seconds.
  path: Assets/Low Poly Hexagons/Assets/Prefabs/Objects/Candy2.prefab
  artifactKey: Guid(17603828d4b3468469a14a5e0b460bd9) Importer(815301076,1909f56bfc062723c751e8b465ee728b)
Start importing Assets/Low Poly Hexagons/Assets/Prefabs/Objects/Candy2.prefab using Guid(17603828d4b3468469a14a5e0b460bd9) Importer(815301076,1909f56bfc062723c751e8b465ee728b)  -> (artifact id: '2cab1fc03c7915542bc13203f382ee8b') in 0.010853 seconds 
========================================================================
Received Import Request.
  Time since last request: 0.000015 seconds.
  path: Assets/Low Poly Hexagons/Assets/Prefabs/Objects/Castle.prefab
  artifactKey: Guid(aa767870062b50b4c9cd1f7d02bde55c) Importer(815301076,1909f56bfc062723c751e8b465ee728b)
Start importing Assets/Low Poly Hexagons/Assets/Prefabs/Objects/Castle.prefab using Guid(aa767870062b50b4c9cd1f7d02bde55c) Importer(815301076,1909f56bfc062723c751e8b465ee728b)  -> (artifact id: '1751443a3445fccbceb663e68151a632') in 0.012111 seconds 
========================================================================
Received Import Request.
  Time since last request: 0.000026 seconds.
  path: Assets/Low Poly Hexagons/Assets/Prefabs/Objects/RoadCorner.prefab
  artifactKey: Guid(3819eea1409ad3146ae65f4d21d5962b) Importer(815301076,1909f56bfc062723c751e8b465ee728b)
Start importing Assets/Low Poly Hexagons/Assets/Prefabs/Objects/RoadCorner.prefab using Guid(3819eea1409ad3146ae65f4d21d5962b) Importer(815301076,1909f56bfc062723c751e8b465ee728b)  -> (artifact id: '21f83d692545d29768958b77fba69abc') in 0.013323 seconds 
========================================================================
Received Import Request.
  Time since last request: 0.000039 seconds.
  path: Assets/Low Poly Hexagons/Assets/Prefabs/Objects/Town.prefab
  artifactKey: Guid(86ecd374d18a24841bb8d7ea4a14c0eb) Importer(815301076,1909f56bfc062723c751e8b465ee728b)
Start importing Assets/Low Poly Hexagons/Assets/Prefabs/Objects/Town.prefab using Guid(86ecd374d18a24841bb8d7ea4a14c0eb) Importer(815301076,1909f56bfc062723c751e8b465ee728b)  -> (artifact id: '2626872c5a590e70befe2782e32f5222') in 0.013668 seconds 
========================================================================
Received Import Request.
  Time since last request: 0.000027 seconds.
  path: Assets/Low Poly Hexagons/Assets/Prefabs/Objects/DesertMountain.prefab
  artifactKey: Guid(81d0b563b01a9e54da5fb7a2190d0dc1) Importer(815301076,1909f56bfc062723c751e8b465ee728b)
Start importing Assets/Low Poly Hexagons/Assets/Prefabs/Objects/DesertMountain.prefab using Guid(81d0b563b01a9e54da5fb7a2190d0dc1) Importer(815301076,1909f56bfc062723c751e8b465ee728b)  -> (artifact id: '1d0c4ef373711b03a50a23957db95755') in 0.016589 seconds 
========================================================================
Received Import Request.
  Time since last request: 0.000021 seconds.
  path: Assets/Low Poly Hexagons/Assets/Prefabs/Objects/GlaciersOnWater.prefab
  artifactKey: Guid(f6b25dc160247b8459d39a1a4101788e) Importer(815301076,1909f56bfc062723c751e8b465ee728b)
Start importing Assets/Low Poly Hexagons/Assets/Prefabs/Objects/GlaciersOnWater.prefab using Guid(f6b25dc160247b8459d39a1a4101788e) Importer(815301076,1909f56bfc062723c751e8b465ee728b)  -> (artifact id: '21fdf411fabc31cfe12cba1e0be258f9') in 0.013907 seconds 
========================================================================
Received Import Request.
  Time since last request: 0.000018 seconds.
  path: Assets/Low Poly Hexagons/Assets/Prefabs/Objects/Village.prefab
  artifactKey: Guid(4fbd252196892684286e1d961b54195f) Importer(815301076,1909f56bfc062723c751e8b465ee728b)
Start importing Assets/Low Poly Hexagons/Assets/Prefabs/Objects/Village.prefab using Guid(4fbd252196892684286e1d961b54195f) Importer(815301076,1909f56bfc062723c751e8b465ee728b)  -> (artifact id: '3e11c5fd226a2e016af1ecb7d3567bc3') in 0.013233 seconds 
========================================================================
Received Import Request.
  Time since last request: 0.000019 seconds.
  path: Assets/Low Poly Hexagons/Assets/Prefabs/Objects/RoadRoundabout.prefab
  artifactKey: Guid(e92136e109c5a7c4e9371eefdcbb701f) Importer(815301076,1909f56bfc062723c751e8b465ee728b)
Start importing Assets/Low Poly Hexagons/Assets/Prefabs/Objects/RoadRoundabout.prefab using Guid(e92136e109c5a7c4e9371eefdcbb701f) Importer(815301076,1909f56bfc062723c751e8b465ee728b)  -> (artifact id: 'a641b8d71a2cfa21081645f4ead38cbb') in 0.017295 seconds 
========================================================================
Received Import Request.
  Time since last request: 0.000026 seconds.
  path: Assets/Low Poly Hexagons/Assets/Prefabs/Objects/Fence.prefab
  artifactKey: Guid(2a506530c723d3a429773b86bf8ab9ca) Importer(815301076,1909f56bfc062723c751e8b465ee728b)
Start importing Assets/Low Poly Hexagons/Assets/Prefabs/Objects/Fence.prefab using Guid(2a506530c723d3a429773b86bf8ab9ca) Importer(815301076,1909f56bfc062723c751e8b465ee728b)  -> (artifact id: 'a4a01bed10710747bcdefa5b13eb243e') in 0.016265 seconds 
========================================================================
Received Import Request.
  Time since last request: 0.000021 seconds.
  path: Assets/Low Poly Hexagons/Assets/Prefabs/Objects/Desert.prefab
  artifactKey: Guid(7adcc5ca25de8e543ad11014ec7de3d3) Importer(815301076,1909f56bfc062723c751e8b465ee728b)
Start importing Assets/Low Poly Hexagons/Assets/Prefabs/Objects/Desert.prefab using Guid(7adcc5ca25de8e543ad11014ec7de3d3) Importer(815301076,1909f56bfc062723c751e8b465ee728b)  -> (artifact id: '88151e433e80566c920f9ef39437f5c1') in 0.014922 seconds 
========================================================================
Received Import Request.
  Time since last request: 0.000029 seconds.
  path: Assets/Low Poly Hexagons/Assets/Prefabs/Objects/Flowers.prefab
  artifactKey: Guid(968dca314c3171b418050fd10fee5fc6) Importer(815301076,1909f56bfc062723c751e8b465ee728b)
Start importing Assets/Low Poly Hexagons/Assets/Prefabs/Objects/Flowers.prefab using Guid(968dca314c3171b418050fd10fee5fc6) Importer(815301076,1909f56bfc062723c751e8b465ee728b)  -> (artifact id: 'b646bb9745f1845b8c75dc940e0f9abf') in 0.016301 seconds 
========================================================================
Received Import Request.
  Time since last request: 0.000024 seconds.
  path: Assets/Low Poly Hexagons/Assets/Prefabs/Objects/Swamp.prefab
  artifactKey: Guid(63c53604d6cc13a48a1e879919e93fef) Importer(815301076,1909f56bfc062723c751e8b465ee728b)
Start importing Assets/Low Poly Hexagons/Assets/Prefabs/Objects/Swamp.prefab using Guid(63c53604d6cc13a48a1e879919e93fef) Importer(815301076,1909f56bfc062723c751e8b465ee728b)  -> (artifact id: '2eb9cd0c1fb164b117eae8cb4169dca6') in 0.015451 seconds 
========================================================================
Received Import Request.
  Time since last request: 0.000021 seconds.
  path: Assets/Low Poly Hexagons/Assets/Prefabs/Objects/RockyEdge.prefab
  artifactKey: Guid(8346eaba119a746469efae8bae2110c6) Importer(815301076,1909f56bfc062723c751e8b465ee728b)
Start importing Assets/Low Poly Hexagons/Assets/Prefabs/Objects/RockyEdge.prefab using Guid(8346eaba119a746469efae8bae2110c6) Importer(815301076,1909f56bfc062723c751e8b465ee728b)  -> (artifact id: '44c1f558d63a98042007396cd9b35fcf') in 0.013579 seconds 
========================================================================
Received Import Request.
  Time since last request: 0.000036 seconds.
  path: Assets/Low Poly Hexagons/Assets/Prefabs/Objects/SelectionYellow.prefab
  artifactKey: Guid(dd5543970ad8a7742b587b37412bdeea) Importer(815301076,1909f56bfc062723c751e8b465ee728b)
Start importing Assets/Low Poly Hexagons/Assets/Prefabs/Objects/SelectionYellow.prefab using Guid(dd5543970ad8a7742b587b37412bdeea) Importer(815301076,1909f56bfc062723c751e8b465ee728b)  -> (artifact id: 'e09f0c4952a87c927eb013d2534f26d8') in 0.013670 seconds 
========================================================================
Received Import Request.
  Time since last request: 0.000027 seconds.
  path: Assets/Low Poly Hexagons/Assets/Prefabs/Objects/EvilCastle.prefab
  artifactKey: Guid(d3e769e7bcc04fe428809411076a9a91) Importer(815301076,1909f56bfc062723c751e8b465ee728b)
Start importing Assets/Low Poly Hexagons/Assets/Prefabs/Objects/EvilCastle.prefab using Guid(d3e769e7bcc04fe428809411076a9a91) Importer(815301076,1909f56bfc062723c751e8b465ee728b)  -> (artifact id: '367e740296b775196581e9779b69b89c') in 0.014084 seconds 
========================================================================
Received Import Request.
  Time since last request: 0.000023 seconds.
  path: Assets/Low Poly Hexagons/Assets/Prefabs/Objects/PalmTrees.prefab
  artifactKey: Guid(d5537417fa62a0a4aad3eade94ed1a03) Importer(815301076,1909f56bfc062723c751e8b465ee728b)
Start importing Assets/Low Poly Hexagons/Assets/Prefabs/Objects/PalmTrees.prefab using Guid(d5537417fa62a0a4aad3eade94ed1a03) Importer(815301076,1909f56bfc062723c751e8b465ee728b)  -> (artifact id: '6b1023d36b7c631188ee964b9939e1a6') in 0.016531 seconds 
========================================================================
Received Import Request.
  Time since last request: 0.000015 seconds.
  path: Assets/Low Poly Hexagons/Assets/Prefabs/Objects/Snowmen.prefab
  artifactKey: Guid(31934a5d29c16bc4cab25792d04131a9) Importer(815301076,1909f56bfc062723c751e8b465ee728b)
Start importing Assets/Low Poly Hexagons/Assets/Prefabs/Objects/Snowmen.prefab using Guid(31934a5d29c16bc4cab25792d04131a9) Importer(815301076,1909f56bfc062723c751e8b465ee728b)  -> (artifact id: 'f011e25c75bd075ffdbc6d33e7e6ee51') in 0.014499 seconds 
========================================================================
Received Import Request.
  Time since last request: 10.889029 seconds.
  path: Assets/Low Poly Hexagons/Assets/Prefabs/Combination Examples/CandyLand2.prefab
  artifactKey: Guid(d5a4d3be5994202429e418d54b51db69) Importer(815301076,1909f56bfc062723c751e8b465ee728b)
Start importing Assets/Low Poly Hexagons/Assets/Prefabs/Combination Examples/CandyLand2.prefab using Guid(d5a4d3be5994202429e418d54b51db69) Importer(815301076,1909f56bfc062723c751e8b465ee728b)  -> (artifact id: 'a1d0ff5a9097f1fed9a3858467a67fb0') in 0.011553 seconds 
========================================================================
Received Import Request.
  Time since last request: 0.000016 seconds.
  path: Assets/Low Poly Hexagons/Assets/Prefabs/Combination Examples/PalmTrees.prefab
  artifactKey: Guid(6aa6d57464e3a7742b51561c98bf11c8) Importer(815301076,1909f56bfc062723c751e8b465ee728b)
Start importing Assets/Low Poly Hexagons/Assets/Prefabs/Combination Examples/PalmTrees.prefab using Guid(6aa6d57464e3a7742b51561c98bf11c8) Importer(815301076,1909f56bfc062723c751e8b465ee728b)  -> (artifact id: 'ef85eabea4bd068c7f11f6d1ade8c5ae') in 0.012412 seconds 
========================================================================
Received Import Request.
  Time since last request: 0.000019 seconds.
  path: Assets/Low Poly Hexagons/Assets/Prefabs/Combination Examples/FencedLand.prefab
  artifactKey: Guid(cb61a3b5c7a1c434fa1a9a5bec7b2a41) Importer(815301076,1909f56bfc062723c751e8b465ee728b)
Start importing Assets/Low Poly Hexagons/Assets/Prefabs/Combination Examples/FencedLand.prefab using Guid(cb61a3b5c7a1c434fa1a9a5bec7b2a41) Importer(815301076,1909f56bfc062723c751e8b465ee728b)  -> (artifact id: 'c472f6c41de493f43680ec3214b6f4e9') in 0.015484 seconds 
========================================================================
Received Import Request.
  Time since last request: 0.000016 seconds.
  path: Assets/Low Poly Hexagons/Assets/Prefabs/Combination Examples/RoadRoundabout.prefab
  artifactKey: Guid(7eaf1c4dcf628634a96f13978c14efb6) Importer(815301076,1909f56bfc062723c751e8b465ee728b)
Start importing Assets/Low Poly Hexagons/Assets/Prefabs/Combination Examples/RoadRoundabout.prefab using Guid(7eaf1c4dcf628634a96f13978c14efb6) Importer(815301076,1909f56bfc062723c751e8b465ee728b)  -> (artifact id: '18f5b11a6806d56d1f6de5f55cafc7bc') in 0.014578 seconds 
========================================================================
Received Import Request.
  Time since last request: 0.000041 seconds.
  path: Assets/Low Poly Hexagons/Assets/Prefabs/Combination Examples/Factory.prefab
  artifactKey: Guid(845f30f44a7d6914c8bc17b0221ab5fd) Importer(815301076,1909f56bfc062723c751e8b465ee728b)
Start importing Assets/Low Poly Hexagons/Assets/Prefabs/Combination Examples/Factory.prefab using Guid(845f30f44a7d6914c8bc17b0221ab5fd) Importer(815301076,1909f56bfc062723c751e8b465ee728b)  -> (artifact id: '6070f79a95878d10a3da29ed411eeb13') in 0.014152 seconds 
========================================================================
Received Import Request.
  Time since last request: 0.000016 seconds.
  path: Assets/Low Poly Hexagons/Assets/Prefabs/Combination Examples/Pyramids.prefab
  artifactKey: Guid(b7700b61320aa4d488a12039baacd2e2) Importer(815301076,1909f56bfc062723c751e8b465ee728b)
Start importing Assets/Low Poly Hexagons/Assets/Prefabs/Combination Examples/Pyramids.prefab using Guid(b7700b61320aa4d488a12039baacd2e2) Importer(815301076,1909f56bfc062723c751e8b465ee728b)  -> (artifact id: '5a4c38e04215ff87ef78de40db9a6c98') in 0.016425 seconds 
========================================================================
Received Import Request.
  Time since last request: 0.000025 seconds.
  path: Assets/Low Poly Hexagons/Assets/Prefabs/Combination Examples/RockyEdge.prefab
  artifactKey: Guid(d2c7ed6d9dcb93748ac807810622ecc9) Importer(815301076,1909f56bfc062723c751e8b465ee728b)
Start importing Assets/Low Poly Hexagons/Assets/Prefabs/Combination Examples/RockyEdge.prefab using Guid(d2c7ed6d9dcb93748ac807810622ecc9) Importer(815301076,1909f56bfc062723c751e8b465ee728b)  -> (artifact id: '5e3619964061ca34b661023743b31627') in 0.015358 seconds 
========================================================================
Received Import Request.
  Time since last request: 0.000019 seconds.
  path: Assets/Low Poly Hexagons/Assets/Prefabs/Combination Examples/EvilCastle.prefab
  artifactKey: Guid(acf51e39f8505084796481991b891ff9) Importer(815301076,1909f56bfc062723c751e8b465ee728b)
Start importing Assets/Low Poly Hexagons/Assets/Prefabs/Combination Examples/EvilCastle.prefab using Guid(acf51e39f8505084796481991b891ff9) Importer(815301076,1909f56bfc062723c751e8b465ee728b)  -> (artifact id: 'd53ee6f4c55e3ba571777d1916b94377') in 0.014386 seconds 
========================================================================
Received Import Request.
  Time since last request: 0.000028 seconds.
  path: Assets/Low Poly Hexagons/Assets/Prefabs/Combination Examples/SelectedWhite.prefab
  artifactKey: Guid(8effb652d925a8947a0336edc54e27ad) Importer(815301076,1909f56bfc062723c751e8b465ee728b)
Start importing Assets/Low Poly Hexagons/Assets/Prefabs/Combination Examples/SelectedWhite.prefab using Guid(8effb652d925a8947a0336edc54e27ad) Importer(815301076,1909f56bfc062723c751e8b465ee728b)  -> (artifact id: 'b5e82054a6c97b23cb6a319472cefda0') in 0.015937 seconds 
========================================================================
Received Import Request.
  Time since last request: 0.000017 seconds.
  path: Assets/Low Poly Hexagons/Assets/Prefabs/Combination Examples/RoadCorner.prefab
  artifactKey: Guid(e9e98512497ad1a4d9e8e0ed30608ebe) Importer(815301076,1909f56bfc062723c751e8b465ee728b)
Start importing Assets/Low Poly Hexagons/Assets/Prefabs/Combination Examples/RoadCorner.prefab using Guid(e9e98512497ad1a4d9e8e0ed30608ebe) Importer(815301076,1909f56bfc062723c751e8b465ee728b)  -> (artifact id: '586c792fdf040ef92ef8d30504ec2ed3') in 0.013497 seconds 
========================================================================
Received Import Request.
  Time since last request: 0.000021 seconds.
  path: Assets/Low Poly Hexagons/Assets/Prefabs/Combination Examples/Glaciers.prefab
  artifactKey: Guid(4eff434b792317140a2f08fcfdcb297b) Importer(815301076,1909f56bfc062723c751e8b465ee728b)
Start importing Assets/Low Poly Hexagons/Assets/Prefabs/Combination Examples/Glaciers.prefab using Guid(4eff434b792317140a2f08fcfdcb297b) Importer(815301076,1909f56bfc062723c751e8b465ee728b)  -> (artifact id: 'd163f9546797763f11686d3544e9e53e') in 0.014399 seconds 
========================================================================
Received Import Request.
  Time since last request: 0.000015 seconds.
  path: Assets/Low Poly Hexagons/Assets/Prefabs/Combination Examples/DesertCacti.prefab
  artifactKey: Guid(ce6f2f64a6f1845499e520cdede3a885) Importer(815301076,1909f56bfc062723c751e8b465ee728b)
Start importing Assets/Low Poly Hexagons/Assets/Prefabs/Combination Examples/DesertCacti.prefab using Guid(ce6f2f64a6f1845499e520cdede3a885) Importer(815301076,1909f56bfc062723c751e8b465ee728b)  -> (artifact id: 'a9371bc807119b4775e7c78663b87823') in 0.016344 seconds 
========================================================================
Received Import Request.
  Time since last request: 0.000024 seconds.
  path: Assets/Low Poly Hexagons/Assets/Prefabs/Combination Examples/Castle.prefab
  artifactKey: Guid(fadb9dd6254f1d14a9b77307bf133e1b) Importer(815301076,1909f56bfc062723c751e8b465ee728b)
Start importing Assets/Low Poly Hexagons/Assets/Prefabs/Combination Examples/Castle.prefab using Guid(fadb9dd6254f1d14a9b77307bf133e1b) Importer(815301076,1909f56bfc062723c751e8b465ee728b)  -> (artifact id: '8dba81e464ffd994b8748c1a0304bdfa') in 0.017795 seconds 
========================================================================
Received Import Request.
  Time since last request: 0.000026 seconds.
  path: Assets/Low Poly Hexagons/Assets/Prefabs/Combination Examples/Snowmen.prefab
  artifactKey: Guid(d409ed034f6b71449ac8ad8934964ab4) Importer(815301076,1909f56bfc062723c751e8b465ee728b)
Start importing Assets/Low Poly Hexagons/Assets/Prefabs/Combination Examples/Snowmen.prefab using Guid(d409ed034f6b71449ac8ad8934964ab4) Importer(815301076,1909f56bfc062723c751e8b465ee728b)  -> (artifact id: '6b19ead85daa605f86f3f666afdcdd2c') in 0.015611 seconds 
========================================================================
Received Import Request.
  Time since last request: 0.000056 seconds.
  path: Assets/Low Poly Hexagons/Assets/Prefabs/Combination Examples/Forest2.prefab
  artifactKey: Guid(39b499a5c4069b14f9642f978230eb46) Importer(815301076,1909f56bfc062723c751e8b465ee728b)
Start importing Assets/Low Poly Hexagons/Assets/Prefabs/Combination Examples/Forest2.prefab using Guid(39b499a5c4069b14f9642f978230eb46) Importer(815301076,1909f56bfc062723c751e8b465ee728b)  -> (artifact id: '2a9b6a70ecec596f55dd8be3ef480f41') in 0.016543 seconds 
========================================================================
Received Import Request.
  Time since last request: 0.000040 seconds.
  path: Assets/Low Poly Hexagons/Assets/Prefabs/Combination Examples/Town.prefab
  artifactKey: Guid(97a674fe99515b7419d2e12a90ee388f) Importer(815301076,1909f56bfc062723c751e8b465ee728b)
Start importing Assets/Low Poly Hexagons/Assets/Prefabs/Combination Examples/Town.prefab using Guid(97a674fe99515b7419d2e12a90ee388f) Importer(815301076,1909f56bfc062723c751e8b465ee728b)  -> (artifact id: 'dff5391b70400054734b3268665960b1') in 0.015948 seconds 
========================================================================
Received Import Request.
  Time since last request: 0.000095 seconds.
  path: Assets/Low Poly Hexagons/Assets/Prefabs/Combination Examples/Crops.prefab
  artifactKey: Guid(e4113aa56a03cf64eba4ae136ef1ac74) Importer(815301076,1909f56bfc062723c751e8b465ee728b)
Start importing Assets/Low Poly Hexagons/Assets/Prefabs/Combination Examples/Crops.prefab using Guid(e4113aa56a03cf64eba4ae136ef1ac74) Importer(815301076,1909f56bfc062723c751e8b465ee728b)  -> (artifact id: '2311aaf7f87cbc8abe79a368590e778c') in 0.015875 seconds 
